Analysis & Synthesis report for Ovelse6
<<<<<<< HEAD
Thu Apr 20 14:18:03 2023
=======
<<<<<<< HEAD
Thu Apr 20 13:25:15 2023
=======
Thu Apr 20 13:32:00 2023
>>>>>>> 63701898cae43ccdadb173b6a1422f505f779818
>>>>>>> 53fffa1cc3b38fe2bc9f142b7026ccbbe49764db
Quartus II 64-Bit Version 13.0.1 Build 232 06/12/2013 Service Pack 1 SJ Web Edition


---------------------
; Table of Contents ;
---------------------
  1. Legal Notice
  2. Analysis & Synthesis Summary
  3. Analysis & Synthesis Settings
  4. Parallel Compilation
  5. Analysis & Synthesis Messages



----------------
; Legal Notice ;
----------------
Copyright (C) 1991-2013 Altera Corporation
Your use of Altera Corporation's design tools, logic functions 
and other software and tools, and its AMPP partner logic 
functions, and any output files from any of the foregoing 
(including device programming or simulation files), and any 
associated documentation or information are expressly subject 
to the terms and conditions of the Altera Program License 
Subscription Agreement, Altera MegaCore Function License 
Agreement, or other applicable license agreement, including, 
without limitation, that your use is for the sole purpose of 
programming logic devices manufactured by Altera and sold by 
Altera or its authorized distributors.  Please refer to the 
applicable agreement for further details.



+--------------------------------------------------------------------------------------+
; Analysis & Synthesis Summary                                                         ;
+------------------------------------+-------------------------------------------------+
<<<<<<< HEAD
; Analysis & Synthesis Status        ; Failed - Thu Apr 20 14:18:03 2023               ;
=======
<<<<<<< HEAD
; Analysis & Synthesis Status        ; Failed - Thu Apr 20 13:25:15 2023               ;
=======
; Analysis & Synthesis Status        ; Successful - Thu Apr 20 13:32:00 2023           ;
>>>>>>> 63701898cae43ccdadb173b6a1422f505f779818
>>>>>>> 53fffa1cc3b38fe2bc9f142b7026ccbbe49764db
; Quartus II 64-Bit Version          ; 13.0.1 Build 232 06/12/2013 SP 1 SJ Web Edition ;
; Revision Name                      ; Ovelse6                                         ;
; Top-level Entity Name              ; one_digit_clock_tester                          ;
; Family                             ; Cyclone II                                      ;
; Total logic elements               ; N/A until Partition Merge                       ;
;     Total combinational functions  ; N/A until Partition Merge                       ;
;     Dedicated logic registers      ; N/A until Partition Merge                       ;
; Total registers                    ; N/A until Partition Merge                       ;
; Total pins                         ; N/A until Partition Merge                       ;
; Total virtual pins                 ; N/A until Partition Merge                       ;
; Total memory bits                  ; N/A until Partition Merge                       ;
; Embedded Multiplier 9-bit elements ; N/A until Partition Merge                       ;
; Total PLLs                         ; N/A until Partition Merge                       ;
+------------------------------------+-------------------------------------------------+


+--------------------------------------------------------------------------------------------------------------------------+
; Analysis & Synthesis Settings                                                                                            ;
+----------------------------------------------------------------------------+------------------------+--------------------+
; Option                                                                     ; Setting                ; Default Value      ;
+----------------------------------------------------------------------------+------------------------+--------------------+
; Device                                                                     ; EP2C35F672C6           ;                    ;
; Top-level entity name                                                      ; one_digit_clock_tester ; Ovelse6            ;
; Family name                                                                ; Cyclone II             ; Cyclone IV GX      ;
; Use smart compilation                                                      ; Off                    ; Off                ;
; Enable parallel Assembler and TimeQuest Timing Analyzer during compilation ; On                     ; On                 ;
; Enable compact report table                                                ; Off                    ; Off                ;
; Restructure Multiplexers                                                   ; Auto                   ; Auto               ;
; Create Debugging Nodes for IP Cores                                        ; Off                    ; Off                ;
; Preserve fewer node names                                                  ; On                     ; On                 ;
; Disable OpenCore Plus hardware evaluation                                  ; Off                    ; Off                ;
; Verilog Version                                                            ; Verilog_2001           ; Verilog_2001       ;
; VHDL Version                                                               ; VHDL_1993              ; VHDL_1993          ;
; State Machine Processing                                                   ; Auto                   ; Auto               ;
; Safe State Machine                                                         ; Off                    ; Off                ;
; Extract Verilog State Machines                                             ; On                     ; On                 ;
; Extract VHDL State Machines                                                ; On                     ; On                 ;
; Ignore Verilog initial constructs                                          ; Off                    ; Off                ;
; Iteration limit for constant Verilog loops                                 ; 5000                   ; 5000               ;
; Iteration limit for non-constant Verilog loops                             ; 250                    ; 250                ;
; Add Pass-Through Logic to Inferred RAMs                                    ; On                     ; On                 ;
; Infer RAMs from Raw Logic                                                  ; On                     ; On                 ;
; Parallel Synthesis                                                         ; On                     ; On                 ;
; DSP Block Balancing                                                        ; Auto                   ; Auto               ;
; NOT Gate Push-Back                                                         ; On                     ; On                 ;
; Power-Up Don't Care                                                        ; On                     ; On                 ;
; Remove Redundant Logic Cells                                               ; Off                    ; Off                ;
; Remove Duplicate Registers                                                 ; On                     ; On                 ;
; Ignore CARRY Buffers                                                       ; Off                    ; Off                ;
; Ignore CASCADE Buffers                                                     ; Off                    ; Off                ;
; Ignore GLOBAL Buffers                                                      ; Off                    ; Off                ;
; Ignore ROW GLOBAL Buffers                                                  ; Off                    ; Off                ;
; Ignore LCELL Buffers                                                       ; Off                    ; Off                ;
; Ignore SOFT Buffers                                                        ; On                     ; On                 ;
; Limit AHDL Integers to 32 Bits                                             ; Off                    ; Off                ;
; Optimization Technique                                                     ; Balanced               ; Balanced           ;
; Carry Chain Length                                                         ; 70                     ; 70                 ;
; Auto Carry Chains                                                          ; On                     ; On                 ;
; Auto Open-Drain Pins                                                       ; On                     ; On                 ;
; Perform WYSIWYG Primitive Resynthesis                                      ; Off                    ; Off                ;
; Auto ROM Replacement                                                       ; On                     ; On                 ;
; Auto RAM Replacement                                                       ; On                     ; On                 ;
; Auto Shift Register Replacement                                            ; Auto                   ; Auto               ;
; Allow Shift Register Merging across Hierarchies                            ; Auto                   ; Auto               ;
; Auto Clock Enable Replacement                                              ; On                     ; On                 ;
; Strict RAM Replacement                                                     ; Off                    ; Off                ;
; Allow Synchronous Control Signals                                          ; On                     ; On                 ;
; Force Use of Synchronous Clear Signals                                     ; Off                    ; Off                ;
; Auto RAM to Logic Cell Conversion                                          ; Off                    ; Off                ;
; Auto Resource Sharing                                                      ; Off                    ; Off                ;
; Allow Any RAM Size For Recognition                                         ; Off                    ; Off                ;
; Allow Any ROM Size For Recognition                                         ; Off                    ; Off                ;
; Allow Any Shift Register Size For Recognition                              ; Off                    ; Off                ;
; Use LogicLock Constraints during Resource Balancing                        ; On                     ; On                 ;
; Ignore translate_off and synthesis_off directives                          ; Off                    ; Off                ;
; Timing-Driven Synthesis                                                    ; Off                    ; Off                ;
; Report Parameter Settings                                                  ; On                     ; On                 ;
; Report Source Assignments                                                  ; On                     ; On                 ;
; Report Connectivity Checks                                                 ; On                     ; On                 ;
; Ignore Maximum Fan-Out Assignments                                         ; Off                    ; Off                ;
; Synchronization Register Chain Length                                      ; 2                      ; 2                  ;
; PowerPlay Power Optimization                                               ; Normal compilation     ; Normal compilation ;
; HDL message level                                                          ; Level2                 ; Level2             ;
; Suppress Register Optimization Related Messages                            ; Off                    ; Off                ;
; Number of Removed Registers Reported in Synthesis Report                   ; 5000                   ; 5000               ;
; Number of Swept Nodes Reported in Synthesis Report                         ; 5000                   ; 5000               ;
; Number of Inverted Registers Reported in Synthesis Report                  ; 100                    ; 100                ;
; Clock MUX Protection                                                       ; On                     ; On                 ;
; Auto Gated Clock Conversion                                                ; Off                    ; Off                ;
; Block Design Naming                                                        ; Auto                   ; Auto               ;
; SDC constraint protection                                                  ; Off                    ; Off                ;
; Synthesis Effort                                                           ; Auto                   ; Auto               ;
; Shift Register Replacement - Allow Asynchronous Clear Signal               ; On                     ; On                 ;
; Pre-Mapping Resynthesis Optimization                                       ; Off                    ; Off                ;
; Analysis & Synthesis Message Level                                         ; Medium                 ; Medium             ;
; Disable Register Merging Across Hierarchies                                ; Auto                   ; Auto               ;
; Resource Aware Inference For Block RAM                                     ; On                     ; On                 ;
; Synthesis Seed                                                             ; 1                      ; 1                  ;
+----------------------------------------------------------------------------+------------------------+--------------------+


Parallel compilation was disabled, but you have multiple processors available. Enable parallel compilation to reduce compilation time.
+-------------------------------------+
; Parallel Compilation                ;
+----------------------------+--------+
; Processors                 ; Number ;
+----------------------------+--------+
; Number detected on machine ; 20     ;
; Maximum allowed            ; 1      ;
+----------------------------+--------+


<<<<<<< HEAD
=======
<<<<<<< HEAD
=======
+--------------------------------------------------------------------------------------------------------------------------------------------------------------------------------+
; Analysis & Synthesis Source Files Read                                                                                                                                         ;
+----------------------------------+-----------------+-----------------+-----------------------------------------------------------------------------------------------+---------+
; File Name with User-Entered Path ; Used in Netlist ; File Type       ; File Name with Absolute Path                                                                  ; Library ;
+----------------------------------+-----------------+-----------------+-----------------------------------------------------------------------------------------------+---------+
; bin_to_7_seg.vhd                 ; yes             ; User VHDL File  ; C:/Users/olive/Nextcloud/Seagate Hub/Libraries/Skole/DSD/DSD/Ovelse6/bin_to_7_seg.vhd         ;         ;
; multi_counter.vhd                ; yes             ; User VHDL File  ; C:/Users/olive/Nextcloud/Seagate Hub/Libraries/Skole/DSD/DSD/Ovelse6/multi_counter.vhd        ;         ;
; multi_counter_tester.vhd         ; yes             ; User VHDL File  ; C:/Users/olive/Nextcloud/Seagate Hub/Libraries/Skole/DSD/DSD/Ovelse6/multi_counter_tester.vhd ;         ;
+----------------------------------+-----------------+-----------------+-----------------------------------------------------------------------------------------------+---------+


+----------------------------------------------------------------------------------+
; Analysis & Synthesis Resource Usage Summary                                      ;
+---------------------------------------------+------------------------------------+
; Resource                                    ; Usage                              ;
+---------------------------------------------+------------------------------------+
; Estimated Total logic elements              ; 16                                 ;
;                                             ;                                    ;
; Total combinational functions               ; 16                                 ;
; Logic element usage by number of LUT inputs ;                                    ;
;     -- 4 input functions                    ; 12                                 ;
;     -- 3 input functions                    ; 3                                  ;
;     -- <=2 input functions                  ; 1                                  ;
;                                             ;                                    ;
; Logic elements by mode                      ;                                    ;
;     -- normal mode                          ; 16                                 ;
;     -- arithmetic mode                      ; 0                                  ;
;                                             ;                                    ;
; Total registers                             ; 5                                  ;
;     -- Dedicated logic registers            ; 5                                  ;
;     -- I/O registers                        ; 0                                  ;
;                                             ;                                    ;
; I/O pins                                    ; 14                                 ;
; Embedded Multiplier 9-bit elements          ; 0                                  ;
; Maximum fan-out node                        ; multi_counter:counter|count_alt[0] ;
; Maximum fan-out                             ; 13                                 ;
; Total fan-out                               ; 82                                 ;
; Average fan-out                             ; 2.34                               ;
+---------------------------------------------+------------------------------------+


+-----------------------------------------------------------------------------------------------------------------------------------------------------------------------------------------------------+
; Analysis & Synthesis Resource Utilization by Entity                                                                                                                                                 ;
+----------------------------+-------------------+--------------+-------------+--------------+---------+-----------+------+--------------+---------------------------------------------+--------------+
; Compilation Hierarchy Node ; LC Combinationals ; LC Registers ; Memory Bits ; DSP Elements ; DSP 9x9 ; DSP 18x18 ; Pins ; Virtual Pins ; Full Hierarchy Name                         ; Library Name ;
+----------------------------+-------------------+--------------+-------------+--------------+---------+-----------+------+--------------+---------------------------------------------+--------------+
; |multi_counter_tester      ; 16 (0)            ; 5 (0)        ; 0           ; 0            ; 0       ; 0         ; 14   ; 0            ; |multi_counter_tester                       ; work         ;
;    |bin_to_7_seg:hex|      ; 7 (7)             ; 0 (0)        ; 0           ; 0            ; 0       ; 0         ; 0    ; 0            ; |multi_counter_tester|bin_to_7_seg:hex      ; work         ;
;    |multi_counter:counter| ; 9 (9)             ; 5 (5)        ; 0           ; 0            ; 0       ; 0         ; 0    ; 0            ; |multi_counter_tester|multi_counter:counter ; work         ;
+----------------------------+-------------------+--------------+-------------+--------------+---------+-----------+------+--------------+---------------------------------------------+--------------+
Note: For table entries with two numbers listed, the numbers in parentheses indicate the number of resources of the given type used by the specific entity alone. The numbers listed outside of parentheses indicate the total resources of the given type used by the specific entity and all of its sub-entities in the hierarchy.


+------------------------------------------------------+
; General Register Statistics                          ;
+----------------------------------------------+-------+
; Statistic                                    ; Value ;
+----------------------------------------------+-------+
; Total registers                              ; 5     ;
; Number of registers using Synchronous Clear  ; 0     ;
; Number of registers using Synchronous Load   ; 0     ;
; Number of registers using Asynchronous Clear ; 5     ;
; Number of registers using Asynchronous Load  ; 0     ;
; Number of registers using Clock Enable       ; 0     ;
; Number of registers using Preset             ; 0     ;
+----------------------------------------------+-------+


+------------------------------------------------------------------------------------------------------------------------------------------------------------------------+
; Multiplexer Restructuring Statistics (Restructuring Performed)                                                                                                         ;
+--------------------+-----------+---------------+----------------------+------------------------+------------+----------------------------------------------------------+
; Multiplexer Inputs ; Bus Width ; Baseline Area ; Area if Restructured ; Saving if Restructured ; Registered ; Example Multiplexer Output                               ;
+--------------------+-----------+---------------+----------------------+------------------------+------------+----------------------------------------------------------+
; 4:1                ; 4 bits    ; 8 LEs         ; 4 LEs                ; 4 LEs                  ; Yes        ; |multi_counter_tester|multi_counter:counter|count_alt[3] ;
+--------------------+-----------+---------------+----------------------+------------------------+------------+----------------------------------------------------------+


+---------------------------------------------------+
; Port Connectivity Checks: "multi_counter:counter" ;
+-------+-------+----------+------------------------+
; Port  ; Type  ; Severity ; Details                ;
+-------+-------+----------+------------------------+
; clken ; Input ; Info     ; Stuck at VCC           ;
+-------+-------+----------+------------------------+


+-------------------------------+
; Elapsed Time Per Partition    ;
+----------------+--------------+
; Partition Name ; Elapsed Time ;
+----------------+--------------+
; Top            ; 00:00:00     ;
+----------------+--------------+


>>>>>>> 63701898cae43ccdadb173b6a1422f505f779818
>>>>>>> 53fffa1cc3b38fe2bc9f142b7026ccbbe49764db
+-------------------------------+
; Analysis & Synthesis Messages ;
+-------------------------------+
Info: *******************************************************************
Info: Running Quartus II 64-Bit Analysis & Synthesis
    Info: Version 13.0.1 Build 232 06/12/2013 Service Pack 1 SJ Web Edition
<<<<<<< HEAD
    Info: Processing started: Thu Apr 20 14:18:02 2023
=======
<<<<<<< HEAD
    Info: Processing started: Thu Apr 20 13:25:14 2023
=======
    Info: Processing started: Thu Apr 20 13:31:59 2023
>>>>>>> 63701898cae43ccdadb173b6a1422f505f779818
>>>>>>> 53fffa1cc3b38fe2bc9f142b7026ccbbe49764db
Info: Command: quartus_map --read_settings_files=on --write_settings_files=off Ovelse6 -c Ovelse6
Warning (20028): Parallel compilation is not licensed and has been disabled
Info (12021): Found 2 design units, including 1 entities, in source file bin_to_7_seg.vhd
    Info (12022): Found design unit 1: bin_to_7_seg-bin_to_7_seg_impl
    Info (12023): Found entity 1: bin_to_7_seg
Info (12021): Found 2 design units, including 1 entities, in source file multi_counter.vhd
    Info (12022): Found design unit 1: multi_counter-multi_counter_impl
    Info (12023): Found entity 1: multi_counter
Info (12021): Found 2 design units, including 1 entities, in source file multi_counter_tester.vhd
    Info (12022): Found design unit 1: multi_counter_tester-multi_counter_tester_impl
    Info (12023): Found entity 1: multi_counter_tester
<<<<<<< HEAD
Error (10500): VHDL syntax error at clock_gen.vhd(39) near text "clock_gen_impl";  expecting "process" File: C:/Users/olive/Nextcloud/Seagate Hub/Libraries/Skole/DSD/DSD/Ovelse6/clock_gen.vhd Line: 39
Info (12021): Found 0 design units, including 0 entities, in source file clock_gen.vhd
Error (10500): VHDL syntax error at one_digit_clock_tester.vhd(11) near text ")";  expecting an identifier, or "constant", or "file", or "signal", or "variable" File: C:/Users/olive/Nextcloud/Seagate Hub/Libraries/Skole/DSD/DSD/Ovelse6/one_digit_clock_tester.vhd Line: 11
Error (10500): VHDL syntax error at one_digit_clock_tester.vhd(16) near text "begin";  expecting an identifier ("begin" is a reserved keyword), or "constant", or "file", or "signal", or "variable" File: C:/Users/olive/Nextcloud/Seagate Hub/Libraries/Skole/DSD/DSD/Ovelse6/one_digit_clock_tester.vhd Line: 16
Info (12021): Found 0 design units, including 0 entities, in source file one_digit_clock_tester.vhd
Error: Quartus II 64-Bit Analysis & Synthesis was unsuccessful. 3 errors, 1 warning
    Error: Peak virtual memory: 4630 megabytes
    Error: Processing ended: Thu Apr 20 14:18:03 2023
    Error: Elapsed time: 00:00:01
    Error: Total CPU time (on all processors): 00:00:00
=======
<<<<<<< HEAD
Error (10327): VHDL error at multi_counter.vhd(32): can't determine definition of operator ""+"" -- found 0 possible definitions File: C:/Gitte/DSD/Ovelse6/multi_counter.vhd Line: 32
Error: Quartus II 64-Bit Analysis & Synthesis was unsuccessful. 1 error, 1 warning
    Error: Peak virtual memory: 4620 megabytes
    Error: Processing ended: Thu Apr 20 13:25:15 2023
    Error: Elapsed time: 00:00:01
    Error: Total CPU time (on all processors): 00:00:01
=======
Info (12127): Elaborating entity "multi_counter_tester" for the top level hierarchy
Info (12128): Elaborating entity "multi_counter" for hierarchy "multi_counter:counter"
Warning (10492): VHDL Process Statement warning at multi_counter.vhd(52): signal "count_alt" is read inside the Process Statement but isn't in the Process Statement's sensitivity list
Info (12128): Elaborating entity "bin_to_7_seg" for hierarchy "bin_to_7_seg:hex"
Info (16010): Generating hard_block partition "hard_block:auto_generated_inst"
    Info (16011): Adding 0 node(s), including 0 DDIO, 0 PLL, 0 transceiver and 0 LCELL
Warning (21074): Design contains 2 input pin(s) that do not drive logic
    Warning (15610): No output dependent on input pin "KEY[1]"
    Warning (15610): No output dependent on input pin "KEY[2]"
Info (21057): Implemented 31 device resources after synthesis - the final resource count might be different
    Info (21058): Implemented 6 input pins
    Info (21059): Implemented 8 output pins
    Info (21061): Implemented 17 logic cells
Info: Quartus II 64-Bit Analysis & Synthesis was successful. 0 errors, 5 warnings
    Info: Peak virtual memory: 4641 megabytes
    Info: Processing ended: Thu Apr 20 13:32:00 2023
    Info: Elapsed time: 00:00:01
    Info: Total CPU time (on all processors): 00:00:00
>>>>>>> 63701898cae43ccdadb173b6a1422f505f779818
>>>>>>> 53fffa1cc3b38fe2bc9f142b7026ccbbe49764db


