Flow report for Ovelse6
<<<<<<< HEAD
Mon Apr 24 10:34:11 2023
=======
Mon Apr 24 10:30:28 2023
>>>>>>> f4b6b8dd97b1ac6d52338002dc03a381b8d16bc8
Quartus II 64-Bit Version 13.0.1 Build 232 06/12/2013 Service Pack 1 SJ Web Edition


---------------------
; Table of Contents ;
---------------------
  1. Legal Notice
  2. Flow Summary
  3. Flow Settings
  4. Flow Non-Default Global Settings
  5. Flow Elapsed Time
  6. Flow OS Summary
  7. Flow Log
  8. Flow Messages
  9. Flow Suppressed Messages



----------------
; Legal Notice ;
----------------
Copyright (C) 1991-2013 Altera Corporation
Your use of Altera Corporation's design tools, logic functions 
and other software and tools, and its AMPP partner logic 
functions, and any output files from any of the foregoing 
(including device programming or simulation files), and any 
associated documentation or information are expressly subject 
to the terms and conditions of the Altera Program License 
Subscription Agreement, Altera MegaCore Function License 
Agreement, or other applicable license agreement, including, 
without limitation, that your use is for the sole purpose of 
programming logic devices manufactured by Altera and sold by 
Altera or its authorized distributors.  Please refer to the 
applicable agreement for further details.



+--------------------------------------------------------------------------------------+
; Flow Summary                                                                         ;
+------------------------------------+-------------------------------------------------+
<<<<<<< HEAD
; Flow Status                        ; Successful - Mon Apr 24 10:34:11 2023           ;
; Quartus II 64-Bit Version          ; 13.0.1 Build 232 06/12/2013 SP 1 SJ Web Edition ;
; Revision Name                      ; Ovelse6                                         ;
; Top-level Entity Name              ; multi_counter                                   ;
; Family                             ; Cyclone II                                      ;
; Device                             ; EP2C35F672C6                                    ;
; Timing Models                      ; Final                                           ;
; Total logic elements               ; 8 / 33,216 ( < 1 % )                            ;
;     Total combinational functions  ; 8 / 33,216 ( < 1 % )                            ;
;     Dedicated logic registers      ; 5 / 33,216 ( < 1 % )                            ;
; Total registers                    ; 5                                               ;
; Total pins                         ; 10 / 475 ( 2 % )                                ;
=======
; Flow Status                        ; Successful - Mon Apr 24 10:30:27 2023           ;
; Quartus II 64-Bit Version          ; 13.0.1 Build 232 06/12/2013 SP 1 SJ Web Edition ;
; Revision Name                      ; Ovelse6                                         ;
; Top-level Entity Name              ; alarm_watch_tester                              ;
; Family                             ; Cyclone II                                      ;
; Device                             ; EP2C35F672C6                                    ;
; Timing Models                      ; Final                                           ;
; Total logic elements               ; 229                                             ;
;     Total combinational functions  ; 229                                             ;
;     Dedicated logic registers      ; 62                                              ;
; Total registers                    ; 62                                              ;
; Total pins                         ; 64                                              ;
>>>>>>> f4b6b8dd97b1ac6d52338002dc03a381b8d16bc8
; Total virtual pins                 ; 0                                               ;
; Total memory bits                  ; 0                                               ;
; Embedded Multiplier 9-bit elements ; 0                                               ;
; Total PLLs                         ; 0                                               ;
+------------------------------------+-------------------------------------------------+


+-----------------------------------------+
; Flow Settings                           ;
+-------------------+---------------------+
; Option            ; Setting             ;
+-------------------+---------------------+
<<<<<<< HEAD
; Start date & time ; 04/24/2023 10:30:14 ;
=======
; Start date & time ; 04/24/2023 10:30:26 ;
>>>>>>> f4b6b8dd97b1ac6d52338002dc03a381b8d16bc8
; Main task         ; Compilation         ;
; Revision Name     ; Ovelse6             ;
+-------------------+---------------------+


<<<<<<< HEAD
+------------------------------------------------------------------------------------------------------------------------+
; Flow Non-Default Global Settings                                                                                       ;
+-------------------------------------+---------------------------------+---------------+---------------+----------------+
; Assignment Name                     ; Value                           ; Default Value ; Entity Name   ; Section Id     ;
+-------------------------------------+---------------------------------+---------------+---------------+----------------+
; COMPILER_SIGNATURE_ID               ; 145862428432652.168232501409636 ; --            ; --            ; --             ;
; EDA_GENERATE_FUNCTIONAL_NETLIST     ; On                              ; --            ; --            ; eda_simulation ;
; EDA_OUTPUT_DATA_FORMAT              ; Verilog Hdl                     ; --            ; --            ; eda_simulation ;
; EDA_SIMULATION_TOOL                 ; ModelSim-Altera (Verilog)       ; <None>        ; --            ; --             ;
; MAX_CORE_JUNCTION_TEMP              ; 85                              ; --            ; --            ; --             ;
; MIN_CORE_JUNCTION_TEMP              ; 0                               ; --            ; --            ; --             ;
; PARTITION_COLOR                     ; 16764057                        ; --            ; multi_counter ; Top            ;
; PARTITION_FITTER_PRESERVATION_LEVEL ; PLACEMENT_AND_ROUTING           ; --            ; multi_counter ; Top            ;
; PARTITION_NETLIST_TYPE              ; SOURCE                          ; --            ; multi_counter ; Top            ;
; PROJECT_OUTPUT_DIRECTORY            ; output_files                    ; --            ; --            ; --             ;
; TOP_LEVEL_ENTITY                    ; multi_counter                   ; Ovelse6       ; --            ; --             ;
+-------------------------------------+---------------------------------+---------------+---------------+----------------+


+-------------------------------------------------------------------------------------------------------------------------------+
; Flow Elapsed Time                                                                                                             ;
+---------------------------+--------------+-------------------------+---------------------+------------------------------------+
; Module Name               ; Elapsed Time ; Average Processors Used ; Peak Virtual Memory ; Total CPU Time (on all processors) ;
+---------------------------+--------------+-------------------------+---------------------+------------------------------------+
; Analysis & Synthesis      ; 00:00:02     ; 1.0                     ; 4626 MB             ; 00:00:01                           ;
; Fitter                    ; 00:00:06     ; 1.0                     ; 4873 MB             ; 00:00:05                           ;
; Assembler                 ; 00:00:02     ; 1.0                     ; 4560 MB             ; 00:00:02                           ;
; TimeQuest Timing Analyzer ; 00:00:01     ; 1.0                     ; 4534 MB             ; 00:00:01                           ;
; EDA Netlist Writer        ; 00:00:00     ; 1.0                     ; 4507 MB             ; 00:00:00                           ;
; EDA Netlist Writer        ; 00:00:00     ; 1.0                     ; 4514 MB             ; 00:00:01                           ;
; EDA Netlist Writer        ; 00:00:00     ; 1.0                     ; 4514 MB             ; 00:00:01                           ;
; EDA Netlist Writer        ; 00:00:01     ; 1.0                     ; 4514 MB             ; 00:00:01                           ;
; EDA Netlist Writer        ; 00:00:01     ; 1.0                     ; 4514 MB             ; 00:00:01                           ;
; EDA Netlist Writer        ; 00:00:01     ; 1.0                     ; 4514 MB             ; 00:00:01                           ;
; EDA Netlist Writer        ; 00:00:01     ; 1.0                     ; 4514 MB             ; 00:00:01                           ;
; Total                     ; 00:00:15     ; --                      ; --                  ; 00:00:15                           ;
+---------------------------+--------------+-------------------------+---------------------+------------------------------------+


+----------------------------------------------------------------------------------------+
; Flow OS Summary                                                                        ;
+---------------------------+------------------+-----------+------------+----------------+
; Module Name               ; Machine Hostname ; OS Name   ; OS Version ; Processor type ;
+---------------------------+------------------+-----------+------------+----------------+
; Analysis & Synthesis      ; MTSW             ; Windows 7 ; 6.2        ; x86_64         ;
; Fitter                    ; MTSW             ; Windows 7 ; 6.2        ; x86_64         ;
; Assembler                 ; MTSW             ; Windows 7 ; 6.2        ; x86_64         ;
; TimeQuest Timing Analyzer ; MTSW             ; Windows 7 ; 6.2        ; x86_64         ;
; EDA Netlist Writer        ; MTSW             ; Windows 7 ; 6.2        ; x86_64         ;
; EDA Netlist Writer        ; MTSW             ; Windows 7 ; 6.2        ; x86_64         ;
; EDA Netlist Writer        ; MTSW             ; Windows 7 ; 6.2        ; x86_64         ;
; EDA Netlist Writer        ; MTSW             ; Windows 7 ; 6.2        ; x86_64         ;
; EDA Netlist Writer        ; MTSW             ; Windows 7 ; 6.2        ; x86_64         ;
; EDA Netlist Writer        ; MTSW             ; Windows 7 ; 6.2        ; x86_64         ;
; EDA Netlist Writer        ; MTSW             ; Windows 7 ; 6.2        ; x86_64         ;
+---------------------------+------------------+-----------+------------+----------------+
=======
+-----------------------------------------------------------------------------------------------------------------------+
; Flow Non-Default Global Settings                                                                                      ;
+-------------------------------------+-------------------------------+---------------+--------------------+------------+
; Assignment Name                     ; Value                         ; Default Value ; Entity Name        ; Section Id ;
+-------------------------------------+-------------------------------+---------------+--------------------+------------+
; COMPILER_SIGNATURE_ID               ; 5288375304200.168232502606244 ; --            ; --                 ; --         ;
; MAX_CORE_JUNCTION_TEMP              ; 85                            ; --            ; --                 ; --         ;
; MIN_CORE_JUNCTION_TEMP              ; 0                             ; --            ; --                 ; --         ;
; PARTITION_COLOR                     ; 16764057                      ; --            ; alarm_watch_tester ; Top        ;
; PARTITION_FITTER_PRESERVATION_LEVEL ; PLACEMENT_AND_ROUTING         ; --            ; alarm_watch_tester ; Top        ;
; PARTITION_NETLIST_TYPE              ; SOURCE                        ; --            ; alarm_watch_tester ; Top        ;
; PROJECT_OUTPUT_DIRECTORY            ; output_files                  ; --            ; --                 ; --         ;
; TOP_LEVEL_ENTITY                    ; alarm_watch_tester            ; Ovelse6       ; --                 ; --         ;
+-------------------------------------+-------------------------------+---------------+--------------------+------------+


+--------------------------------------------------------------------------------------------------------------------------+
; Flow Elapsed Time                                                                                                        ;
+----------------------+--------------+-------------------------+---------------------+------------------------------------+
; Module Name          ; Elapsed Time ; Average Processors Used ; Peak Virtual Memory ; Total CPU Time (on all processors) ;
+----------------------+--------------+-------------------------+---------------------+------------------------------------+
; Analysis & Synthesis ; 00:00:02     ; 1.0                     ; 4644 MB             ; 00:00:00                           ;
; Total                ; 00:00:02     ; --                      ; --                  ; 00:00:00                           ;
+----------------------+--------------+-------------------------+---------------------+------------------------------------+


+-----------------------------------------------------------------------------------+
; Flow OS Summary                                                                   ;
+----------------------+------------------+-----------+------------+----------------+
; Module Name          ; Machine Hostname ; OS Name   ; OS Version ; Processor type ;
+----------------------+------------------+-----------+------------+----------------+
; Analysis & Synthesis ; Oliver-XPS       ; Windows 7 ; 6.2        ; x86_64         ;
+----------------------+------------------+-----------+------------+----------------+
>>>>>>> f4b6b8dd97b1ac6d52338002dc03a381b8d16bc8


------------
; Flow Log ;
------------
quartus_map --read_settings_files=on --write_settings_files=off Ovelse6 -c Ovelse6
<<<<<<< HEAD
quartus_fit --read_settings_files=off --write_settings_files=off Ovelse6 -c Ovelse6
quartus_asm --read_settings_files=off --write_settings_files=off Ovelse6 -c Ovelse6
quartus_sta Ovelse6 -c Ovelse6
quartus_eda --read_settings_files=off --write_settings_files=off Ovelse6 -c Ovelse6
quartus_eda --gen_testbench --check_outputs=on --tool=modelsim_oem --format=verilog Ovelse6 -c Ovelse6 --vector_source=C:/Gitte/DSD/Ovelse6/funkySim.vwf --testbench_file=./simulation/qsim/Ovelse6.vt
quartus_eda --functional=on --simulation=on --tool=modelsim_oem --format=verilog Ovelse6 -c Ovelse6
quartus_eda --gen_testbench --check_outputs=on --tool=modelsim_oem --format=verilog Ovelse6 -c Ovelse6 --vector_source=C:/Gitte/DSD/Ovelse6/funkySim.vwf --testbench_file=./simulation/qsim/Ovelse6.vt
quartus_eda --functional=on --simulation=on --tool=modelsim_oem --format=verilog Ovelse6 -c Ovelse6
quartus_eda --gen_testbench --check_outputs=on --tool=modelsim_oem --format=verilog Ovelse6 -c Ovelse6 --vector_source=C:/Gitte/DSD/Ovelse6/funkySim.vwf --testbench_file=./simulation/qsim/Ovelse6.vt
quartus_eda --functional=on --simulation=on --tool=modelsim_oem --format=verilog Ovelse6 -c Ovelse6
=======
>>>>>>> f4b6b8dd97b1ac6d52338002dc03a381b8d16bc8



