Analysis & Synthesis report for binToHex
Mon Apr 24 12:51:21 2023
Quartus II 64-Bit Version 13.0.1 Build 232 06/12/2013 Service Pack 1 SJ Web Edition


---------------------
; Table of Contents ;
---------------------
  1. Legal Notice
  2. Analysis & Synthesis Summary
  3. Analysis & Synthesis Settings
  4. Parallel Compilation
  5. Analysis & Synthesis Source Files Read
  6. Analysis & Synthesis Resource Usage Summary
  7. Analysis & Synthesis Resource Utilization by Entity
  8. User-Specified and Inferred Latches
  9. General Register Statistics
 10. Elapsed Time Per Partition
 11. Analysis & Synthesis Messages



----------------
; Legal Notice ;
----------------
Copyright (C) 1991-2013 Altera Corporation
Your use of Altera Corporation's design tools, logic functions 
and other software and tools, and its AMPP partner logic 
functions, and any output files from any of the foregoing 
(including device programming or simulation files), and any 
associated documentation or information are expressly subject 
to the terms and conditions of the Altera Program License 
Subscription Agreement, Altera MegaCore Function License 
Agreement, or other applicable license agreement, including, 
without limitation, that your use is for the sole purpose of 
programming logic devices manufactured by Altera and sold by 
Altera or its authorized distributors.  Please refer to the 
applicable agreement for further details.



+--------------------------------------------------------------------------------------+
; Analysis & Synthesis Summary                                                         ;
+------------------------------------+-------------------------------------------------+
; Analysis & Synthesis Status        ; Successful - Mon Apr 24 12:51:21 2023           ;
; Quartus II 64-Bit Version          ; 13.0.1 Build 232 06/12/2013 SP 1 SJ Web Edition ;
; Revision Name                      ; binToHex                                        ;
; Top-level Entity Name              ; guess_game_tester                               ;
; Family                             ; Cyclone II                                      ;
; Total logic elements               ; 38                                              ;
;     Total combinational functions  ; 38                                              ;
;     Dedicated logic registers      ; 0                                               ;
; Total registers                    ; 0                                               ;
; Total pins                         ; 25                                              ;
; Total virtual pins                 ; 0                                               ;
; Total memory bits                  ; 0                                               ;
; Embedded Multiplier 9-bit elements ; 0                                               ;
; Total PLLs                         ; 0                                               ;
+------------------------------------+-------------------------------------------------+


+----------------------------------------------------------------------------------------------------------------------+
; Analysis & Synthesis Settings                                                                                        ;
+----------------------------------------------------------------------------+--------------------+--------------------+
; Option                                                                     ; Setting            ; Default Value      ;
+----------------------------------------------------------------------------+--------------------+--------------------+
; Device                                                                     ; EP2C35F672C6       ;                    ;
; Top-level entity name                                                      ; guess_game_tester  ; binToHex           ;
; Family name                                                                ; Cyclone II         ; Cyclone IV GX      ;
; Use smart compilation                                                      ; Off                ; Off                ;
; Enable parallel Assembler and TimeQuest Timing Analyzer during compilation ; On                 ; On                 ;
; Enable compact report table                                                ; Off                ; Off                ;
; Restructure Multiplexers                                                   ; Auto               ; Auto               ;
; Create Debugging Nodes for IP Cores                                        ; Off                ; Off                ;
; Preserve fewer node names                                                  ; On                 ; On                 ;
; Disable OpenCore Plus hardware evaluation                                  ; Off                ; Off                ;
; Verilog Version                                                            ; Verilog_2001       ; Verilog_2001       ;
; VHDL Version                                                               ; VHDL_1993          ; VHDL_1993          ;
; State Machine Processing                                                   ; Auto               ; Auto               ;
; Safe State Machine                                                         ; Off                ; Off                ;
; Extract Verilog State Machines                                             ; On                 ; On                 ;
; Extract VHDL State Machines                                                ; On                 ; On                 ;
; Ignore Verilog initial constructs                                          ; Off                ; Off                ;
; Iteration limit for constant Verilog loops                                 ; 5000               ; 5000               ;
; Iteration limit for non-constant Verilog loops                             ; 250                ; 250                ;
; Add Pass-Through Logic to Inferred RAMs                                    ; On                 ; On                 ;
; Infer RAMs from Raw Logic                                                  ; On                 ; On                 ;
; Parallel Synthesis                                                         ; On                 ; On                 ;
; DSP Block Balancing                                                        ; Auto               ; Auto               ;
; NOT Gate Push-Back                                                         ; On                 ; On                 ;
; Power-Up Don't Care                                                        ; On                 ; On                 ;
; Remove Redundant Logic Cells                                               ; Off                ; Off                ;
; Remove Duplicate Registers                                                 ; On                 ; On                 ;
; Ignore CARRY Buffers                                                       ; Off                ; Off                ;
; Ignore CASCADE Buffers                                                     ; Off                ; Off                ;
; Ignore GLOBAL Buffers                                                      ; Off                ; Off                ;
; Ignore ROW GLOBAL Buffers                                                  ; Off                ; Off                ;
; Ignore LCELL Buffers                                                       ; Off                ; Off                ;
; Ignore SOFT Buffers                                                        ; On                 ; On                 ;
; Limit AHDL Integers to 32 Bits                                             ; Off                ; Off                ;
; Optimization Technique                                                     ; Balanced           ; Balanced           ;
; Carry Chain Length                                                         ; 70                 ; 70                 ;
; Auto Carry Chains                                                          ; On                 ; On                 ;
; Auto Open-Drain Pins                                                       ; On                 ; On                 ;
; Perform WYSIWYG Primitive Resynthesis                                      ; Off                ; Off                ;
; Auto ROM Replacement                                                       ; On                 ; On                 ;
; Auto RAM Replacement                                                       ; On                 ; On                 ;
; Auto Shift Register Replacement                                            ; Auto               ; Auto               ;
; Allow Shift Register Merging across Hierarchies                            ; Auto               ; Auto               ;
; Auto Clock Enable Replacement                                              ; On                 ; On                 ;
; Strict RAM Replacement                                                     ; Off                ; Off                ;
; Allow Synchronous Control Signals                                          ; On                 ; On                 ;
; Force Use of Synchronous Clear Signals                                     ; Off                ; Off                ;
; Auto RAM to Logic Cell Conversion                                          ; Off                ; Off                ;
; Auto Resource Sharing                                                      ; Off                ; Off                ;
; Allow Any RAM Size For Recognition                                         ; Off                ; Off                ;
; Allow Any ROM Size For Recognition                                         ; Off                ; Off                ;
; Allow Any Shift Register Size For Recognition                              ; Off                ; Off                ;
; Use LogicLock Constraints during Resource Balancing                        ; On                 ; On                 ;
; Ignore translate_off and synthesis_off directives                          ; Off                ; Off                ;
; Timing-Driven Synthesis                                                    ; Off                ; Off                ;
; Report Parameter Settings                                                  ; On                 ; On                 ;
; Report Source Assignments                                                  ; On                 ; On                 ;
; Report Connectivity Checks                                                 ; On                 ; On                 ;
; Ignore Maximum Fan-Out Assignments                                         ; Off                ; Off                ;
; Synchronization Register Chain Length                                      ; 2                  ; 2                  ;
; PowerPlay Power Optimization                                               ; Normal compilation ; Normal compilation ;
; HDL message level                                                          ; Level2             ; Level2             ;
; Suppress Register Optimization Related Messages                            ; Off                ; Off                ;
; Number of Removed Registers Reported in Synthesis Report                   ; 5000               ; 5000               ;
; Number of Swept Nodes Reported in Synthesis Report                         ; 5000               ; 5000               ;
; Number of Inverted Registers Reported in Synthesis Report                  ; 100                ; 100                ;
; Clock MUX Protection                                                       ; On                 ; On                 ;
; Auto Gated Clock Conversion                                                ; Off                ; Off                ;
; Block Design Naming                                                        ; Auto               ; Auto               ;
; SDC constraint protection                                                  ; Off                ; Off                ;
; Synthesis Effort                                                           ; Auto               ; Auto               ;
; Shift Register Replacement - Allow Asynchronous Clear Signal               ; On                 ; On                 ;
; Pre-Mapping Resynthesis Optimization                                       ; Off                ; Off                ;
; Analysis & Synthesis Message Level                                         ; Medium             ; Medium             ;
; Disable Register Merging Across Hierarchies                                ; Auto               ; Auto               ;
; Resource Aware Inference For Block RAM                                     ; On                 ; On                 ;
; Synthesis Seed                                                             ; 1                  ; 1                  ;
+----------------------------------------------------------------------------+--------------------+--------------------+


Parallel compilation was disabled, but you have multiple processors available. Enable parallel compilation to reduce compilation time.
+-------------------------------------+
; Parallel Compilation                ;
+----------------------------+--------+
; Processors                 ; Number ;
+----------------------------+--------+
; Number detected on machine ; 20     ;
; Maximum allowed            ; 1      ;
+----------------------------+--------+


+-----------------------------------------------------------------------------------------------------------------------------------------------------------------------------+
; Analysis & Synthesis Source Files Read                                                                                                                                      ;
+----------------------------------+-----------------+-----------------+--------------------------------------------------------------------------------------------+---------+
; File Name with User-Entered Path ; Used in Netlist ; File Type       ; File Name with Absolute Path                                                               ; Library ;
+----------------------------------+-----------------+-----------------+--------------------------------------------------------------------------------------------+---------+
; mux2.vhd                         ; yes             ; User VHDL File  ; C:/Users/olive/Nextcloud/Seagate Hub/Libraries/Skole/DSD/DSD/Ovelse5/mux2.vhd              ;         ;
; mux1.vhd                         ; yes             ; User VHDL File  ; C:/Users/olive/Nextcloud/Seagate Hub/Libraries/Skole/DSD/DSD/Ovelse5/mux1.vhd              ;         ;
; binToHex_tester.vhd              ; yes             ; User VHDL File  ; C:/Users/olive/Nextcloud/Seagate Hub/Libraries/Skole/DSD/DSD/Ovelse5/binToHex_tester.vhd   ;         ;
; binToHex.vhd                     ; yes             ; User VHDL File  ; C:/Users/olive/Nextcloud/Seagate Hub/Libraries/Skole/DSD/DSD/Ovelse5/binToHex.vhd          ;         ;
; guess_game.vhd                   ; yes             ; User VHDL File  ; C:/Users/olive/Nextcloud/Seagate Hub/Libraries/Skole/DSD/DSD/Ovelse5/guess_game.vhd        ;         ;
; compare_logic.vhd                ; yes             ; User VHDL File  ; C:/Users/olive/Nextcloud/Seagate Hub/Libraries/Skole/DSD/DSD/Ovelse5/compare_logic.vhd     ;         ;
; latch.vhd                        ; yes             ; User VHDL File  ; C:/Users/olive/Nextcloud/Seagate Hub/Libraries/Skole/DSD/DSD/Ovelse5/latch.vhd             ;         ;
; guess_game_tester.vhd            ; yes             ; User VHDL File  ; C:/Users/olive/Nextcloud/Seagate Hub/Libraries/Skole/DSD/DSD/Ovelse5/guess_game_tester.vhd ;         ;
; mylatch.vhd                      ; yes             ; User VHDL File  ; C:/Users/olive/Nextcloud/Seagate Hub/Libraries/Skole/DSD/DSD/Ovelse5/mylatch.vhd           ;         ;
+----------------------------------+-----------------+-----------------+--------------------------------------------------------------------------------------------+---------+


+------------------------------------------------------+
; Analysis & Synthesis Resource Usage Summary          ;
+---------------------------------------------+--------+
; Resource                                    ; Usage  ;
+---------------------------------------------+--------+
; Estimated Total logic elements              ; 38     ;
;                                             ;        ;
; Total combinational functions               ; 38     ;
; Logic element usage by number of LUT inputs ;        ;
;     -- 4 input functions                    ; 6      ;
;     -- 3 input functions                    ; 25     ;
;     -- <=2 input functions                  ; 7      ;
;                                             ;        ;
; Logic elements by mode                      ;        ;
;     -- normal mode                          ; 24     ;
;     -- arithmetic mode                      ; 14     ;
;                                             ;        ;
; Total registers                             ; 0      ;
;     -- Dedicated logic registers            ; 0      ;
;     -- I/O registers                        ; 0      ;
;                                             ;        ;
; I/O pins                                    ; 25     ;
; Embedded Multiplier 9-bit elements          ; 0      ;
; Maximum fan-out node                        ; KEY[0] ;
; Maximum fan-out                             ; 8      ;
; Total fan-out                               ; 125    ;
; Average fan-out                             ; 1.98   ;
+---------------------------------------------+--------+


+-------------------------------------------------------------------------------------------------------------------------------------------------------------------------------------------------------------------------------------------------+
; Analysis & Synthesis Resource Utilization by Entity                                                                                                                                                                                             ;
+------------------------------------------+-------------------+--------------+-------------+--------------+---------+-----------+------+--------------+---------------------------------------------------------------------------+--------------+
; Compilation Hierarchy Node               ; LC Combinationals ; LC Registers ; Memory Bits ; DSP Elements ; DSP 9x9 ; DSP 18x18 ; Pins ; Virtual Pins ; Full Hierarchy Name                                                       ; Library Name ;
+------------------------------------------+-------------------+--------------+-------------+--------------+---------+-----------+------+--------------+---------------------------------------------------------------------------+--------------+
; |guess_game_tester                       ; 38 (0)            ; 0 (0)        ; 0           ; 0            ; 0       ; 0         ; 25   ; 0            ; |guess_game_tester                                                        ; work         ;
;    |guess_game:guess_game|               ; 38 (0)            ; 0 (0)        ; 0           ; 0            ; 0       ; 0         ; 0    ; 0            ; |guess_game_tester|guess_game:guess_game                                  ; work         ;
;       |compare_logic:compare_logic_inst| ; 27 (27)           ; 0 (0)        ; 0           ; 0            ; 0       ; 0         ; 0    ; 0            ; |guess_game_tester|guess_game:guess_game|compare_logic:compare_logic_inst ; work         ;
;       |mux2:mux2|                        ; 3 (3)             ; 0 (0)        ; 0           ; 0            ; 0       ; 0         ; 0    ; 0            ; |guess_game_tester|guess_game:guess_game|mux2:mux2                        ; work         ;
;       |mylatch:latch_inst|               ; 8 (8)             ; 0 (0)        ; 0           ; 0            ; 0       ; 0         ; 0    ; 0            ; |guess_game_tester|guess_game:guess_game|mylatch:latch_inst               ; work         ;
+------------------------------------------+-------------------+--------------+-------------+--------------+---------+-----------+------+--------------+---------------------------------------------------------------------------+--------------+
Note: For table entries with two numbers listed, the numbers in parentheses indicate the number of resources of the given type used by the specific entity alone. The numbers listed outside of parentheses indicate the total resources of the given type used by the specific entity and all of its sub-entities in the hierarchy.


+-----------------------------------------------------------------------------------------------------------------+
; User-Specified and Inferred Latches                                                                             ;
+------------------------------------------------------------------+---------------------+------------------------+
; Latch Name                                                       ; Latch Enable Signal ; Free of Timing Hazards ;
+------------------------------------------------------------------+---------------------+------------------------+
; guess_game:guess_game|compare_logic:compare_logic_inst|result[1] ; GND                 ; yes                    ;
; guess_game:guess_game|compare_logic:compare_logic_inst|result[0] ; GND                 ; yes                    ;
; guess_game:guess_game|mylatch:latch_inst|secret_value[7]         ; KEY[0]              ; yes                    ;
; guess_game:guess_game|mylatch:latch_inst|secret_value[6]         ; KEY[0]              ; yes                    ;
; guess_game:guess_game|mylatch:latch_inst|secret_value[5]         ; KEY[0]              ; yes                    ;
; guess_game:guess_game|mylatch:latch_inst|secret_value[4]         ; KEY[0]              ; yes                    ;
; guess_game:guess_game|mylatch:latch_inst|secret_value[3]         ; KEY[0]              ; yes                    ;
; guess_game:guess_game|mylatch:latch_inst|secret_value[2]         ; KEY[0]              ; yes                    ;
; guess_game:guess_game|mylatch:latch_inst|secret_value[1]         ; KEY[0]              ; yes                    ;
; guess_game:guess_game|mylatch:latch_inst|secret_value[0]         ; KEY[0]              ; yes                    ;
; Number of user-specified and inferred latches = 10               ;                     ;                        ;
+------------------------------------------------------------------+---------------------+------------------------+
Note: All latches listed above may not be present at the end of synthesis due to various synthesis optimizations.


+------------------------------------------------------+
; General Register Statistics                          ;
+----------------------------------------------+-------+
; Statistic                                    ; Value ;
+----------------------------------------------+-------+
; Total registers                              ; 0     ;
; Number of registers using Synchronous Clear  ; 0     ;
; Number of registers using Synchronous Load   ; 0     ;
; Number of registers using Asynchronous Clear ; 0     ;
; Number of registers using Asynchronous Load  ; 0     ;
; Number of registers using Clock Enable       ; 0     ;
; Number of registers using Preset             ; 0     ;
+----------------------------------------------+-------+


+-------------------------------+
; Elapsed Time Per Partition    ;
+----------------+--------------+
; Partition Name ; Elapsed Time ;
+----------------+--------------+
; Top            ; 00:00:00     ;
+----------------+--------------+


+-------------------------------+
; Analysis & Synthesis Messages ;
+-------------------------------+
Info: *******************************************************************
Info: Running Quartus II 64-Bit Analysis & Synthesis
    Info: Version 13.0.1 Build 232 06/12/2013 Service Pack 1 SJ Web Edition
    Info: Processing started: Mon Apr 24 12:51:20 2023
Info: Command: quartus_map --read_settings_files=on --write_settings_files=off Ovelse5 -c binToHex
Warning (20028): Parallel compilation is not licensed and has been disabled
Info (12021): Found 2 design units, including 1 entities, in source file mux2.vhd
    Info (12022): Found design unit 1: mux2-mux2_impl
    Info (12023): Found entity 1: mux2
Info (12021): Found 2 design units, including 1 entities, in source file mux1.vhd
    Info (12022): Found design unit 1: mux1-mux1_impl
    Info (12023): Found entity 1: mux1
Info (12021): Found 2 design units, including 1 entities, in source file bintohex_tester.vhd
    Info (12022): Found design unit 1: bintoHex_tester-bintoHex_tester_impl
    Info (12023): Found entity 1: binToHex_tester
Info (12021): Found 2 design units, including 1 entities, in source file bintohex.vhd
    Info (12022): Found design unit 1: binToHex-binToHex_impl
    Info (12023): Found entity 1: binToHex
Info (12021): Found 2 design units, including 1 entities, in source file guess_game.vhd
    Info (12022): Found design unit 1: guess_game-guess_game_beh
    Info (12023): Found entity 1: guess_game
Info (12021): Found 2 design units, including 1 entities, in source file compare_logic.vhd
    Info (12022): Found design unit 1: compare_logic-compare_logic_impl
    Info (12023): Found entity 1: compare_logic
Warning (12018): Entity "latch" will be ignored because it conflicts with Quartus II primitive name
Info (12021): Found 2 design units, including 1 entities, in source file latch.vhd
    Info (12022): Found design unit 1: latch-latch_impl
Info (12021): Found 2 design units, including 1 entities, in source file guess_game_tester.vhd
    Info (12022): Found design unit 1: guess_game_tester-guess_game_tester_beh
    Info (12023): Found entity 1: guess_game_tester
Info (12021): Found 2 design units, including 1 entities, in source file mylatch.vhd
    Info (12022): Found design unit 1: mylatch-latch_impl
    Info (12023): Found entity 1: mylatch
Info (12127): Elaborating entity "guess_game_tester" for the top level hierarchy
Info (12128): Elaborating entity "guess_game" for hierarchy "guess_game:guess_game"
Info (12128): Elaborating entity "mylatch" for hierarchy "guess_game:guess_game|mylatch:latch_inst"
Info (10041): Inferred latch for "secret_value[0]" at mylatch.vhd(17)
Info (10041): Inferred latch for "secret_value[1]" at mylatch.vhd(17)
Info (10041): Inferred latch for "secret_value[2]" at mylatch.vhd(17)
Info (10041): Inferred latch for "secret_value[3]" at mylatch.vhd(17)
Info (10041): Inferred latch for "secret_value[4]" at mylatch.vhd(17)
Info (10041): Inferred latch for "secret_value[5]" at mylatch.vhd(17)
Info (10041): Inferred latch for "secret_value[6]" at mylatch.vhd(17)
Info (10041): Inferred latch for "secret_value[7]" at mylatch.vhd(17)
Info (12128): Elaborating entity "compare_logic" for hierarchy "guess_game:guess_game|compare_logic:compare_logic_inst"
Warning (10492): VHDL Process Statement warning at compare_logic.vhd(22): signal "try" is read inside the Process Statement but isn't in the Process Statement's sensitivity list
Warning (10631): VHDL Process Statement warning at compare_logic.vhd(20): inferring latch(es) for signal or variable "result", which holds its previous value in one or more paths through the process
Info (10041): Inferred latch for "result[0]" at compare_logic.vhd(20)
Info (10041): Inferred latch for "result[1]" at compare_logic.vhd(20)
Info (12128): Elaborating entity "mux1" for hierarchy "guess_game:guess_game|mux1:mux1_inst"
Info (12128): Elaborating entity "binToHex" for hierarchy "guess_game:guess_game|binToHex:binToHex1"
Info (12128): Elaborating entity "mux2" for hierarchy "guess_game:guess_game|mux2:mux2"
Warning (10036): Verilog HDL or VHDL warning at mux2.vhd(21): object "guess" assigned a value but never read
Warning (10492): VHDL Process Statement warning at mux2.vhd(43): signal "try_btn_state" is read inside the Process Statement but isn't in the Process Statement's sensitivity list
Warning (10620): VHDL warning at mux2.vhd(45): comparison between unequal length operands always returns FALSE
Warning (10620): VHDL warning at mux2.vhd(47): comparison between unequal length operands always returns FALSE
Warning (10620): VHDL warning at mux2.vhd(49): comparison between unequal length operands always returns FALSE
Warning (10620): VHDL warning at mux2.vhd(51): comparison between unequal length operands always returns FALSE
Warning (10492): VHDL Process Statement warning at mux2.vhd(60): signal "hex_out" is read inside the Process Statement but isn't in the Process Statement's sensitivity list
Warning (10492): VHDL Process Statement warning at mux2.vhd(61): signal "hex_out" is read inside the Process Statement but isn't in the Process Statement's sensitivity list
Warning (10631): VHDL Process Statement warning at mux2.vhd(27): inferring latch(es) for signal or variable "guess_var", which holds its previous value in one or more paths through the process
Warning (13024): Output pins are stuck at VCC or GND
    Warning (13410): Pin "HEX6[5]" is stuck at GND
    Warning (13410): Pin "HEX7[5]" is stuck at GND
Info (16010): Generating hard_block partition "hard_block:auto_generated_inst"
    Info (16011): Adding 0 node(s), including 0 DDIO, 0 PLL, 0 transceiver and 0 LCELL
Warning (21074): Design contains 1 input pin(s) that do not drive logic
    Warning (15610): No output dependent on input pin "KEY[1]"
Info (21057): Implemented 63 device resources after synthesis - the final resource count might be different
    Info (21058): Implemented 11 input pins
    Info (21059): Implemented 14 output pins
    Info (21061): Implemented 38 logic cells
Info: Quartus II 64-Bit Analysis & Synthesis was successful. 0 errors, 18 warnings
    Info: Peak virtual memory: 4639 megabytes
    Info: Processing ended: Mon Apr 24 12:51:21 2023
    Info: Elapsed time: 00:00:01
    Info: Total CPU time (on all processors): 00:00:00


