TimeQuest Timing Analyzer report for Ovelse3Multiplication
Mon Mar 20 12:03:14 2023
Quartus II 64-Bit Version 13.0.1 Build 232 06/12/2013 Service Pack 1 SJ Web Edition


---------------------
; Table of Contents ;
---------------------
  1. Legal Notice
  2. TimeQuest Timing Analyzer Summary
  3. Parallel Compilation
  4. Clocks
  5. Slow Model Fmax Summary
  6. Slow Model Setup Summary
  7. Slow Model Hold Summary
  8. Slow Model Recovery Summary
  9. Slow Model Removal Summary
 10. Slow Model Minimum Pulse Width Summary
 11. Propagation Delay
 12. Minimum Propagation Delay
 13. Fast Model Setup Summary
 14. Fast Model Hold Summary
 15. Fast Model Recovery Summary
 16. Fast Model Removal Summary
 17. Fast Model Minimum Pulse Width Summary
 18. Propagation Delay
 19. Minimum Propagation Delay
 20. Multicorner Timing Analysis Summary
 21. Progagation Delay
 22. Minimum Progagation Delay
 23. Clock Transfers
 24. Report TCCS
 25. Report RSKM
 26. Unconstrained Paths
 27. TimeQuest Timing Analyzer Messages



----------------
; Legal Notice ;
----------------
Copyright (C) 1991-2013 Altera Corporation
Your use of Altera Corporation's design tools, logic functions 
and other software and tools, and its AMPP partner logic 
functions, and any output files from any of the foregoing 
(including device programming or simulation files), and any 
associated documentation or information are expressly subject 
to the terms and conditions of the Altera Program License 
Subscription Agreement, Altera MegaCore Function License 
Agreement, or other applicable license agreement, including, 
without limitation, that your use is for the sole purpose of 
programming logic devices manufactured by Altera and sold by 
Altera or its authorized distributors.  Please refer to the 
applicable agreement for further details.



+----------------------------------------------------------------------------------------+
; TimeQuest Timing Analyzer Summary                                                      ;
+--------------------+-------------------------------------------------------------------+
; Quartus II Version ; Version 13.0.1 Build 232 06/12/2013 Service Pack 1 SJ Web Edition ;
; Revision Name      ; Ovelse3Multiplication                                             ;
; Device Family      ; Cyclone II                                                        ;
; Device Name        ; EP2C35F672C6                                                      ;
; Timing Models      ; Final                                                             ;
; Delay Model        ; Combined                                                          ;
; Rise/Fall Delays   ; Unavailable                                                       ;
+--------------------+-------------------------------------------------------------------+


Parallel compilation was disabled, but you have multiple processors available. Enable parallel compilation to reduce compilation time.
+-------------------------------------+
; Parallel Compilation                ;
+----------------------------+--------+
; Processors                 ; Number ;
+----------------------------+--------+
; Number detected on machine ; 4      ;
; Maximum allowed            ; 1      ;
+----------------------------+--------+


----------
; Clocks ;
----------
No clocks to report.


---------------------------
; Slow Model Fmax Summary ;
---------------------------
No paths to report.


----------------------------
; Slow Model Setup Summary ;
----------------------------
No paths to report.


---------------------------
; Slow Model Hold Summary ;
---------------------------
No paths to report.


-------------------------------
; Slow Model Recovery Summary ;
-------------------------------
No paths to report.


------------------------------
; Slow Model Removal Summary ;
------------------------------
No paths to report.


------------------------------------------
; Slow Model Minimum Pulse Width Summary ;
------------------------------------------
No paths to report.


+--------------------------------------------------------------+
; Propagation Delay                                            ;
+------------+-------------+--------+--------+--------+--------+
; Input Port ; Output Port ; RR     ; RF     ; FR     ; FF     ;
+------------+-------------+--------+--------+--------+--------+
; A[0]       ; Produkt[0]  ; 13.309 ; 13.309 ; 13.309 ; 13.309 ;
; A[0]       ; Produkt[1]  ; 13.633 ; 13.633 ; 13.633 ; 13.633 ;
; A[0]       ; Produkt[2]  ; 13.430 ; 13.430 ; 13.430 ; 13.430 ;
; A[0]       ; Produkt[3]  ; 14.292 ; 14.292 ; 14.292 ; 14.292 ;
; A[0]       ; Produkt[4]  ; 14.305 ; 14.305 ; 14.305 ; 14.305 ;
; A[0]       ; Produkt[5]  ; 14.080 ; 14.080 ; 14.080 ; 14.080 ;
; A[0]       ; Produkt[6]  ; 13.794 ; 13.794 ; 13.794 ; 13.794 ;
; A[0]       ; Produkt[7]  ; 13.789 ; 13.789 ; 13.789 ; 13.789 ;
; A[0]       ; Produkt[8]  ; 13.991 ; 13.991 ; 13.991 ; 13.991 ;
; A[0]       ; Produkt[9]  ; 12.897 ; 12.897 ; 12.897 ; 12.897 ;
; A[0]       ; Produkt[10] ; 12.914 ; 12.914 ; 12.914 ; 12.914 ;
; A[0]       ; Produkt[11] ; 12.911 ; 12.911 ; 12.911 ; 12.911 ;
; A[0]       ; Produkt[12] ; 12.913 ; 12.913 ; 12.913 ; 12.913 ;
; A[0]       ; Produkt[13] ; 12.924 ; 12.924 ; 12.924 ; 12.924 ;
; A[0]       ; Produkt[14] ; 12.926 ; 12.926 ; 12.926 ; 12.926 ;
; A[0]       ; Produkt[15] ; 13.294 ; 13.294 ; 13.294 ; 13.294 ;
; A[1]       ; Produkt[1]  ; 9.744  ; 9.744  ; 9.744  ; 9.744  ;
; A[1]       ; Produkt[2]  ; 9.541  ; 9.541  ; 9.541  ; 9.541  ;
; A[1]       ; Produkt[3]  ; 10.403 ; 10.403 ; 10.403 ; 10.403 ;
; A[1]       ; Produkt[4]  ; 10.416 ; 10.416 ; 10.416 ; 10.416 ;
; A[1]       ; Produkt[5]  ; 10.191 ; 10.191 ; 10.191 ; 10.191 ;
; A[1]       ; Produkt[6]  ; 9.905  ; 9.905  ; 9.905  ; 9.905  ;
; A[1]       ; Produkt[7]  ; 9.900  ; 9.900  ; 9.900  ; 9.900  ;
; A[1]       ; Produkt[8]  ; 10.102 ; 10.102 ; 10.102 ; 10.102 ;
; A[1]       ; Produkt[9]  ; 9.008  ; 9.008  ; 9.008  ; 9.008  ;
; A[1]       ; Produkt[10] ; 9.025  ; 9.025  ; 9.025  ; 9.025  ;
; A[1]       ; Produkt[11] ; 9.022  ; 9.022  ; 9.022  ; 9.022  ;
; A[1]       ; Produkt[12] ; 9.024  ; 9.024  ; 9.024  ; 9.024  ;
; A[1]       ; Produkt[13] ; 9.035  ; 9.035  ; 9.035  ; 9.035  ;
; A[1]       ; Produkt[14] ; 9.037  ; 9.037  ; 9.037  ; 9.037  ;
; A[1]       ; Produkt[15] ; 9.405  ; 9.405  ; 9.405  ; 9.405  ;
; A[2]       ; Produkt[2]  ; 9.518  ; 9.518  ; 9.518  ; 9.518  ;
; A[2]       ; Produkt[3]  ; 10.380 ; 10.380 ; 10.380 ; 10.380 ;
; A[2]       ; Produkt[4]  ; 10.393 ; 10.393 ; 10.393 ; 10.393 ;
; A[2]       ; Produkt[5]  ; 10.168 ; 10.168 ; 10.168 ; 10.168 ;
; A[2]       ; Produkt[6]  ; 9.882  ; 9.882  ; 9.882  ; 9.882  ;
; A[2]       ; Produkt[7]  ; 9.877  ; 9.877  ; 9.877  ; 9.877  ;
; A[2]       ; Produkt[8]  ; 10.079 ; 10.079 ; 10.079 ; 10.079 ;
; A[2]       ; Produkt[9]  ; 8.985  ; 8.985  ; 8.985  ; 8.985  ;
; A[2]       ; Produkt[10] ; 9.002  ; 9.002  ; 9.002  ; 9.002  ;
; A[2]       ; Produkt[11] ; 8.999  ; 8.999  ; 8.999  ; 8.999  ;
; A[2]       ; Produkt[12] ; 9.001  ; 9.001  ; 9.001  ; 9.001  ;
; A[2]       ; Produkt[13] ; 9.012  ; 9.012  ; 9.012  ; 9.012  ;
; A[2]       ; Produkt[14] ; 9.014  ; 9.014  ; 9.014  ; 9.014  ;
; A[2]       ; Produkt[15] ; 9.382  ; 9.382  ; 9.382  ; 9.382  ;
; A[3]       ; Produkt[3]  ; 10.434 ; 10.434 ; 10.434 ; 10.434 ;
; A[3]       ; Produkt[4]  ; 10.447 ; 10.447 ; 10.447 ; 10.447 ;
; A[3]       ; Produkt[5]  ; 10.222 ; 10.222 ; 10.222 ; 10.222 ;
; A[3]       ; Produkt[6]  ; 9.936  ; 9.936  ; 9.936  ; 9.936  ;
; A[3]       ; Produkt[7]  ; 9.931  ; 9.931  ; 9.931  ; 9.931  ;
; A[3]       ; Produkt[8]  ; 10.133 ; 10.133 ; 10.133 ; 10.133 ;
; A[3]       ; Produkt[9]  ; 9.039  ; 9.039  ; 9.039  ; 9.039  ;
; A[3]       ; Produkt[10] ; 9.056  ; 9.056  ; 9.056  ; 9.056  ;
; A[3]       ; Produkt[11] ; 9.053  ; 9.053  ; 9.053  ; 9.053  ;
; A[3]       ; Produkt[12] ; 9.055  ; 9.055  ; 9.055  ; 9.055  ;
; A[3]       ; Produkt[13] ; 9.066  ; 9.066  ; 9.066  ; 9.066  ;
; A[3]       ; Produkt[14] ; 9.068  ; 9.068  ; 9.068  ; 9.068  ;
; A[3]       ; Produkt[15] ; 9.436  ; 9.436  ; 9.436  ; 9.436  ;
; A[4]       ; Produkt[4]  ; 9.607  ; 9.607  ; 9.607  ; 9.607  ;
; A[4]       ; Produkt[5]  ; 9.382  ; 9.382  ; 9.382  ; 9.382  ;
; A[4]       ; Produkt[6]  ; 9.096  ; 9.096  ; 9.096  ; 9.096  ;
; A[4]       ; Produkt[7]  ; 9.091  ; 9.091  ; 9.091  ; 9.091  ;
; A[4]       ; Produkt[8]  ; 9.293  ; 9.293  ; 9.293  ; 9.293  ;
; A[4]       ; Produkt[9]  ; 8.199  ; 8.199  ; 8.199  ; 8.199  ;
; A[4]       ; Produkt[10] ; 8.216  ; 8.216  ; 8.216  ; 8.216  ;
; A[4]       ; Produkt[11] ; 8.213  ; 8.213  ; 8.213  ; 8.213  ;
; A[4]       ; Produkt[12] ; 8.215  ; 8.215  ; 8.215  ; 8.215  ;
; A[4]       ; Produkt[13] ; 8.226  ; 8.226  ; 8.226  ; 8.226  ;
; A[4]       ; Produkt[14] ; 8.228  ; 8.228  ; 8.228  ; 8.228  ;
; A[4]       ; Produkt[15] ; 8.596  ; 8.596  ; 8.596  ; 8.596  ;
; A[5]       ; Produkt[5]  ; 9.370  ; 9.370  ; 9.370  ; 9.370  ;
; A[5]       ; Produkt[6]  ; 9.084  ; 9.084  ; 9.084  ; 9.084  ;
; A[5]       ; Produkt[7]  ; 9.079  ; 9.079  ; 9.079  ; 9.079  ;
; A[5]       ; Produkt[8]  ; 9.281  ; 9.281  ; 9.281  ; 9.281  ;
; A[5]       ; Produkt[9]  ; 8.187  ; 8.187  ; 8.187  ; 8.187  ;
; A[5]       ; Produkt[10] ; 8.204  ; 8.204  ; 8.204  ; 8.204  ;
; A[5]       ; Produkt[11] ; 8.201  ; 8.201  ; 8.201  ; 8.201  ;
; A[5]       ; Produkt[12] ; 8.203  ; 8.203  ; 8.203  ; 8.203  ;
; A[5]       ; Produkt[13] ; 8.214  ; 8.214  ; 8.214  ; 8.214  ;
; A[5]       ; Produkt[14] ; 8.216  ; 8.216  ; 8.216  ; 8.216  ;
; A[5]       ; Produkt[15] ; 8.584  ; 8.584  ; 8.584  ; 8.584  ;
; A[6]       ; Produkt[6]  ; 9.138  ; 9.138  ; 9.138  ; 9.138  ;
; A[6]       ; Produkt[7]  ; 9.133  ; 9.133  ; 9.133  ; 9.133  ;
; A[6]       ; Produkt[8]  ; 9.335  ; 9.335  ; 9.335  ; 9.335  ;
; A[6]       ; Produkt[9]  ; 8.241  ; 8.241  ; 8.241  ; 8.241  ;
; A[6]       ; Produkt[10] ; 8.258  ; 8.258  ; 8.258  ; 8.258  ;
; A[6]       ; Produkt[11] ; 8.255  ; 8.255  ; 8.255  ; 8.255  ;
; A[6]       ; Produkt[12] ; 8.257  ; 8.257  ; 8.257  ; 8.257  ;
; A[6]       ; Produkt[13] ; 8.268  ; 8.268  ; 8.268  ; 8.268  ;
; A[6]       ; Produkt[14] ; 8.270  ; 8.270  ; 8.270  ; 8.270  ;
; A[6]       ; Produkt[15] ; 8.638  ; 8.638  ; 8.638  ; 8.638  ;
; A[7]       ; Produkt[7]  ; 9.057  ; 9.057  ; 9.057  ; 9.057  ;
; A[7]       ; Produkt[8]  ; 9.259  ; 9.259  ; 9.259  ; 9.259  ;
; A[7]       ; Produkt[9]  ; 8.165  ; 8.165  ; 8.165  ; 8.165  ;
; A[7]       ; Produkt[10] ; 8.182  ; 8.182  ; 8.182  ; 8.182  ;
; A[7]       ; Produkt[11] ; 8.179  ; 8.179  ; 8.179  ; 8.179  ;
; A[7]       ; Produkt[12] ; 8.181  ; 8.181  ; 8.181  ; 8.181  ;
; A[7]       ; Produkt[13] ; 8.192  ; 8.192  ; 8.192  ; 8.192  ;
; A[7]       ; Produkt[14] ; 8.194  ; 8.194  ; 8.194  ; 8.194  ;
; A[7]       ; Produkt[15] ; 8.562  ; 8.562  ; 8.562  ; 8.562  ;
; B[0]       ; Produkt[0]  ; 9.684  ; 9.684  ; 9.684  ; 9.684  ;
; B[0]       ; Produkt[1]  ; 10.008 ; 10.008 ; 10.008 ; 10.008 ;
; B[0]       ; Produkt[2]  ; 9.805  ; 9.805  ; 9.805  ; 9.805  ;
; B[0]       ; Produkt[3]  ; 10.667 ; 10.667 ; 10.667 ; 10.667 ;
; B[0]       ; Produkt[4]  ; 10.680 ; 10.680 ; 10.680 ; 10.680 ;
; B[0]       ; Produkt[5]  ; 10.455 ; 10.455 ; 10.455 ; 10.455 ;
; B[0]       ; Produkt[6]  ; 10.169 ; 10.169 ; 10.169 ; 10.169 ;
; B[0]       ; Produkt[7]  ; 10.164 ; 10.164 ; 10.164 ; 10.164 ;
; B[0]       ; Produkt[8]  ; 10.366 ; 10.366 ; 10.366 ; 10.366 ;
; B[0]       ; Produkt[9]  ; 9.272  ; 9.272  ; 9.272  ; 9.272  ;
; B[0]       ; Produkt[10] ; 9.289  ; 9.289  ; 9.289  ; 9.289  ;
; B[0]       ; Produkt[11] ; 9.286  ; 9.286  ; 9.286  ; 9.286  ;
; B[0]       ; Produkt[12] ; 9.288  ; 9.288  ; 9.288  ; 9.288  ;
; B[0]       ; Produkt[13] ; 9.299  ; 9.299  ; 9.299  ; 9.299  ;
; B[0]       ; Produkt[14] ; 9.301  ; 9.301  ; 9.301  ; 9.301  ;
; B[0]       ; Produkt[15] ; 9.669  ; 9.669  ; 9.669  ; 9.669  ;
; B[1]       ; Produkt[1]  ; 10.254 ; 10.254 ; 10.254 ; 10.254 ;
; B[1]       ; Produkt[2]  ; 10.051 ; 10.051 ; 10.051 ; 10.051 ;
; B[1]       ; Produkt[3]  ; 10.913 ; 10.913 ; 10.913 ; 10.913 ;
; B[1]       ; Produkt[4]  ; 10.926 ; 10.926 ; 10.926 ; 10.926 ;
; B[1]       ; Produkt[5]  ; 10.701 ; 10.701 ; 10.701 ; 10.701 ;
; B[1]       ; Produkt[6]  ; 10.415 ; 10.415 ; 10.415 ; 10.415 ;
; B[1]       ; Produkt[7]  ; 10.410 ; 10.410 ; 10.410 ; 10.410 ;
; B[1]       ; Produkt[8]  ; 10.612 ; 10.612 ; 10.612 ; 10.612 ;
; B[1]       ; Produkt[9]  ; 9.518  ; 9.518  ; 9.518  ; 9.518  ;
; B[1]       ; Produkt[10] ; 9.535  ; 9.535  ; 9.535  ; 9.535  ;
; B[1]       ; Produkt[11] ; 9.532  ; 9.532  ; 9.532  ; 9.532  ;
; B[1]       ; Produkt[12] ; 9.534  ; 9.534  ; 9.534  ; 9.534  ;
; B[1]       ; Produkt[13] ; 9.545  ; 9.545  ; 9.545  ; 9.545  ;
; B[1]       ; Produkt[14] ; 9.547  ; 9.547  ; 9.547  ; 9.547  ;
; B[1]       ; Produkt[15] ; 9.915  ; 9.915  ; 9.915  ; 9.915  ;
; B[2]       ; Produkt[2]  ; 10.200 ; 10.200 ; 10.200 ; 10.200 ;
; B[2]       ; Produkt[3]  ; 11.062 ; 11.062 ; 11.062 ; 11.062 ;
; B[2]       ; Produkt[4]  ; 11.075 ; 11.075 ; 11.075 ; 11.075 ;
; B[2]       ; Produkt[5]  ; 10.850 ; 10.850 ; 10.850 ; 10.850 ;
; B[2]       ; Produkt[6]  ; 10.564 ; 10.564 ; 10.564 ; 10.564 ;
; B[2]       ; Produkt[7]  ; 10.559 ; 10.559 ; 10.559 ; 10.559 ;
; B[2]       ; Produkt[8]  ; 10.761 ; 10.761 ; 10.761 ; 10.761 ;
; B[2]       ; Produkt[9]  ; 9.667  ; 9.667  ; 9.667  ; 9.667  ;
; B[2]       ; Produkt[10] ; 9.684  ; 9.684  ; 9.684  ; 9.684  ;
; B[2]       ; Produkt[11] ; 9.681  ; 9.681  ; 9.681  ; 9.681  ;
; B[2]       ; Produkt[12] ; 9.683  ; 9.683  ; 9.683  ; 9.683  ;
; B[2]       ; Produkt[13] ; 9.694  ; 9.694  ; 9.694  ; 9.694  ;
; B[2]       ; Produkt[14] ; 9.696  ; 9.696  ; 9.696  ; 9.696  ;
; B[2]       ; Produkt[15] ; 10.064 ; 10.064 ; 10.064 ; 10.064 ;
; B[3]       ; Produkt[3]  ; 10.639 ; 10.639 ; 10.639 ; 10.639 ;
; B[3]       ; Produkt[4]  ; 10.652 ; 10.652 ; 10.652 ; 10.652 ;
; B[3]       ; Produkt[5]  ; 10.427 ; 10.427 ; 10.427 ; 10.427 ;
; B[3]       ; Produkt[6]  ; 10.141 ; 10.141 ; 10.141 ; 10.141 ;
; B[3]       ; Produkt[7]  ; 10.136 ; 10.136 ; 10.136 ; 10.136 ;
; B[3]       ; Produkt[8]  ; 10.338 ; 10.338 ; 10.338 ; 10.338 ;
; B[3]       ; Produkt[9]  ; 9.244  ; 9.244  ; 9.244  ; 9.244  ;
; B[3]       ; Produkt[10] ; 9.261  ; 9.261  ; 9.261  ; 9.261  ;
; B[3]       ; Produkt[11] ; 9.258  ; 9.258  ; 9.258  ; 9.258  ;
; B[3]       ; Produkt[12] ; 9.260  ; 9.260  ; 9.260  ; 9.260  ;
; B[3]       ; Produkt[13] ; 9.271  ; 9.271  ; 9.271  ; 9.271  ;
; B[3]       ; Produkt[14] ; 9.273  ; 9.273  ; 9.273  ; 9.273  ;
; B[3]       ; Produkt[15] ; 9.641  ; 9.641  ; 9.641  ; 9.641  ;
; B[4]       ; Produkt[4]  ; 10.511 ; 10.511 ; 10.511 ; 10.511 ;
; B[4]       ; Produkt[5]  ; 10.286 ; 10.286 ; 10.286 ; 10.286 ;
; B[4]       ; Produkt[6]  ; 10.000 ; 10.000 ; 10.000 ; 10.000 ;
; B[4]       ; Produkt[7]  ; 9.995  ; 9.995  ; 9.995  ; 9.995  ;
; B[4]       ; Produkt[8]  ; 10.197 ; 10.197 ; 10.197 ; 10.197 ;
; B[4]       ; Produkt[9]  ; 9.103  ; 9.103  ; 9.103  ; 9.103  ;
; B[4]       ; Produkt[10] ; 9.120  ; 9.120  ; 9.120  ; 9.120  ;
; B[4]       ; Produkt[11] ; 9.117  ; 9.117  ; 9.117  ; 9.117  ;
; B[4]       ; Produkt[12] ; 9.119  ; 9.119  ; 9.119  ; 9.119  ;
; B[4]       ; Produkt[13] ; 9.130  ; 9.130  ; 9.130  ; 9.130  ;
; B[4]       ; Produkt[14] ; 9.132  ; 9.132  ; 9.132  ; 9.132  ;
; B[4]       ; Produkt[15] ; 9.500  ; 9.500  ; 9.500  ; 9.500  ;
; B[5]       ; Produkt[5]  ; 10.355 ; 10.355 ; 10.355 ; 10.355 ;
; B[5]       ; Produkt[6]  ; 10.069 ; 10.069 ; 10.069 ; 10.069 ;
; B[5]       ; Produkt[7]  ; 10.064 ; 10.064 ; 10.064 ; 10.064 ;
; B[5]       ; Produkt[8]  ; 10.266 ; 10.266 ; 10.266 ; 10.266 ;
; B[5]       ; Produkt[9]  ; 9.172  ; 9.172  ; 9.172  ; 9.172  ;
; B[5]       ; Produkt[10] ; 9.189  ; 9.189  ; 9.189  ; 9.189  ;
; B[5]       ; Produkt[11] ; 9.186  ; 9.186  ; 9.186  ; 9.186  ;
; B[5]       ; Produkt[12] ; 9.188  ; 9.188  ; 9.188  ; 9.188  ;
; B[5]       ; Produkt[13] ; 9.199  ; 9.199  ; 9.199  ; 9.199  ;
; B[5]       ; Produkt[14] ; 9.201  ; 9.201  ; 9.201  ; 9.201  ;
; B[5]       ; Produkt[15] ; 9.569  ; 9.569  ; 9.569  ; 9.569  ;
; B[6]       ; Produkt[6]  ; 13.890 ; 13.890 ; 13.890 ; 13.890 ;
; B[6]       ; Produkt[7]  ; 13.885 ; 13.885 ; 13.885 ; 13.885 ;
; B[6]       ; Produkt[8]  ; 14.087 ; 14.087 ; 14.087 ; 14.087 ;
; B[6]       ; Produkt[9]  ; 12.993 ; 12.993 ; 12.993 ; 12.993 ;
; B[6]       ; Produkt[10] ; 13.010 ; 13.010 ; 13.010 ; 13.010 ;
; B[6]       ; Produkt[11] ; 13.007 ; 13.007 ; 13.007 ; 13.007 ;
; B[6]       ; Produkt[12] ; 13.009 ; 13.009 ; 13.009 ; 13.009 ;
; B[6]       ; Produkt[13] ; 13.020 ; 13.020 ; 13.020 ; 13.020 ;
; B[6]       ; Produkt[14] ; 13.022 ; 13.022 ; 13.022 ; 13.022 ;
; B[6]       ; Produkt[15] ; 13.390 ; 13.390 ; 13.390 ; 13.390 ;
; B[7]       ; Produkt[7]  ; 13.952 ; 13.952 ; 13.952 ; 13.952 ;
; B[7]       ; Produkt[8]  ; 14.154 ; 14.154 ; 14.154 ; 14.154 ;
; B[7]       ; Produkt[9]  ; 13.060 ; 13.060 ; 13.060 ; 13.060 ;
; B[7]       ; Produkt[10] ; 13.077 ; 13.077 ; 13.077 ; 13.077 ;
; B[7]       ; Produkt[11] ; 13.074 ; 13.074 ; 13.074 ; 13.074 ;
; B[7]       ; Produkt[12] ; 13.076 ; 13.076 ; 13.076 ; 13.076 ;
; B[7]       ; Produkt[13] ; 13.087 ; 13.087 ; 13.087 ; 13.087 ;
; B[7]       ; Produkt[14] ; 13.089 ; 13.089 ; 13.089 ; 13.089 ;
; B[7]       ; Produkt[15] ; 13.457 ; 13.457 ; 13.457 ; 13.457 ;
+------------+-------------+--------+--------+--------+--------+


+--------------------------------------------------------------+
; Minimum Propagation Delay                                    ;
+------------+-------------+--------+--------+--------+--------+
; Input Port ; Output Port ; RR     ; RF     ; FR     ; FF     ;
+------------+-------------+--------+--------+--------+--------+
; A[0]       ; Produkt[0]  ; 13.309 ; 13.309 ; 13.309 ; 13.309 ;
; A[0]       ; Produkt[1]  ; 13.633 ; 13.633 ; 13.633 ; 13.633 ;
; A[0]       ; Produkt[2]  ; 13.430 ; 13.430 ; 13.430 ; 13.430 ;
; A[0]       ; Produkt[3]  ; 14.292 ; 14.292 ; 14.292 ; 14.292 ;
; A[0]       ; Produkt[4]  ; 14.305 ; 14.305 ; 14.305 ; 14.305 ;
; A[0]       ; Produkt[5]  ; 14.080 ; 14.080 ; 14.080 ; 14.080 ;
; A[0]       ; Produkt[6]  ; 13.794 ; 13.794 ; 13.794 ; 13.794 ;
; A[0]       ; Produkt[7]  ; 13.789 ; 13.789 ; 13.789 ; 13.789 ;
; A[0]       ; Produkt[8]  ; 13.991 ; 13.991 ; 13.991 ; 13.991 ;
; A[0]       ; Produkt[9]  ; 12.897 ; 12.897 ; 12.897 ; 12.897 ;
; A[0]       ; Produkt[10] ; 12.914 ; 12.914 ; 12.914 ; 12.914 ;
; A[0]       ; Produkt[11] ; 12.911 ; 12.911 ; 12.911 ; 12.911 ;
; A[0]       ; Produkt[12] ; 12.913 ; 12.913 ; 12.913 ; 12.913 ;
; A[0]       ; Produkt[13] ; 12.924 ; 12.924 ; 12.924 ; 12.924 ;
; A[0]       ; Produkt[14] ; 12.926 ; 12.926 ; 12.926 ; 12.926 ;
; A[0]       ; Produkt[15] ; 13.294 ; 13.294 ; 13.294 ; 13.294 ;
; A[1]       ; Produkt[1]  ; 9.744  ; 9.744  ; 9.744  ; 9.744  ;
; A[1]       ; Produkt[2]  ; 9.541  ; 9.541  ; 9.541  ; 9.541  ;
; A[1]       ; Produkt[3]  ; 10.403 ; 10.403 ; 10.403 ; 10.403 ;
; A[1]       ; Produkt[4]  ; 10.416 ; 10.416 ; 10.416 ; 10.416 ;
; A[1]       ; Produkt[5]  ; 10.191 ; 10.191 ; 10.191 ; 10.191 ;
; A[1]       ; Produkt[6]  ; 9.905  ; 9.905  ; 9.905  ; 9.905  ;
; A[1]       ; Produkt[7]  ; 9.900  ; 9.900  ; 9.900  ; 9.900  ;
; A[1]       ; Produkt[8]  ; 10.102 ; 10.102 ; 10.102 ; 10.102 ;
; A[1]       ; Produkt[9]  ; 9.008  ; 9.008  ; 9.008  ; 9.008  ;
; A[1]       ; Produkt[10] ; 9.025  ; 9.025  ; 9.025  ; 9.025  ;
; A[1]       ; Produkt[11] ; 9.022  ; 9.022  ; 9.022  ; 9.022  ;
; A[1]       ; Produkt[12] ; 9.024  ; 9.024  ; 9.024  ; 9.024  ;
; A[1]       ; Produkt[13] ; 9.035  ; 9.035  ; 9.035  ; 9.035  ;
; A[1]       ; Produkt[14] ; 9.037  ; 9.037  ; 9.037  ; 9.037  ;
; A[1]       ; Produkt[15] ; 9.405  ; 9.405  ; 9.405  ; 9.405  ;
; A[2]       ; Produkt[2]  ; 9.518  ; 9.518  ; 9.518  ; 9.518  ;
; A[2]       ; Produkt[3]  ; 10.380 ; 10.380 ; 10.380 ; 10.380 ;
; A[2]       ; Produkt[4]  ; 10.393 ; 10.393 ; 10.393 ; 10.393 ;
; A[2]       ; Produkt[5]  ; 10.168 ; 10.168 ; 10.168 ; 10.168 ;
; A[2]       ; Produkt[6]  ; 9.882  ; 9.882  ; 9.882  ; 9.882  ;
; A[2]       ; Produkt[7]  ; 9.877  ; 9.877  ; 9.877  ; 9.877  ;
; A[2]       ; Produkt[8]  ; 10.079 ; 10.079 ; 10.079 ; 10.079 ;
; A[2]       ; Produkt[9]  ; 8.985  ; 8.985  ; 8.985  ; 8.985  ;
; A[2]       ; Produkt[10] ; 9.002  ; 9.002  ; 9.002  ; 9.002  ;
; A[2]       ; Produkt[11] ; 8.999  ; 8.999  ; 8.999  ; 8.999  ;
; A[2]       ; Produkt[12] ; 9.001  ; 9.001  ; 9.001  ; 9.001  ;
; A[2]       ; Produkt[13] ; 9.012  ; 9.012  ; 9.012  ; 9.012  ;
; A[2]       ; Produkt[14] ; 9.014  ; 9.014  ; 9.014  ; 9.014  ;
; A[2]       ; Produkt[15] ; 9.382  ; 9.382  ; 9.382  ; 9.382  ;
; A[3]       ; Produkt[3]  ; 10.434 ; 10.434 ; 10.434 ; 10.434 ;
; A[3]       ; Produkt[4]  ; 10.447 ; 10.447 ; 10.447 ; 10.447 ;
; A[3]       ; Produkt[5]  ; 10.222 ; 10.222 ; 10.222 ; 10.222 ;
; A[3]       ; Produkt[6]  ; 9.936  ; 9.936  ; 9.936  ; 9.936  ;
; A[3]       ; Produkt[7]  ; 9.931  ; 9.931  ; 9.931  ; 9.931  ;
; A[3]       ; Produkt[8]  ; 10.133 ; 10.133 ; 10.133 ; 10.133 ;
; A[3]       ; Produkt[9]  ; 9.039  ; 9.039  ; 9.039  ; 9.039  ;
; A[3]       ; Produkt[10] ; 9.056  ; 9.056  ; 9.056  ; 9.056  ;
; A[3]       ; Produkt[11] ; 9.053  ; 9.053  ; 9.053  ; 9.053  ;
; A[3]       ; Produkt[12] ; 9.055  ; 9.055  ; 9.055  ; 9.055  ;
; A[3]       ; Produkt[13] ; 9.066  ; 9.066  ; 9.066  ; 9.066  ;
; A[3]       ; Produkt[14] ; 9.068  ; 9.068  ; 9.068  ; 9.068  ;
; A[3]       ; Produkt[15] ; 9.436  ; 9.436  ; 9.436  ; 9.436  ;
; A[4]       ; Produkt[4]  ; 9.607  ; 9.607  ; 9.607  ; 9.607  ;
; A[4]       ; Produkt[5]  ; 9.382  ; 9.382  ; 9.382  ; 9.382  ;
; A[4]       ; Produkt[6]  ; 9.096  ; 9.096  ; 9.096  ; 9.096  ;
; A[4]       ; Produkt[7]  ; 9.091  ; 9.091  ; 9.091  ; 9.091  ;
; A[4]       ; Produkt[8]  ; 9.293  ; 9.293  ; 9.293  ; 9.293  ;
; A[4]       ; Produkt[9]  ; 8.199  ; 8.199  ; 8.199  ; 8.199  ;
; A[4]       ; Produkt[10] ; 8.216  ; 8.216  ; 8.216  ; 8.216  ;
; A[4]       ; Produkt[11] ; 8.213  ; 8.213  ; 8.213  ; 8.213  ;
; A[4]       ; Produkt[12] ; 8.215  ; 8.215  ; 8.215  ; 8.215  ;
; A[4]       ; Produkt[13] ; 8.226  ; 8.226  ; 8.226  ; 8.226  ;
; A[4]       ; Produkt[14] ; 8.228  ; 8.228  ; 8.228  ; 8.228  ;
; A[4]       ; Produkt[15] ; 8.596  ; 8.596  ; 8.596  ; 8.596  ;
; A[5]       ; Produkt[5]  ; 9.370  ; 9.370  ; 9.370  ; 9.370  ;
; A[5]       ; Produkt[6]  ; 9.084  ; 9.084  ; 9.084  ; 9.084  ;
; A[5]       ; Produkt[7]  ; 9.079  ; 9.079  ; 9.079  ; 9.079  ;
; A[5]       ; Produkt[8]  ; 9.281  ; 9.281  ; 9.281  ; 9.281  ;
; A[5]       ; Produkt[9]  ; 8.187  ; 8.187  ; 8.187  ; 8.187  ;
; A[5]       ; Produkt[10] ; 8.204  ; 8.204  ; 8.204  ; 8.204  ;
; A[5]       ; Produkt[11] ; 8.201  ; 8.201  ; 8.201  ; 8.201  ;
; A[5]       ; Produkt[12] ; 8.203  ; 8.203  ; 8.203  ; 8.203  ;
; A[5]       ; Produkt[13] ; 8.214  ; 8.214  ; 8.214  ; 8.214  ;
; A[5]       ; Produkt[14] ; 8.216  ; 8.216  ; 8.216  ; 8.216  ;
; A[5]       ; Produkt[15] ; 8.584  ; 8.584  ; 8.584  ; 8.584  ;
; A[6]       ; Produkt[6]  ; 9.138  ; 9.138  ; 9.138  ; 9.138  ;
; A[6]       ; Produkt[7]  ; 9.133  ; 9.133  ; 9.133  ; 9.133  ;
; A[6]       ; Produkt[8]  ; 9.335  ; 9.335  ; 9.335  ; 9.335  ;
; A[6]       ; Produkt[9]  ; 8.241  ; 8.241  ; 8.241  ; 8.241  ;
; A[6]       ; Produkt[10] ; 8.258  ; 8.258  ; 8.258  ; 8.258  ;
; A[6]       ; Produkt[11] ; 8.255  ; 8.255  ; 8.255  ; 8.255  ;
; A[6]       ; Produkt[12] ; 8.257  ; 8.257  ; 8.257  ; 8.257  ;
; A[6]       ; Produkt[13] ; 8.268  ; 8.268  ; 8.268  ; 8.268  ;
; A[6]       ; Produkt[14] ; 8.270  ; 8.270  ; 8.270  ; 8.270  ;
; A[6]       ; Produkt[15] ; 8.638  ; 8.638  ; 8.638  ; 8.638  ;
; A[7]       ; Produkt[7]  ; 9.057  ; 9.057  ; 9.057  ; 9.057  ;
; A[7]       ; Produkt[8]  ; 9.259  ; 9.259  ; 9.259  ; 9.259  ;
; A[7]       ; Produkt[9]  ; 8.165  ; 8.165  ; 8.165  ; 8.165  ;
; A[7]       ; Produkt[10] ; 8.182  ; 8.182  ; 8.182  ; 8.182  ;
; A[7]       ; Produkt[11] ; 8.179  ; 8.179  ; 8.179  ; 8.179  ;
; A[7]       ; Produkt[12] ; 8.181  ; 8.181  ; 8.181  ; 8.181  ;
; A[7]       ; Produkt[13] ; 8.192  ; 8.192  ; 8.192  ; 8.192  ;
; A[7]       ; Produkt[14] ; 8.194  ; 8.194  ; 8.194  ; 8.194  ;
; A[7]       ; Produkt[15] ; 8.562  ; 8.562  ; 8.562  ; 8.562  ;
; B[0]       ; Produkt[0]  ; 9.684  ; 9.684  ; 9.684  ; 9.684  ;
; B[0]       ; Produkt[1]  ; 10.008 ; 10.008 ; 10.008 ; 10.008 ;
; B[0]       ; Produkt[2]  ; 9.805  ; 9.805  ; 9.805  ; 9.805  ;
; B[0]       ; Produkt[3]  ; 10.667 ; 10.667 ; 10.667 ; 10.667 ;
; B[0]       ; Produkt[4]  ; 10.680 ; 10.680 ; 10.680 ; 10.680 ;
; B[0]       ; Produkt[5]  ; 10.455 ; 10.455 ; 10.455 ; 10.455 ;
; B[0]       ; Produkt[6]  ; 10.169 ; 10.169 ; 10.169 ; 10.169 ;
; B[0]       ; Produkt[7]  ; 10.164 ; 10.164 ; 10.164 ; 10.164 ;
; B[0]       ; Produkt[8]  ; 10.366 ; 10.366 ; 10.366 ; 10.366 ;
; B[0]       ; Produkt[9]  ; 9.272  ; 9.272  ; 9.272  ; 9.272  ;
; B[0]       ; Produkt[10] ; 9.289  ; 9.289  ; 9.289  ; 9.289  ;
; B[0]       ; Produkt[11] ; 9.286  ; 9.286  ; 9.286  ; 9.286  ;
; B[0]       ; Produkt[12] ; 9.288  ; 9.288  ; 9.288  ; 9.288  ;
; B[0]       ; Produkt[13] ; 9.299  ; 9.299  ; 9.299  ; 9.299  ;
; B[0]       ; Produkt[14] ; 9.301  ; 9.301  ; 9.301  ; 9.301  ;
; B[0]       ; Produkt[15] ; 9.669  ; 9.669  ; 9.669  ; 9.669  ;
; B[1]       ; Produkt[1]  ; 10.254 ; 10.254 ; 10.254 ; 10.254 ;
; B[1]       ; Produkt[2]  ; 10.051 ; 10.051 ; 10.051 ; 10.051 ;
; B[1]       ; Produkt[3]  ; 10.913 ; 10.913 ; 10.913 ; 10.913 ;
; B[1]       ; Produkt[4]  ; 10.926 ; 10.926 ; 10.926 ; 10.926 ;
; B[1]       ; Produkt[5]  ; 10.701 ; 10.701 ; 10.701 ; 10.701 ;
; B[1]       ; Produkt[6]  ; 10.415 ; 10.415 ; 10.415 ; 10.415 ;
; B[1]       ; Produkt[7]  ; 10.410 ; 10.410 ; 10.410 ; 10.410 ;
; B[1]       ; Produkt[8]  ; 10.612 ; 10.612 ; 10.612 ; 10.612 ;
; B[1]       ; Produkt[9]  ; 9.518  ; 9.518  ; 9.518  ; 9.518  ;
; B[1]       ; Produkt[10] ; 9.535  ; 9.535  ; 9.535  ; 9.535  ;
; B[1]       ; Produkt[11] ; 9.532  ; 9.532  ; 9.532  ; 9.532  ;
; B[1]       ; Produkt[12] ; 9.534  ; 9.534  ; 9.534  ; 9.534  ;
; B[1]       ; Produkt[13] ; 9.545  ; 9.545  ; 9.545  ; 9.545  ;
; B[1]       ; Produkt[14] ; 9.547  ; 9.547  ; 9.547  ; 9.547  ;
; B[1]       ; Produkt[15] ; 9.915  ; 9.915  ; 9.915  ; 9.915  ;
; B[2]       ; Produkt[2]  ; 10.200 ; 10.200 ; 10.200 ; 10.200 ;
; B[2]       ; Produkt[3]  ; 11.062 ; 11.062 ; 11.062 ; 11.062 ;
; B[2]       ; Produkt[4]  ; 11.075 ; 11.075 ; 11.075 ; 11.075 ;
; B[2]       ; Produkt[5]  ; 10.850 ; 10.850 ; 10.850 ; 10.850 ;
; B[2]       ; Produkt[6]  ; 10.564 ; 10.564 ; 10.564 ; 10.564 ;
; B[2]       ; Produkt[7]  ; 10.559 ; 10.559 ; 10.559 ; 10.559 ;
; B[2]       ; Produkt[8]  ; 10.761 ; 10.761 ; 10.761 ; 10.761 ;
; B[2]       ; Produkt[9]  ; 9.667  ; 9.667  ; 9.667  ; 9.667  ;
; B[2]       ; Produkt[10] ; 9.684  ; 9.684  ; 9.684  ; 9.684  ;
; B[2]       ; Produkt[11] ; 9.681  ; 9.681  ; 9.681  ; 9.681  ;
; B[2]       ; Produkt[12] ; 9.683  ; 9.683  ; 9.683  ; 9.683  ;
; B[2]       ; Produkt[13] ; 9.694  ; 9.694  ; 9.694  ; 9.694  ;
; B[2]       ; Produkt[14] ; 9.696  ; 9.696  ; 9.696  ; 9.696  ;
; B[2]       ; Produkt[15] ; 10.064 ; 10.064 ; 10.064 ; 10.064 ;
; B[3]       ; Produkt[3]  ; 10.639 ; 10.639 ; 10.639 ; 10.639 ;
; B[3]       ; Produkt[4]  ; 10.652 ; 10.652 ; 10.652 ; 10.652 ;
; B[3]       ; Produkt[5]  ; 10.427 ; 10.427 ; 10.427 ; 10.427 ;
; B[3]       ; Produkt[6]  ; 10.141 ; 10.141 ; 10.141 ; 10.141 ;
; B[3]       ; Produkt[7]  ; 10.136 ; 10.136 ; 10.136 ; 10.136 ;
; B[3]       ; Produkt[8]  ; 10.338 ; 10.338 ; 10.338 ; 10.338 ;
; B[3]       ; Produkt[9]  ; 9.244  ; 9.244  ; 9.244  ; 9.244  ;
; B[3]       ; Produkt[10] ; 9.261  ; 9.261  ; 9.261  ; 9.261  ;
; B[3]       ; Produkt[11] ; 9.258  ; 9.258  ; 9.258  ; 9.258  ;
; B[3]       ; Produkt[12] ; 9.260  ; 9.260  ; 9.260  ; 9.260  ;
; B[3]       ; Produkt[13] ; 9.271  ; 9.271  ; 9.271  ; 9.271  ;
; B[3]       ; Produkt[14] ; 9.273  ; 9.273  ; 9.273  ; 9.273  ;
; B[3]       ; Produkt[15] ; 9.641  ; 9.641  ; 9.641  ; 9.641  ;
; B[4]       ; Produkt[4]  ; 10.511 ; 10.511 ; 10.511 ; 10.511 ;
; B[4]       ; Produkt[5]  ; 10.286 ; 10.286 ; 10.286 ; 10.286 ;
; B[4]       ; Produkt[6]  ; 10.000 ; 10.000 ; 10.000 ; 10.000 ;
; B[4]       ; Produkt[7]  ; 9.995  ; 9.995  ; 9.995  ; 9.995  ;
; B[4]       ; Produkt[8]  ; 10.197 ; 10.197 ; 10.197 ; 10.197 ;
; B[4]       ; Produkt[9]  ; 9.103  ; 9.103  ; 9.103  ; 9.103  ;
; B[4]       ; Produkt[10] ; 9.120  ; 9.120  ; 9.120  ; 9.120  ;
; B[4]       ; Produkt[11] ; 9.117  ; 9.117  ; 9.117  ; 9.117  ;
; B[4]       ; Produkt[12] ; 9.119  ; 9.119  ; 9.119  ; 9.119  ;
; B[4]       ; Produkt[13] ; 9.130  ; 9.130  ; 9.130  ; 9.130  ;
; B[4]       ; Produkt[14] ; 9.132  ; 9.132  ; 9.132  ; 9.132  ;
; B[4]       ; Produkt[15] ; 9.500  ; 9.500  ; 9.500  ; 9.500  ;
; B[5]       ; Produkt[5]  ; 10.355 ; 10.355 ; 10.355 ; 10.355 ;
; B[5]       ; Produkt[6]  ; 10.069 ; 10.069 ; 10.069 ; 10.069 ;
; B[5]       ; Produkt[7]  ; 10.064 ; 10.064 ; 10.064 ; 10.064 ;
; B[5]       ; Produkt[8]  ; 10.266 ; 10.266 ; 10.266 ; 10.266 ;
; B[5]       ; Produkt[9]  ; 9.172  ; 9.172  ; 9.172  ; 9.172  ;
; B[5]       ; Produkt[10] ; 9.189  ; 9.189  ; 9.189  ; 9.189  ;
; B[5]       ; Produkt[11] ; 9.186  ; 9.186  ; 9.186  ; 9.186  ;
; B[5]       ; Produkt[12] ; 9.188  ; 9.188  ; 9.188  ; 9.188  ;
; B[5]       ; Produkt[13] ; 9.199  ; 9.199  ; 9.199  ; 9.199  ;
; B[5]       ; Produkt[14] ; 9.201  ; 9.201  ; 9.201  ; 9.201  ;
; B[5]       ; Produkt[15] ; 9.569  ; 9.569  ; 9.569  ; 9.569  ;
; B[6]       ; Produkt[6]  ; 13.890 ; 13.890 ; 13.890 ; 13.890 ;
; B[6]       ; Produkt[7]  ; 13.885 ; 13.885 ; 13.885 ; 13.885 ;
; B[6]       ; Produkt[8]  ; 14.087 ; 14.087 ; 14.087 ; 14.087 ;
; B[6]       ; Produkt[9]  ; 12.993 ; 12.993 ; 12.993 ; 12.993 ;
; B[6]       ; Produkt[10] ; 13.010 ; 13.010 ; 13.010 ; 13.010 ;
; B[6]       ; Produkt[11] ; 13.007 ; 13.007 ; 13.007 ; 13.007 ;
; B[6]       ; Produkt[12] ; 13.009 ; 13.009 ; 13.009 ; 13.009 ;
; B[6]       ; Produkt[13] ; 13.020 ; 13.020 ; 13.020 ; 13.020 ;
; B[6]       ; Produkt[14] ; 13.022 ; 13.022 ; 13.022 ; 13.022 ;
; B[6]       ; Produkt[15] ; 13.390 ; 13.390 ; 13.390 ; 13.390 ;
; B[7]       ; Produkt[7]  ; 13.952 ; 13.952 ; 13.952 ; 13.952 ;
; B[7]       ; Produkt[8]  ; 14.154 ; 14.154 ; 14.154 ; 14.154 ;
; B[7]       ; Produkt[9]  ; 13.060 ; 13.060 ; 13.060 ; 13.060 ;
; B[7]       ; Produkt[10] ; 13.077 ; 13.077 ; 13.077 ; 13.077 ;
; B[7]       ; Produkt[11] ; 13.074 ; 13.074 ; 13.074 ; 13.074 ;
; B[7]       ; Produkt[12] ; 13.076 ; 13.076 ; 13.076 ; 13.076 ;
; B[7]       ; Produkt[13] ; 13.087 ; 13.087 ; 13.087 ; 13.087 ;
; B[7]       ; Produkt[14] ; 13.089 ; 13.089 ; 13.089 ; 13.089 ;
; B[7]       ; Produkt[15] ; 13.457 ; 13.457 ; 13.457 ; 13.457 ;
+------------+-------------+--------+--------+--------+--------+


----------------------------
; Fast Model Setup Summary ;
----------------------------
No paths to report.


---------------------------
; Fast Model Hold Summary ;
---------------------------
No paths to report.


-------------------------------
; Fast Model Recovery Summary ;
-------------------------------
No paths to report.


------------------------------
; Fast Model Removal Summary ;
------------------------------
No paths to report.


------------------------------------------
; Fast Model Minimum Pulse Width Summary ;
------------------------------------------
No paths to report.


+----------------------------------------------------------+
; Propagation Delay                                        ;
+------------+-------------+-------+-------+-------+-------+
; Input Port ; Output Port ; RR    ; RF    ; FR    ; FF    ;
+------------+-------------+-------+-------+-------+-------+
; A[0]       ; Produkt[0]  ; 6.622 ; 6.622 ; 6.622 ; 6.622 ;
; A[0]       ; Produkt[1]  ; 6.782 ; 6.782 ; 6.782 ; 6.782 ;
; A[0]       ; Produkt[2]  ; 6.697 ; 6.697 ; 6.697 ; 6.697 ;
; A[0]       ; Produkt[3]  ; 7.021 ; 7.021 ; 7.021 ; 7.021 ;
; A[0]       ; Produkt[4]  ; 7.030 ; 7.030 ; 7.030 ; 7.030 ;
; A[0]       ; Produkt[5]  ; 6.967 ; 6.967 ; 6.967 ; 6.967 ;
; A[0]       ; Produkt[6]  ; 6.832 ; 6.832 ; 6.832 ; 6.832 ;
; A[0]       ; Produkt[7]  ; 6.826 ; 6.826 ; 6.826 ; 6.826 ;
; A[0]       ; Produkt[8]  ; 6.911 ; 6.911 ; 6.911 ; 6.911 ;
; A[0]       ; Produkt[9]  ; 6.386 ; 6.386 ; 6.386 ; 6.386 ;
; A[0]       ; Produkt[10] ; 6.401 ; 6.401 ; 6.401 ; 6.401 ;
; A[0]       ; Produkt[11] ; 6.399 ; 6.399 ; 6.399 ; 6.399 ;
; A[0]       ; Produkt[12] ; 6.400 ; 6.400 ; 6.400 ; 6.400 ;
; A[0]       ; Produkt[13] ; 6.412 ; 6.412 ; 6.412 ; 6.412 ;
; A[0]       ; Produkt[14] ; 6.412 ; 6.412 ; 6.412 ; 6.412 ;
; A[0]       ; Produkt[15] ; 6.612 ; 6.612 ; 6.612 ; 6.612 ;
; A[1]       ; Produkt[1]  ; 4.396 ; 4.396 ; 4.396 ; 4.396 ;
; A[1]       ; Produkt[2]  ; 4.311 ; 4.311 ; 4.311 ; 4.311 ;
; A[1]       ; Produkt[3]  ; 4.635 ; 4.635 ; 4.635 ; 4.635 ;
; A[1]       ; Produkt[4]  ; 4.644 ; 4.644 ; 4.644 ; 4.644 ;
; A[1]       ; Produkt[5]  ; 4.581 ; 4.581 ; 4.581 ; 4.581 ;
; A[1]       ; Produkt[6]  ; 4.446 ; 4.446 ; 4.446 ; 4.446 ;
; A[1]       ; Produkt[7]  ; 4.440 ; 4.440 ; 4.440 ; 4.440 ;
; A[1]       ; Produkt[8]  ; 4.525 ; 4.525 ; 4.525 ; 4.525 ;
; A[1]       ; Produkt[9]  ; 4.000 ; 4.000 ; 4.000 ; 4.000 ;
; A[1]       ; Produkt[10] ; 4.015 ; 4.015 ; 4.015 ; 4.015 ;
; A[1]       ; Produkt[11] ; 4.013 ; 4.013 ; 4.013 ; 4.013 ;
; A[1]       ; Produkt[12] ; 4.014 ; 4.014 ; 4.014 ; 4.014 ;
; A[1]       ; Produkt[13] ; 4.026 ; 4.026 ; 4.026 ; 4.026 ;
; A[1]       ; Produkt[14] ; 4.026 ; 4.026 ; 4.026 ; 4.026 ;
; A[1]       ; Produkt[15] ; 4.226 ; 4.226 ; 4.226 ; 4.226 ;
; A[2]       ; Produkt[2]  ; 4.297 ; 4.297 ; 4.297 ; 4.297 ;
; A[2]       ; Produkt[3]  ; 4.621 ; 4.621 ; 4.621 ; 4.621 ;
; A[2]       ; Produkt[4]  ; 4.630 ; 4.630 ; 4.630 ; 4.630 ;
; A[2]       ; Produkt[5]  ; 4.567 ; 4.567 ; 4.567 ; 4.567 ;
; A[2]       ; Produkt[6]  ; 4.432 ; 4.432 ; 4.432 ; 4.432 ;
; A[2]       ; Produkt[7]  ; 4.426 ; 4.426 ; 4.426 ; 4.426 ;
; A[2]       ; Produkt[8]  ; 4.511 ; 4.511 ; 4.511 ; 4.511 ;
; A[2]       ; Produkt[9]  ; 3.986 ; 3.986 ; 3.986 ; 3.986 ;
; A[2]       ; Produkt[10] ; 4.001 ; 4.001 ; 4.001 ; 4.001 ;
; A[2]       ; Produkt[11] ; 3.999 ; 3.999 ; 3.999 ; 3.999 ;
; A[2]       ; Produkt[12] ; 4.000 ; 4.000 ; 4.000 ; 4.000 ;
; A[2]       ; Produkt[13] ; 4.012 ; 4.012 ; 4.012 ; 4.012 ;
; A[2]       ; Produkt[14] ; 4.012 ; 4.012 ; 4.012 ; 4.012 ;
; A[2]       ; Produkt[15] ; 4.212 ; 4.212 ; 4.212 ; 4.212 ;
; A[3]       ; Produkt[3]  ; 4.654 ; 4.654 ; 4.654 ; 4.654 ;
; A[3]       ; Produkt[4]  ; 4.663 ; 4.663 ; 4.663 ; 4.663 ;
; A[3]       ; Produkt[5]  ; 4.600 ; 4.600 ; 4.600 ; 4.600 ;
; A[3]       ; Produkt[6]  ; 4.465 ; 4.465 ; 4.465 ; 4.465 ;
; A[3]       ; Produkt[7]  ; 4.459 ; 4.459 ; 4.459 ; 4.459 ;
; A[3]       ; Produkt[8]  ; 4.544 ; 4.544 ; 4.544 ; 4.544 ;
; A[3]       ; Produkt[9]  ; 4.019 ; 4.019 ; 4.019 ; 4.019 ;
; A[3]       ; Produkt[10] ; 4.034 ; 4.034 ; 4.034 ; 4.034 ;
; A[3]       ; Produkt[11] ; 4.032 ; 4.032 ; 4.032 ; 4.032 ;
; A[3]       ; Produkt[12] ; 4.033 ; 4.033 ; 4.033 ; 4.033 ;
; A[3]       ; Produkt[13] ; 4.045 ; 4.045 ; 4.045 ; 4.045 ;
; A[3]       ; Produkt[14] ; 4.045 ; 4.045 ; 4.045 ; 4.045 ;
; A[3]       ; Produkt[15] ; 4.245 ; 4.245 ; 4.245 ; 4.245 ;
; A[4]       ; Produkt[4]  ; 4.182 ; 4.182 ; 4.182 ; 4.182 ;
; A[4]       ; Produkt[5]  ; 4.119 ; 4.119 ; 4.119 ; 4.119 ;
; A[4]       ; Produkt[6]  ; 3.984 ; 3.984 ; 3.984 ; 3.984 ;
; A[4]       ; Produkt[7]  ; 3.978 ; 3.978 ; 3.978 ; 3.978 ;
; A[4]       ; Produkt[8]  ; 4.063 ; 4.063 ; 4.063 ; 4.063 ;
; A[4]       ; Produkt[9]  ; 3.538 ; 3.538 ; 3.538 ; 3.538 ;
; A[4]       ; Produkt[10] ; 3.553 ; 3.553 ; 3.553 ; 3.553 ;
; A[4]       ; Produkt[11] ; 3.551 ; 3.551 ; 3.551 ; 3.551 ;
; A[4]       ; Produkt[12] ; 3.552 ; 3.552 ; 3.552 ; 3.552 ;
; A[4]       ; Produkt[13] ; 3.564 ; 3.564 ; 3.564 ; 3.564 ;
; A[4]       ; Produkt[14] ; 3.564 ; 3.564 ; 3.564 ; 3.564 ;
; A[4]       ; Produkt[15] ; 3.764 ; 3.764 ; 3.764 ; 3.764 ;
; A[5]       ; Produkt[5]  ; 4.113 ; 4.113 ; 4.113 ; 4.113 ;
; A[5]       ; Produkt[6]  ; 3.978 ; 3.978 ; 3.978 ; 3.978 ;
; A[5]       ; Produkt[7]  ; 3.972 ; 3.972 ; 3.972 ; 3.972 ;
; A[5]       ; Produkt[8]  ; 4.057 ; 4.057 ; 4.057 ; 4.057 ;
; A[5]       ; Produkt[9]  ; 3.532 ; 3.532 ; 3.532 ; 3.532 ;
; A[5]       ; Produkt[10] ; 3.547 ; 3.547 ; 3.547 ; 3.547 ;
; A[5]       ; Produkt[11] ; 3.545 ; 3.545 ; 3.545 ; 3.545 ;
; A[5]       ; Produkt[12] ; 3.546 ; 3.546 ; 3.546 ; 3.546 ;
; A[5]       ; Produkt[13] ; 3.558 ; 3.558 ; 3.558 ; 3.558 ;
; A[5]       ; Produkt[14] ; 3.558 ; 3.558 ; 3.558 ; 3.558 ;
; A[5]       ; Produkt[15] ; 3.758 ; 3.758 ; 3.758 ; 3.758 ;
; A[6]       ; Produkt[6]  ; 4.017 ; 4.017 ; 4.017 ; 4.017 ;
; A[6]       ; Produkt[7]  ; 4.011 ; 4.011 ; 4.011 ; 4.011 ;
; A[6]       ; Produkt[8]  ; 4.096 ; 4.096 ; 4.096 ; 4.096 ;
; A[6]       ; Produkt[9]  ; 3.571 ; 3.571 ; 3.571 ; 3.571 ;
; A[6]       ; Produkt[10] ; 3.586 ; 3.586 ; 3.586 ; 3.586 ;
; A[6]       ; Produkt[11] ; 3.584 ; 3.584 ; 3.584 ; 3.584 ;
; A[6]       ; Produkt[12] ; 3.585 ; 3.585 ; 3.585 ; 3.585 ;
; A[6]       ; Produkt[13] ; 3.597 ; 3.597 ; 3.597 ; 3.597 ;
; A[6]       ; Produkt[14] ; 3.597 ; 3.597 ; 3.597 ; 3.597 ;
; A[6]       ; Produkt[15] ; 3.797 ; 3.797 ; 3.797 ; 3.797 ;
; A[7]       ; Produkt[7]  ; 3.953 ; 3.953 ; 3.953 ; 3.953 ;
; A[7]       ; Produkt[8]  ; 4.038 ; 4.038 ; 4.038 ; 4.038 ;
; A[7]       ; Produkt[9]  ; 3.513 ; 3.513 ; 3.513 ; 3.513 ;
; A[7]       ; Produkt[10] ; 3.528 ; 3.528 ; 3.528 ; 3.528 ;
; A[7]       ; Produkt[11] ; 3.526 ; 3.526 ; 3.526 ; 3.526 ;
; A[7]       ; Produkt[12] ; 3.527 ; 3.527 ; 3.527 ; 3.527 ;
; A[7]       ; Produkt[13] ; 3.539 ; 3.539 ; 3.539 ; 3.539 ;
; A[7]       ; Produkt[14] ; 3.539 ; 3.539 ; 3.539 ; 3.539 ;
; A[7]       ; Produkt[15] ; 3.739 ; 3.739 ; 3.739 ; 3.739 ;
; B[0]       ; Produkt[0]  ; 4.281 ; 4.281 ; 4.281 ; 4.281 ;
; B[0]       ; Produkt[1]  ; 4.441 ; 4.441 ; 4.441 ; 4.441 ;
; B[0]       ; Produkt[2]  ; 4.356 ; 4.356 ; 4.356 ; 4.356 ;
; B[0]       ; Produkt[3]  ; 4.680 ; 4.680 ; 4.680 ; 4.680 ;
; B[0]       ; Produkt[4]  ; 4.689 ; 4.689 ; 4.689 ; 4.689 ;
; B[0]       ; Produkt[5]  ; 4.626 ; 4.626 ; 4.626 ; 4.626 ;
; B[0]       ; Produkt[6]  ; 4.491 ; 4.491 ; 4.491 ; 4.491 ;
; B[0]       ; Produkt[7]  ; 4.485 ; 4.485 ; 4.485 ; 4.485 ;
; B[0]       ; Produkt[8]  ; 4.570 ; 4.570 ; 4.570 ; 4.570 ;
; B[0]       ; Produkt[9]  ; 4.045 ; 4.045 ; 4.045 ; 4.045 ;
; B[0]       ; Produkt[10] ; 4.060 ; 4.060 ; 4.060 ; 4.060 ;
; B[0]       ; Produkt[11] ; 4.058 ; 4.058 ; 4.058 ; 4.058 ;
; B[0]       ; Produkt[12] ; 4.059 ; 4.059 ; 4.059 ; 4.059 ;
; B[0]       ; Produkt[13] ; 4.071 ; 4.071 ; 4.071 ; 4.071 ;
; B[0]       ; Produkt[14] ; 4.071 ; 4.071 ; 4.071 ; 4.071 ;
; B[0]       ; Produkt[15] ; 4.271 ; 4.271 ; 4.271 ; 4.271 ;
; B[1]       ; Produkt[1]  ; 4.565 ; 4.565 ; 4.565 ; 4.565 ;
; B[1]       ; Produkt[2]  ; 4.480 ; 4.480 ; 4.480 ; 4.480 ;
; B[1]       ; Produkt[3]  ; 4.804 ; 4.804 ; 4.804 ; 4.804 ;
; B[1]       ; Produkt[4]  ; 4.813 ; 4.813 ; 4.813 ; 4.813 ;
; B[1]       ; Produkt[5]  ; 4.750 ; 4.750 ; 4.750 ; 4.750 ;
; B[1]       ; Produkt[6]  ; 4.615 ; 4.615 ; 4.615 ; 4.615 ;
; B[1]       ; Produkt[7]  ; 4.609 ; 4.609 ; 4.609 ; 4.609 ;
; B[1]       ; Produkt[8]  ; 4.694 ; 4.694 ; 4.694 ; 4.694 ;
; B[1]       ; Produkt[9]  ; 4.169 ; 4.169 ; 4.169 ; 4.169 ;
; B[1]       ; Produkt[10] ; 4.184 ; 4.184 ; 4.184 ; 4.184 ;
; B[1]       ; Produkt[11] ; 4.182 ; 4.182 ; 4.182 ; 4.182 ;
; B[1]       ; Produkt[12] ; 4.183 ; 4.183 ; 4.183 ; 4.183 ;
; B[1]       ; Produkt[13] ; 4.195 ; 4.195 ; 4.195 ; 4.195 ;
; B[1]       ; Produkt[14] ; 4.195 ; 4.195 ; 4.195 ; 4.195 ;
; B[1]       ; Produkt[15] ; 4.395 ; 4.395 ; 4.395 ; 4.395 ;
; B[2]       ; Produkt[2]  ; 4.578 ; 4.578 ; 4.578 ; 4.578 ;
; B[2]       ; Produkt[3]  ; 4.902 ; 4.902 ; 4.902 ; 4.902 ;
; B[2]       ; Produkt[4]  ; 4.911 ; 4.911 ; 4.911 ; 4.911 ;
; B[2]       ; Produkt[5]  ; 4.848 ; 4.848 ; 4.848 ; 4.848 ;
; B[2]       ; Produkt[6]  ; 4.713 ; 4.713 ; 4.713 ; 4.713 ;
; B[2]       ; Produkt[7]  ; 4.707 ; 4.707 ; 4.707 ; 4.707 ;
; B[2]       ; Produkt[8]  ; 4.792 ; 4.792 ; 4.792 ; 4.792 ;
; B[2]       ; Produkt[9]  ; 4.267 ; 4.267 ; 4.267 ; 4.267 ;
; B[2]       ; Produkt[10] ; 4.282 ; 4.282 ; 4.282 ; 4.282 ;
; B[2]       ; Produkt[11] ; 4.280 ; 4.280 ; 4.280 ; 4.280 ;
; B[2]       ; Produkt[12] ; 4.281 ; 4.281 ; 4.281 ; 4.281 ;
; B[2]       ; Produkt[13] ; 4.293 ; 4.293 ; 4.293 ; 4.293 ;
; B[2]       ; Produkt[14] ; 4.293 ; 4.293 ; 4.293 ; 4.293 ;
; B[2]       ; Produkt[15] ; 4.493 ; 4.493 ; 4.493 ; 4.493 ;
; B[3]       ; Produkt[3]  ; 4.613 ; 4.613 ; 4.613 ; 4.613 ;
; B[3]       ; Produkt[4]  ; 4.622 ; 4.622 ; 4.622 ; 4.622 ;
; B[3]       ; Produkt[5]  ; 4.559 ; 4.559 ; 4.559 ; 4.559 ;
; B[3]       ; Produkt[6]  ; 4.424 ; 4.424 ; 4.424 ; 4.424 ;
; B[3]       ; Produkt[7]  ; 4.418 ; 4.418 ; 4.418 ; 4.418 ;
; B[3]       ; Produkt[8]  ; 4.503 ; 4.503 ; 4.503 ; 4.503 ;
; B[3]       ; Produkt[9]  ; 3.978 ; 3.978 ; 3.978 ; 3.978 ;
; B[3]       ; Produkt[10] ; 3.993 ; 3.993 ; 3.993 ; 3.993 ;
; B[3]       ; Produkt[11] ; 3.991 ; 3.991 ; 3.991 ; 3.991 ;
; B[3]       ; Produkt[12] ; 3.992 ; 3.992 ; 3.992 ; 3.992 ;
; B[3]       ; Produkt[13] ; 4.004 ; 4.004 ; 4.004 ; 4.004 ;
; B[3]       ; Produkt[14] ; 4.004 ; 4.004 ; 4.004 ; 4.004 ;
; B[3]       ; Produkt[15] ; 4.204 ; 4.204 ; 4.204 ; 4.204 ;
; B[4]       ; Produkt[4]  ; 4.542 ; 4.542 ; 4.542 ; 4.542 ;
; B[4]       ; Produkt[5]  ; 4.479 ; 4.479 ; 4.479 ; 4.479 ;
; B[4]       ; Produkt[6]  ; 4.344 ; 4.344 ; 4.344 ; 4.344 ;
; B[4]       ; Produkt[7]  ; 4.338 ; 4.338 ; 4.338 ; 4.338 ;
; B[4]       ; Produkt[8]  ; 4.423 ; 4.423 ; 4.423 ; 4.423 ;
; B[4]       ; Produkt[9]  ; 3.898 ; 3.898 ; 3.898 ; 3.898 ;
; B[4]       ; Produkt[10] ; 3.913 ; 3.913 ; 3.913 ; 3.913 ;
; B[4]       ; Produkt[11] ; 3.911 ; 3.911 ; 3.911 ; 3.911 ;
; B[4]       ; Produkt[12] ; 3.912 ; 3.912 ; 3.912 ; 3.912 ;
; B[4]       ; Produkt[13] ; 3.924 ; 3.924 ; 3.924 ; 3.924 ;
; B[4]       ; Produkt[14] ; 3.924 ; 3.924 ; 3.924 ; 3.924 ;
; B[4]       ; Produkt[15] ; 4.124 ; 4.124 ; 4.124 ; 4.124 ;
; B[5]       ; Produkt[5]  ; 4.525 ; 4.525 ; 4.525 ; 4.525 ;
; B[5]       ; Produkt[6]  ; 4.390 ; 4.390 ; 4.390 ; 4.390 ;
; B[5]       ; Produkt[7]  ; 4.384 ; 4.384 ; 4.384 ; 4.384 ;
; B[5]       ; Produkt[8]  ; 4.469 ; 4.469 ; 4.469 ; 4.469 ;
; B[5]       ; Produkt[9]  ; 3.944 ; 3.944 ; 3.944 ; 3.944 ;
; B[5]       ; Produkt[10] ; 3.959 ; 3.959 ; 3.959 ; 3.959 ;
; B[5]       ; Produkt[11] ; 3.957 ; 3.957 ; 3.957 ; 3.957 ;
; B[5]       ; Produkt[12] ; 3.958 ; 3.958 ; 3.958 ; 3.958 ;
; B[5]       ; Produkt[13] ; 3.970 ; 3.970 ; 3.970 ; 3.970 ;
; B[5]       ; Produkt[14] ; 3.970 ; 3.970 ; 3.970 ; 3.970 ;
; B[5]       ; Produkt[15] ; 4.170 ; 4.170 ; 4.170 ; 4.170 ;
; B[6]       ; Produkt[6]  ; 6.719 ; 6.719 ; 6.719 ; 6.719 ;
; B[6]       ; Produkt[7]  ; 6.713 ; 6.713 ; 6.713 ; 6.713 ;
; B[6]       ; Produkt[8]  ; 6.798 ; 6.798 ; 6.798 ; 6.798 ;
; B[6]       ; Produkt[9]  ; 6.273 ; 6.273 ; 6.273 ; 6.273 ;
; B[6]       ; Produkt[10] ; 6.288 ; 6.288 ; 6.288 ; 6.288 ;
; B[6]       ; Produkt[11] ; 6.286 ; 6.286 ; 6.286 ; 6.286 ;
; B[6]       ; Produkt[12] ; 6.287 ; 6.287 ; 6.287 ; 6.287 ;
; B[6]       ; Produkt[13] ; 6.299 ; 6.299 ; 6.299 ; 6.299 ;
; B[6]       ; Produkt[14] ; 6.299 ; 6.299 ; 6.299 ; 6.299 ;
; B[6]       ; Produkt[15] ; 6.499 ; 6.499 ; 6.499 ; 6.499 ;
; B[7]       ; Produkt[7]  ; 6.769 ; 6.769 ; 6.769 ; 6.769 ;
; B[7]       ; Produkt[8]  ; 6.854 ; 6.854 ; 6.854 ; 6.854 ;
; B[7]       ; Produkt[9]  ; 6.329 ; 6.329 ; 6.329 ; 6.329 ;
; B[7]       ; Produkt[10] ; 6.344 ; 6.344 ; 6.344 ; 6.344 ;
; B[7]       ; Produkt[11] ; 6.342 ; 6.342 ; 6.342 ; 6.342 ;
; B[7]       ; Produkt[12] ; 6.343 ; 6.343 ; 6.343 ; 6.343 ;
; B[7]       ; Produkt[13] ; 6.355 ; 6.355 ; 6.355 ; 6.355 ;
; B[7]       ; Produkt[14] ; 6.355 ; 6.355 ; 6.355 ; 6.355 ;
; B[7]       ; Produkt[15] ; 6.555 ; 6.555 ; 6.555 ; 6.555 ;
+------------+-------------+-------+-------+-------+-------+


+----------------------------------------------------------+
; Minimum Propagation Delay                                ;
+------------+-------------+-------+-------+-------+-------+
; Input Port ; Output Port ; RR    ; RF    ; FR    ; FF    ;
+------------+-------------+-------+-------+-------+-------+
; A[0]       ; Produkt[0]  ; 6.622 ; 6.622 ; 6.622 ; 6.622 ;
; A[0]       ; Produkt[1]  ; 6.782 ; 6.782 ; 6.782 ; 6.782 ;
; A[0]       ; Produkt[2]  ; 6.697 ; 6.697 ; 6.697 ; 6.697 ;
; A[0]       ; Produkt[3]  ; 7.021 ; 7.021 ; 7.021 ; 7.021 ;
; A[0]       ; Produkt[4]  ; 7.030 ; 7.030 ; 7.030 ; 7.030 ;
; A[0]       ; Produkt[5]  ; 6.967 ; 6.967 ; 6.967 ; 6.967 ;
; A[0]       ; Produkt[6]  ; 6.832 ; 6.832 ; 6.832 ; 6.832 ;
; A[0]       ; Produkt[7]  ; 6.826 ; 6.826 ; 6.826 ; 6.826 ;
; A[0]       ; Produkt[8]  ; 6.911 ; 6.911 ; 6.911 ; 6.911 ;
; A[0]       ; Produkt[9]  ; 6.386 ; 6.386 ; 6.386 ; 6.386 ;
; A[0]       ; Produkt[10] ; 6.401 ; 6.401 ; 6.401 ; 6.401 ;
; A[0]       ; Produkt[11] ; 6.399 ; 6.399 ; 6.399 ; 6.399 ;
; A[0]       ; Produkt[12] ; 6.400 ; 6.400 ; 6.400 ; 6.400 ;
; A[0]       ; Produkt[13] ; 6.412 ; 6.412 ; 6.412 ; 6.412 ;
; A[0]       ; Produkt[14] ; 6.412 ; 6.412 ; 6.412 ; 6.412 ;
; A[0]       ; Produkt[15] ; 6.612 ; 6.612 ; 6.612 ; 6.612 ;
; A[1]       ; Produkt[1]  ; 4.396 ; 4.396 ; 4.396 ; 4.396 ;
; A[1]       ; Produkt[2]  ; 4.311 ; 4.311 ; 4.311 ; 4.311 ;
; A[1]       ; Produkt[3]  ; 4.635 ; 4.635 ; 4.635 ; 4.635 ;
; A[1]       ; Produkt[4]  ; 4.644 ; 4.644 ; 4.644 ; 4.644 ;
; A[1]       ; Produkt[5]  ; 4.581 ; 4.581 ; 4.581 ; 4.581 ;
; A[1]       ; Produkt[6]  ; 4.446 ; 4.446 ; 4.446 ; 4.446 ;
; A[1]       ; Produkt[7]  ; 4.440 ; 4.440 ; 4.440 ; 4.440 ;
; A[1]       ; Produkt[8]  ; 4.525 ; 4.525 ; 4.525 ; 4.525 ;
; A[1]       ; Produkt[9]  ; 4.000 ; 4.000 ; 4.000 ; 4.000 ;
; A[1]       ; Produkt[10] ; 4.015 ; 4.015 ; 4.015 ; 4.015 ;
; A[1]       ; Produkt[11] ; 4.013 ; 4.013 ; 4.013 ; 4.013 ;
; A[1]       ; Produkt[12] ; 4.014 ; 4.014 ; 4.014 ; 4.014 ;
; A[1]       ; Produkt[13] ; 4.026 ; 4.026 ; 4.026 ; 4.026 ;
; A[1]       ; Produkt[14] ; 4.026 ; 4.026 ; 4.026 ; 4.026 ;
; A[1]       ; Produkt[15] ; 4.226 ; 4.226 ; 4.226 ; 4.226 ;
; A[2]       ; Produkt[2]  ; 4.297 ; 4.297 ; 4.297 ; 4.297 ;
; A[2]       ; Produkt[3]  ; 4.621 ; 4.621 ; 4.621 ; 4.621 ;
; A[2]       ; Produkt[4]  ; 4.630 ; 4.630 ; 4.630 ; 4.630 ;
; A[2]       ; Produkt[5]  ; 4.567 ; 4.567 ; 4.567 ; 4.567 ;
; A[2]       ; Produkt[6]  ; 4.432 ; 4.432 ; 4.432 ; 4.432 ;
; A[2]       ; Produkt[7]  ; 4.426 ; 4.426 ; 4.426 ; 4.426 ;
; A[2]       ; Produkt[8]  ; 4.511 ; 4.511 ; 4.511 ; 4.511 ;
; A[2]       ; Produkt[9]  ; 3.986 ; 3.986 ; 3.986 ; 3.986 ;
; A[2]       ; Produkt[10] ; 4.001 ; 4.001 ; 4.001 ; 4.001 ;
; A[2]       ; Produkt[11] ; 3.999 ; 3.999 ; 3.999 ; 3.999 ;
; A[2]       ; Produkt[12] ; 4.000 ; 4.000 ; 4.000 ; 4.000 ;
; A[2]       ; Produkt[13] ; 4.012 ; 4.012 ; 4.012 ; 4.012 ;
; A[2]       ; Produkt[14] ; 4.012 ; 4.012 ; 4.012 ; 4.012 ;
; A[2]       ; Produkt[15] ; 4.212 ; 4.212 ; 4.212 ; 4.212 ;
; A[3]       ; Produkt[3]  ; 4.654 ; 4.654 ; 4.654 ; 4.654 ;
; A[3]       ; Produkt[4]  ; 4.663 ; 4.663 ; 4.663 ; 4.663 ;
; A[3]       ; Produkt[5]  ; 4.600 ; 4.600 ; 4.600 ; 4.600 ;
; A[3]       ; Produkt[6]  ; 4.465 ; 4.465 ; 4.465 ; 4.465 ;
; A[3]       ; Produkt[7]  ; 4.459 ; 4.459 ; 4.459 ; 4.459 ;
; A[3]       ; Produkt[8]  ; 4.544 ; 4.544 ; 4.544 ; 4.544 ;
; A[3]       ; Produkt[9]  ; 4.019 ; 4.019 ; 4.019 ; 4.019 ;
; A[3]       ; Produkt[10] ; 4.034 ; 4.034 ; 4.034 ; 4.034 ;
; A[3]       ; Produkt[11] ; 4.032 ; 4.032 ; 4.032 ; 4.032 ;
; A[3]       ; Produkt[12] ; 4.033 ; 4.033 ; 4.033 ; 4.033 ;
; A[3]       ; Produkt[13] ; 4.045 ; 4.045 ; 4.045 ; 4.045 ;
; A[3]       ; Produkt[14] ; 4.045 ; 4.045 ; 4.045 ; 4.045 ;
; A[3]       ; Produkt[15] ; 4.245 ; 4.245 ; 4.245 ; 4.245 ;
; A[4]       ; Produkt[4]  ; 4.182 ; 4.182 ; 4.182 ; 4.182 ;
; A[4]       ; Produkt[5]  ; 4.119 ; 4.119 ; 4.119 ; 4.119 ;
; A[4]       ; Produkt[6]  ; 3.984 ; 3.984 ; 3.984 ; 3.984 ;
; A[4]       ; Produkt[7]  ; 3.978 ; 3.978 ; 3.978 ; 3.978 ;
; A[4]       ; Produkt[8]  ; 4.063 ; 4.063 ; 4.063 ; 4.063 ;
; A[4]       ; Produkt[9]  ; 3.538 ; 3.538 ; 3.538 ; 3.538 ;
; A[4]       ; Produkt[10] ; 3.553 ; 3.553 ; 3.553 ; 3.553 ;
; A[4]       ; Produkt[11] ; 3.551 ; 3.551 ; 3.551 ; 3.551 ;
; A[4]       ; Produkt[12] ; 3.552 ; 3.552 ; 3.552 ; 3.552 ;
; A[4]       ; Produkt[13] ; 3.564 ; 3.564 ; 3.564 ; 3.564 ;
; A[4]       ; Produkt[14] ; 3.564 ; 3.564 ; 3.564 ; 3.564 ;
; A[4]       ; Produkt[15] ; 3.764 ; 3.764 ; 3.764 ; 3.764 ;
; A[5]       ; Produkt[5]  ; 4.113 ; 4.113 ; 4.113 ; 4.113 ;
; A[5]       ; Produkt[6]  ; 3.978 ; 3.978 ; 3.978 ; 3.978 ;
; A[5]       ; Produkt[7]  ; 3.972 ; 3.972 ; 3.972 ; 3.972 ;
; A[5]       ; Produkt[8]  ; 4.057 ; 4.057 ; 4.057 ; 4.057 ;
; A[5]       ; Produkt[9]  ; 3.532 ; 3.532 ; 3.532 ; 3.532 ;
; A[5]       ; Produkt[10] ; 3.547 ; 3.547 ; 3.547 ; 3.547 ;
; A[5]       ; Produkt[11] ; 3.545 ; 3.545 ; 3.545 ; 3.545 ;
; A[5]       ; Produkt[12] ; 3.546 ; 3.546 ; 3.546 ; 3.546 ;
; A[5]       ; Produkt[13] ; 3.558 ; 3.558 ; 3.558 ; 3.558 ;
; A[5]       ; Produkt[14] ; 3.558 ; 3.558 ; 3.558 ; 3.558 ;
; A[5]       ; Produkt[15] ; 3.758 ; 3.758 ; 3.758 ; 3.758 ;
; A[6]       ; Produkt[6]  ; 4.017 ; 4.017 ; 4.017 ; 4.017 ;
; A[6]       ; Produkt[7]  ; 4.011 ; 4.011 ; 4.011 ; 4.011 ;
; A[6]       ; Produkt[8]  ; 4.096 ; 4.096 ; 4.096 ; 4.096 ;
; A[6]       ; Produkt[9]  ; 3.571 ; 3.571 ; 3.571 ; 3.571 ;
; A[6]       ; Produkt[10] ; 3.586 ; 3.586 ; 3.586 ; 3.586 ;
; A[6]       ; Produkt[11] ; 3.584 ; 3.584 ; 3.584 ; 3.584 ;
; A[6]       ; Produkt[12] ; 3.585 ; 3.585 ; 3.585 ; 3.585 ;
; A[6]       ; Produkt[13] ; 3.597 ; 3.597 ; 3.597 ; 3.597 ;
; A[6]       ; Produkt[14] ; 3.597 ; 3.597 ; 3.597 ; 3.597 ;
; A[6]       ; Produkt[15] ; 3.797 ; 3.797 ; 3.797 ; 3.797 ;
; A[7]       ; Produkt[7]  ; 3.953 ; 3.953 ; 3.953 ; 3.953 ;
; A[7]       ; Produkt[8]  ; 4.038 ; 4.038 ; 4.038 ; 4.038 ;
; A[7]       ; Produkt[9]  ; 3.513 ; 3.513 ; 3.513 ; 3.513 ;
; A[7]       ; Produkt[10] ; 3.528 ; 3.528 ; 3.528 ; 3.528 ;
; A[7]       ; Produkt[11] ; 3.526 ; 3.526 ; 3.526 ; 3.526 ;
; A[7]       ; Produkt[12] ; 3.527 ; 3.527 ; 3.527 ; 3.527 ;
; A[7]       ; Produkt[13] ; 3.539 ; 3.539 ; 3.539 ; 3.539 ;
; A[7]       ; Produkt[14] ; 3.539 ; 3.539 ; 3.539 ; 3.539 ;
; A[7]       ; Produkt[15] ; 3.739 ; 3.739 ; 3.739 ; 3.739 ;
; B[0]       ; Produkt[0]  ; 4.281 ; 4.281 ; 4.281 ; 4.281 ;
; B[0]       ; Produkt[1]  ; 4.441 ; 4.441 ; 4.441 ; 4.441 ;
; B[0]       ; Produkt[2]  ; 4.356 ; 4.356 ; 4.356 ; 4.356 ;
; B[0]       ; Produkt[3]  ; 4.680 ; 4.680 ; 4.680 ; 4.680 ;
; B[0]       ; Produkt[4]  ; 4.689 ; 4.689 ; 4.689 ; 4.689 ;
; B[0]       ; Produkt[5]  ; 4.626 ; 4.626 ; 4.626 ; 4.626 ;
; B[0]       ; Produkt[6]  ; 4.491 ; 4.491 ; 4.491 ; 4.491 ;
; B[0]       ; Produkt[7]  ; 4.485 ; 4.485 ; 4.485 ; 4.485 ;
; B[0]       ; Produkt[8]  ; 4.570 ; 4.570 ; 4.570 ; 4.570 ;
; B[0]       ; Produkt[9]  ; 4.045 ; 4.045 ; 4.045 ; 4.045 ;
; B[0]       ; Produkt[10] ; 4.060 ; 4.060 ; 4.060 ; 4.060 ;
; B[0]       ; Produkt[11] ; 4.058 ; 4.058 ; 4.058 ; 4.058 ;
; B[0]       ; Produkt[12] ; 4.059 ; 4.059 ; 4.059 ; 4.059 ;
; B[0]       ; Produkt[13] ; 4.071 ; 4.071 ; 4.071 ; 4.071 ;
; B[0]       ; Produkt[14] ; 4.071 ; 4.071 ; 4.071 ; 4.071 ;
; B[0]       ; Produkt[15] ; 4.271 ; 4.271 ; 4.271 ; 4.271 ;
; B[1]       ; Produkt[1]  ; 4.565 ; 4.565 ; 4.565 ; 4.565 ;
; B[1]       ; Produkt[2]  ; 4.480 ; 4.480 ; 4.480 ; 4.480 ;
; B[1]       ; Produkt[3]  ; 4.804 ; 4.804 ; 4.804 ; 4.804 ;
; B[1]       ; Produkt[4]  ; 4.813 ; 4.813 ; 4.813 ; 4.813 ;
; B[1]       ; Produkt[5]  ; 4.750 ; 4.750 ; 4.750 ; 4.750 ;
; B[1]       ; Produkt[6]  ; 4.615 ; 4.615 ; 4.615 ; 4.615 ;
; B[1]       ; Produkt[7]  ; 4.609 ; 4.609 ; 4.609 ; 4.609 ;
; B[1]       ; Produkt[8]  ; 4.694 ; 4.694 ; 4.694 ; 4.694 ;
; B[1]       ; Produkt[9]  ; 4.169 ; 4.169 ; 4.169 ; 4.169 ;
; B[1]       ; Produkt[10] ; 4.184 ; 4.184 ; 4.184 ; 4.184 ;
; B[1]       ; Produkt[11] ; 4.182 ; 4.182 ; 4.182 ; 4.182 ;
; B[1]       ; Produkt[12] ; 4.183 ; 4.183 ; 4.183 ; 4.183 ;
; B[1]       ; Produkt[13] ; 4.195 ; 4.195 ; 4.195 ; 4.195 ;
; B[1]       ; Produkt[14] ; 4.195 ; 4.195 ; 4.195 ; 4.195 ;
; B[1]       ; Produkt[15] ; 4.395 ; 4.395 ; 4.395 ; 4.395 ;
; B[2]       ; Produkt[2]  ; 4.578 ; 4.578 ; 4.578 ; 4.578 ;
; B[2]       ; Produkt[3]  ; 4.902 ; 4.902 ; 4.902 ; 4.902 ;
; B[2]       ; Produkt[4]  ; 4.911 ; 4.911 ; 4.911 ; 4.911 ;
; B[2]       ; Produkt[5]  ; 4.848 ; 4.848 ; 4.848 ; 4.848 ;
; B[2]       ; Produkt[6]  ; 4.713 ; 4.713 ; 4.713 ; 4.713 ;
; B[2]       ; Produkt[7]  ; 4.707 ; 4.707 ; 4.707 ; 4.707 ;
; B[2]       ; Produkt[8]  ; 4.792 ; 4.792 ; 4.792 ; 4.792 ;
; B[2]       ; Produkt[9]  ; 4.267 ; 4.267 ; 4.267 ; 4.267 ;
; B[2]       ; Produkt[10] ; 4.282 ; 4.282 ; 4.282 ; 4.282 ;
; B[2]       ; Produkt[11] ; 4.280 ; 4.280 ; 4.280 ; 4.280 ;
; B[2]       ; Produkt[12] ; 4.281 ; 4.281 ; 4.281 ; 4.281 ;
; B[2]       ; Produkt[13] ; 4.293 ; 4.293 ; 4.293 ; 4.293 ;
; B[2]       ; Produkt[14] ; 4.293 ; 4.293 ; 4.293 ; 4.293 ;
; B[2]       ; Produkt[15] ; 4.493 ; 4.493 ; 4.493 ; 4.493 ;
; B[3]       ; Produkt[3]  ; 4.613 ; 4.613 ; 4.613 ; 4.613 ;
; B[3]       ; Produkt[4]  ; 4.622 ; 4.622 ; 4.622 ; 4.622 ;
; B[3]       ; Produkt[5]  ; 4.559 ; 4.559 ; 4.559 ; 4.559 ;
; B[3]       ; Produkt[6]  ; 4.424 ; 4.424 ; 4.424 ; 4.424 ;
; B[3]       ; Produkt[7]  ; 4.418 ; 4.418 ; 4.418 ; 4.418 ;
; B[3]       ; Produkt[8]  ; 4.503 ; 4.503 ; 4.503 ; 4.503 ;
; B[3]       ; Produkt[9]  ; 3.978 ; 3.978 ; 3.978 ; 3.978 ;
; B[3]       ; Produkt[10] ; 3.993 ; 3.993 ; 3.993 ; 3.993 ;
; B[3]       ; Produkt[11] ; 3.991 ; 3.991 ; 3.991 ; 3.991 ;
; B[3]       ; Produkt[12] ; 3.992 ; 3.992 ; 3.992 ; 3.992 ;
; B[3]       ; Produkt[13] ; 4.004 ; 4.004 ; 4.004 ; 4.004 ;
; B[3]       ; Produkt[14] ; 4.004 ; 4.004 ; 4.004 ; 4.004 ;
; B[3]       ; Produkt[15] ; 4.204 ; 4.204 ; 4.204 ; 4.204 ;
; B[4]       ; Produkt[4]  ; 4.542 ; 4.542 ; 4.542 ; 4.542 ;
; B[4]       ; Produkt[5]  ; 4.479 ; 4.479 ; 4.479 ; 4.479 ;
; B[4]       ; Produkt[6]  ; 4.344 ; 4.344 ; 4.344 ; 4.344 ;
; B[4]       ; Produkt[7]  ; 4.338 ; 4.338 ; 4.338 ; 4.338 ;
; B[4]       ; Produkt[8]  ; 4.423 ; 4.423 ; 4.423 ; 4.423 ;
; B[4]       ; Produkt[9]  ; 3.898 ; 3.898 ; 3.898 ; 3.898 ;
; B[4]       ; Produkt[10] ; 3.913 ; 3.913 ; 3.913 ; 3.913 ;
; B[4]       ; Produkt[11] ; 3.911 ; 3.911 ; 3.911 ; 3.911 ;
; B[4]       ; Produkt[12] ; 3.912 ; 3.912 ; 3.912 ; 3.912 ;
; B[4]       ; Produkt[13] ; 3.924 ; 3.924 ; 3.924 ; 3.924 ;
; B[4]       ; Produkt[14] ; 3.924 ; 3.924 ; 3.924 ; 3.924 ;
; B[4]       ; Produkt[15] ; 4.124 ; 4.124 ; 4.124 ; 4.124 ;
; B[5]       ; Produkt[5]  ; 4.525 ; 4.525 ; 4.525 ; 4.525 ;
; B[5]       ; Produkt[6]  ; 4.390 ; 4.390 ; 4.390 ; 4.390 ;
; B[5]       ; Produkt[7]  ; 4.384 ; 4.384 ; 4.384 ; 4.384 ;
; B[5]       ; Produkt[8]  ; 4.469 ; 4.469 ; 4.469 ; 4.469 ;
; B[5]       ; Produkt[9]  ; 3.944 ; 3.944 ; 3.944 ; 3.944 ;
; B[5]       ; Produkt[10] ; 3.959 ; 3.959 ; 3.959 ; 3.959 ;
; B[5]       ; Produkt[11] ; 3.957 ; 3.957 ; 3.957 ; 3.957 ;
; B[5]       ; Produkt[12] ; 3.958 ; 3.958 ; 3.958 ; 3.958 ;
; B[5]       ; Produkt[13] ; 3.970 ; 3.970 ; 3.970 ; 3.970 ;
; B[5]       ; Produkt[14] ; 3.970 ; 3.970 ; 3.970 ; 3.970 ;
; B[5]       ; Produkt[15] ; 4.170 ; 4.170 ; 4.170 ; 4.170 ;
; B[6]       ; Produkt[6]  ; 6.719 ; 6.719 ; 6.719 ; 6.719 ;
; B[6]       ; Produkt[7]  ; 6.713 ; 6.713 ; 6.713 ; 6.713 ;
; B[6]       ; Produkt[8]  ; 6.798 ; 6.798 ; 6.798 ; 6.798 ;
; B[6]       ; Produkt[9]  ; 6.273 ; 6.273 ; 6.273 ; 6.273 ;
; B[6]       ; Produkt[10] ; 6.288 ; 6.288 ; 6.288 ; 6.288 ;
; B[6]       ; Produkt[11] ; 6.286 ; 6.286 ; 6.286 ; 6.286 ;
; B[6]       ; Produkt[12] ; 6.287 ; 6.287 ; 6.287 ; 6.287 ;
; B[6]       ; Produkt[13] ; 6.299 ; 6.299 ; 6.299 ; 6.299 ;
; B[6]       ; Produkt[14] ; 6.299 ; 6.299 ; 6.299 ; 6.299 ;
; B[6]       ; Produkt[15] ; 6.499 ; 6.499 ; 6.499 ; 6.499 ;
; B[7]       ; Produkt[7]  ; 6.769 ; 6.769 ; 6.769 ; 6.769 ;
; B[7]       ; Produkt[8]  ; 6.854 ; 6.854 ; 6.854 ; 6.854 ;
; B[7]       ; Produkt[9]  ; 6.329 ; 6.329 ; 6.329 ; 6.329 ;
; B[7]       ; Produkt[10] ; 6.344 ; 6.344 ; 6.344 ; 6.344 ;
; B[7]       ; Produkt[11] ; 6.342 ; 6.342 ; 6.342 ; 6.342 ;
; B[7]       ; Produkt[12] ; 6.343 ; 6.343 ; 6.343 ; 6.343 ;
; B[7]       ; Produkt[13] ; 6.355 ; 6.355 ; 6.355 ; 6.355 ;
; B[7]       ; Produkt[14] ; 6.355 ; 6.355 ; 6.355 ; 6.355 ;
; B[7]       ; Produkt[15] ; 6.555 ; 6.555 ; 6.555 ; 6.555 ;
+------------+-------------+-------+-------+-------+-------+


+----------------------------------------------------------------------------+
; Multicorner Timing Analysis Summary                                        ;
+------------------+-------+------+----------+---------+---------------------+
; Clock            ; Setup ; Hold ; Recovery ; Removal ; Minimum Pulse Width ;
+------------------+-------+------+----------+---------+---------------------+
; Worst-case Slack ; N/A   ; N/A  ; N/A      ; N/A     ; N/A                 ;
; Design-wide TNS  ; 0.0   ; 0.0  ; 0.0      ; 0.0     ; 0.0                 ;
+------------------+-------+------+----------+---------+---------------------+


+--------------------------------------------------------------+
; Progagation Delay                                            ;
+------------+-------------+--------+--------+--------+--------+
; Input Port ; Output Port ; RR     ; RF     ; FR     ; FF     ;
+------------+-------------+--------+--------+--------+--------+
; A[0]       ; Produkt[0]  ; 13.309 ; 13.309 ; 13.309 ; 13.309 ;
; A[0]       ; Produkt[1]  ; 13.633 ; 13.633 ; 13.633 ; 13.633 ;
; A[0]       ; Produkt[2]  ; 13.430 ; 13.430 ; 13.430 ; 13.430 ;
; A[0]       ; Produkt[3]  ; 14.292 ; 14.292 ; 14.292 ; 14.292 ;
; A[0]       ; Produkt[4]  ; 14.305 ; 14.305 ; 14.305 ; 14.305 ;
; A[0]       ; Produkt[5]  ; 14.080 ; 14.080 ; 14.080 ; 14.080 ;
; A[0]       ; Produkt[6]  ; 13.794 ; 13.794 ; 13.794 ; 13.794 ;
; A[0]       ; Produkt[7]  ; 13.789 ; 13.789 ; 13.789 ; 13.789 ;
; A[0]       ; Produkt[8]  ; 13.991 ; 13.991 ; 13.991 ; 13.991 ;
; A[0]       ; Produkt[9]  ; 12.897 ; 12.897 ; 12.897 ; 12.897 ;
; A[0]       ; Produkt[10] ; 12.914 ; 12.914 ; 12.914 ; 12.914 ;
; A[0]       ; Produkt[11] ; 12.911 ; 12.911 ; 12.911 ; 12.911 ;
; A[0]       ; Produkt[12] ; 12.913 ; 12.913 ; 12.913 ; 12.913 ;
; A[0]       ; Produkt[13] ; 12.924 ; 12.924 ; 12.924 ; 12.924 ;
; A[0]       ; Produkt[14] ; 12.926 ; 12.926 ; 12.926 ; 12.926 ;
; A[0]       ; Produkt[15] ; 13.294 ; 13.294 ; 13.294 ; 13.294 ;
; A[1]       ; Produkt[1]  ; 9.744  ; 9.744  ; 9.744  ; 9.744  ;
; A[1]       ; Produkt[2]  ; 9.541  ; 9.541  ; 9.541  ; 9.541  ;
; A[1]       ; Produkt[3]  ; 10.403 ; 10.403 ; 10.403 ; 10.403 ;
; A[1]       ; Produkt[4]  ; 10.416 ; 10.416 ; 10.416 ; 10.416 ;
; A[1]       ; Produkt[5]  ; 10.191 ; 10.191 ; 10.191 ; 10.191 ;
; A[1]       ; Produkt[6]  ; 9.905  ; 9.905  ; 9.905  ; 9.905  ;
; A[1]       ; Produkt[7]  ; 9.900  ; 9.900  ; 9.900  ; 9.900  ;
; A[1]       ; Produkt[8]  ; 10.102 ; 10.102 ; 10.102 ; 10.102 ;
; A[1]       ; Produkt[9]  ; 9.008  ; 9.008  ; 9.008  ; 9.008  ;
; A[1]       ; Produkt[10] ; 9.025  ; 9.025  ; 9.025  ; 9.025  ;
; A[1]       ; Produkt[11] ; 9.022  ; 9.022  ; 9.022  ; 9.022  ;
; A[1]       ; Produkt[12] ; 9.024  ; 9.024  ; 9.024  ; 9.024  ;
; A[1]       ; Produkt[13] ; 9.035  ; 9.035  ; 9.035  ; 9.035  ;
; A[1]       ; Produkt[14] ; 9.037  ; 9.037  ; 9.037  ; 9.037  ;
; A[1]       ; Produkt[15] ; 9.405  ; 9.405  ; 9.405  ; 9.405  ;
; A[2]       ; Produkt[2]  ; 9.518  ; 9.518  ; 9.518  ; 9.518  ;
; A[2]       ; Produkt[3]  ; 10.380 ; 10.380 ; 10.380 ; 10.380 ;
; A[2]       ; Produkt[4]  ; 10.393 ; 10.393 ; 10.393 ; 10.393 ;
; A[2]       ; Produkt[5]  ; 10.168 ; 10.168 ; 10.168 ; 10.168 ;
; A[2]       ; Produkt[6]  ; 9.882  ; 9.882  ; 9.882  ; 9.882  ;
; A[2]       ; Produkt[7]  ; 9.877  ; 9.877  ; 9.877  ; 9.877  ;
; A[2]       ; Produkt[8]  ; 10.079 ; 10.079 ; 10.079 ; 10.079 ;
; A[2]       ; Produkt[9]  ; 8.985  ; 8.985  ; 8.985  ; 8.985  ;
; A[2]       ; Produkt[10] ; 9.002  ; 9.002  ; 9.002  ; 9.002  ;
; A[2]       ; Produkt[11] ; 8.999  ; 8.999  ; 8.999  ; 8.999  ;
; A[2]       ; Produkt[12] ; 9.001  ; 9.001  ; 9.001  ; 9.001  ;
; A[2]       ; Produkt[13] ; 9.012  ; 9.012  ; 9.012  ; 9.012  ;
; A[2]       ; Produkt[14] ; 9.014  ; 9.014  ; 9.014  ; 9.014  ;
; A[2]       ; Produkt[15] ; 9.382  ; 9.382  ; 9.382  ; 9.382  ;
; A[3]       ; Produkt[3]  ; 10.434 ; 10.434 ; 10.434 ; 10.434 ;
; A[3]       ; Produkt[4]  ; 10.447 ; 10.447 ; 10.447 ; 10.447 ;
; A[3]       ; Produkt[5]  ; 10.222 ; 10.222 ; 10.222 ; 10.222 ;
; A[3]       ; Produkt[6]  ; 9.936  ; 9.936  ; 9.936  ; 9.936  ;
; A[3]       ; Produkt[7]  ; 9.931  ; 9.931  ; 9.931  ; 9.931  ;
; A[3]       ; Produkt[8]  ; 10.133 ; 10.133 ; 10.133 ; 10.133 ;
; A[3]       ; Produkt[9]  ; 9.039  ; 9.039  ; 9.039  ; 9.039  ;
; A[3]       ; Produkt[10] ; 9.056  ; 9.056  ; 9.056  ; 9.056  ;
; A[3]       ; Produkt[11] ; 9.053  ; 9.053  ; 9.053  ; 9.053  ;
; A[3]       ; Produkt[12] ; 9.055  ; 9.055  ; 9.055  ; 9.055  ;
; A[3]       ; Produkt[13] ; 9.066  ; 9.066  ; 9.066  ; 9.066  ;
; A[3]       ; Produkt[14] ; 9.068  ; 9.068  ; 9.068  ; 9.068  ;
; A[3]       ; Produkt[15] ; 9.436  ; 9.436  ; 9.436  ; 9.436  ;
; A[4]       ; Produkt[4]  ; 9.607  ; 9.607  ; 9.607  ; 9.607  ;
; A[4]       ; Produkt[5]  ; 9.382  ; 9.382  ; 9.382  ; 9.382  ;
; A[4]       ; Produkt[6]  ; 9.096  ; 9.096  ; 9.096  ; 9.096  ;
; A[4]       ; Produkt[7]  ; 9.091  ; 9.091  ; 9.091  ; 9.091  ;
; A[4]       ; Produkt[8]  ; 9.293  ; 9.293  ; 9.293  ; 9.293  ;
; A[4]       ; Produkt[9]  ; 8.199  ; 8.199  ; 8.199  ; 8.199  ;
; A[4]       ; Produkt[10] ; 8.216  ; 8.216  ; 8.216  ; 8.216  ;
; A[4]       ; Produkt[11] ; 8.213  ; 8.213  ; 8.213  ; 8.213  ;
; A[4]       ; Produkt[12] ; 8.215  ; 8.215  ; 8.215  ; 8.215  ;
; A[4]       ; Produkt[13] ; 8.226  ; 8.226  ; 8.226  ; 8.226  ;
; A[4]       ; Produkt[14] ; 8.228  ; 8.228  ; 8.228  ; 8.228  ;
; A[4]       ; Produkt[15] ; 8.596  ; 8.596  ; 8.596  ; 8.596  ;
; A[5]       ; Produkt[5]  ; 9.370  ; 9.370  ; 9.370  ; 9.370  ;
; A[5]       ; Produkt[6]  ; 9.084  ; 9.084  ; 9.084  ; 9.084  ;
; A[5]       ; Produkt[7]  ; 9.079  ; 9.079  ; 9.079  ; 9.079  ;
; A[5]       ; Produkt[8]  ; 9.281  ; 9.281  ; 9.281  ; 9.281  ;
; A[5]       ; Produkt[9]  ; 8.187  ; 8.187  ; 8.187  ; 8.187  ;
; A[5]       ; Produkt[10] ; 8.204  ; 8.204  ; 8.204  ; 8.204  ;
; A[5]       ; Produkt[11] ; 8.201  ; 8.201  ; 8.201  ; 8.201  ;
; A[5]       ; Produkt[12] ; 8.203  ; 8.203  ; 8.203  ; 8.203  ;
; A[5]       ; Produkt[13] ; 8.214  ; 8.214  ; 8.214  ; 8.214  ;
; A[5]       ; Produkt[14] ; 8.216  ; 8.216  ; 8.216  ; 8.216  ;
; A[5]       ; Produkt[15] ; 8.584  ; 8.584  ; 8.584  ; 8.584  ;
; A[6]       ; Produkt[6]  ; 9.138  ; 9.138  ; 9.138  ; 9.138  ;
; A[6]       ; Produkt[7]  ; 9.133  ; 9.133  ; 9.133  ; 9.133  ;
; A[6]       ; Produkt[8]  ; 9.335  ; 9.335  ; 9.335  ; 9.335  ;
; A[6]       ; Produkt[9]  ; 8.241  ; 8.241  ; 8.241  ; 8.241  ;
; A[6]       ; Produkt[10] ; 8.258  ; 8.258  ; 8.258  ; 8.258  ;
; A[6]       ; Produkt[11] ; 8.255  ; 8.255  ; 8.255  ; 8.255  ;
; A[6]       ; Produkt[12] ; 8.257  ; 8.257  ; 8.257  ; 8.257  ;
; A[6]       ; Produkt[13] ; 8.268  ; 8.268  ; 8.268  ; 8.268  ;
; A[6]       ; Produkt[14] ; 8.270  ; 8.270  ; 8.270  ; 8.270  ;
; A[6]       ; Produkt[15] ; 8.638  ; 8.638  ; 8.638  ; 8.638  ;
; A[7]       ; Produkt[7]  ; 9.057  ; 9.057  ; 9.057  ; 9.057  ;
; A[7]       ; Produkt[8]  ; 9.259  ; 9.259  ; 9.259  ; 9.259  ;
; A[7]       ; Produkt[9]  ; 8.165  ; 8.165  ; 8.165  ; 8.165  ;
; A[7]       ; Produkt[10] ; 8.182  ; 8.182  ; 8.182  ; 8.182  ;
; A[7]       ; Produkt[11] ; 8.179  ; 8.179  ; 8.179  ; 8.179  ;
; A[7]       ; Produkt[12] ; 8.181  ; 8.181  ; 8.181  ; 8.181  ;
; A[7]       ; Produkt[13] ; 8.192  ; 8.192  ; 8.192  ; 8.192  ;
; A[7]       ; Produkt[14] ; 8.194  ; 8.194  ; 8.194  ; 8.194  ;
; A[7]       ; Produkt[15] ; 8.562  ; 8.562  ; 8.562  ; 8.562  ;
; B[0]       ; Produkt[0]  ; 9.684  ; 9.684  ; 9.684  ; 9.684  ;
; B[0]       ; Produkt[1]  ; 10.008 ; 10.008 ; 10.008 ; 10.008 ;
; B[0]       ; Produkt[2]  ; 9.805  ; 9.805  ; 9.805  ; 9.805  ;
; B[0]       ; Produkt[3]  ; 10.667 ; 10.667 ; 10.667 ; 10.667 ;
; B[0]       ; Produkt[4]  ; 10.680 ; 10.680 ; 10.680 ; 10.680 ;
; B[0]       ; Produkt[5]  ; 10.455 ; 10.455 ; 10.455 ; 10.455 ;
; B[0]       ; Produkt[6]  ; 10.169 ; 10.169 ; 10.169 ; 10.169 ;
; B[0]       ; Produkt[7]  ; 10.164 ; 10.164 ; 10.164 ; 10.164 ;
; B[0]       ; Produkt[8]  ; 10.366 ; 10.366 ; 10.366 ; 10.366 ;
; B[0]       ; Produkt[9]  ; 9.272  ; 9.272  ; 9.272  ; 9.272  ;
; B[0]       ; Produkt[10] ; 9.289  ; 9.289  ; 9.289  ; 9.289  ;
; B[0]       ; Produkt[11] ; 9.286  ; 9.286  ; 9.286  ; 9.286  ;
; B[0]       ; Produkt[12] ; 9.288  ; 9.288  ; 9.288  ; 9.288  ;
; B[0]       ; Produkt[13] ; 9.299  ; 9.299  ; 9.299  ; 9.299  ;
; B[0]       ; Produkt[14] ; 9.301  ; 9.301  ; 9.301  ; 9.301  ;
; B[0]       ; Produkt[15] ; 9.669  ; 9.669  ; 9.669  ; 9.669  ;
; B[1]       ; Produkt[1]  ; 10.254 ; 10.254 ; 10.254 ; 10.254 ;
; B[1]       ; Produkt[2]  ; 10.051 ; 10.051 ; 10.051 ; 10.051 ;
; B[1]       ; Produkt[3]  ; 10.913 ; 10.913 ; 10.913 ; 10.913 ;
; B[1]       ; Produkt[4]  ; 10.926 ; 10.926 ; 10.926 ; 10.926 ;
; B[1]       ; Produkt[5]  ; 10.701 ; 10.701 ; 10.701 ; 10.701 ;
; B[1]       ; Produkt[6]  ; 10.415 ; 10.415 ; 10.415 ; 10.415 ;
; B[1]       ; Produkt[7]  ; 10.410 ; 10.410 ; 10.410 ; 10.410 ;
; B[1]       ; Produkt[8]  ; 10.612 ; 10.612 ; 10.612 ; 10.612 ;
; B[1]       ; Produkt[9]  ; 9.518  ; 9.518  ; 9.518  ; 9.518  ;
; B[1]       ; Produkt[10] ; 9.535  ; 9.535  ; 9.535  ; 9.535  ;
; B[1]       ; Produkt[11] ; 9.532  ; 9.532  ; 9.532  ; 9.532  ;
; B[1]       ; Produkt[12] ; 9.534  ; 9.534  ; 9.534  ; 9.534  ;
; B[1]       ; Produkt[13] ; 9.545  ; 9.545  ; 9.545  ; 9.545  ;
; B[1]       ; Produkt[14] ; 9.547  ; 9.547  ; 9.547  ; 9.547  ;
; B[1]       ; Produkt[15] ; 9.915  ; 9.915  ; 9.915  ; 9.915  ;
; B[2]       ; Produkt[2]  ; 10.200 ; 10.200 ; 10.200 ; 10.200 ;
; B[2]       ; Produkt[3]  ; 11.062 ; 11.062 ; 11.062 ; 11.062 ;
; B[2]       ; Produkt[4]  ; 11.075 ; 11.075 ; 11.075 ; 11.075 ;
; B[2]       ; Produkt[5]  ; 10.850 ; 10.850 ; 10.850 ; 10.850 ;
; B[2]       ; Produkt[6]  ; 10.564 ; 10.564 ; 10.564 ; 10.564 ;
; B[2]       ; Produkt[7]  ; 10.559 ; 10.559 ; 10.559 ; 10.559 ;
; B[2]       ; Produkt[8]  ; 10.761 ; 10.761 ; 10.761 ; 10.761 ;
; B[2]       ; Produkt[9]  ; 9.667  ; 9.667  ; 9.667  ; 9.667  ;
; B[2]       ; Produkt[10] ; 9.684  ; 9.684  ; 9.684  ; 9.684  ;
; B[2]       ; Produkt[11] ; 9.681  ; 9.681  ; 9.681  ; 9.681  ;
; B[2]       ; Produkt[12] ; 9.683  ; 9.683  ; 9.683  ; 9.683  ;
; B[2]       ; Produkt[13] ; 9.694  ; 9.694  ; 9.694  ; 9.694  ;
; B[2]       ; Produkt[14] ; 9.696  ; 9.696  ; 9.696  ; 9.696  ;
; B[2]       ; Produkt[15] ; 10.064 ; 10.064 ; 10.064 ; 10.064 ;
; B[3]       ; Produkt[3]  ; 10.639 ; 10.639 ; 10.639 ; 10.639 ;
; B[3]       ; Produkt[4]  ; 10.652 ; 10.652 ; 10.652 ; 10.652 ;
; B[3]       ; Produkt[5]  ; 10.427 ; 10.427 ; 10.427 ; 10.427 ;
; B[3]       ; Produkt[6]  ; 10.141 ; 10.141 ; 10.141 ; 10.141 ;
; B[3]       ; Produkt[7]  ; 10.136 ; 10.136 ; 10.136 ; 10.136 ;
; B[3]       ; Produkt[8]  ; 10.338 ; 10.338 ; 10.338 ; 10.338 ;
; B[3]       ; Produkt[9]  ; 9.244  ; 9.244  ; 9.244  ; 9.244  ;
; B[3]       ; Produkt[10] ; 9.261  ; 9.261  ; 9.261  ; 9.261  ;
; B[3]       ; Produkt[11] ; 9.258  ; 9.258  ; 9.258  ; 9.258  ;
; B[3]       ; Produkt[12] ; 9.260  ; 9.260  ; 9.260  ; 9.260  ;
; B[3]       ; Produkt[13] ; 9.271  ; 9.271  ; 9.271  ; 9.271  ;
; B[3]       ; Produkt[14] ; 9.273  ; 9.273  ; 9.273  ; 9.273  ;
; B[3]       ; Produkt[15] ; 9.641  ; 9.641  ; 9.641  ; 9.641  ;
; B[4]       ; Produkt[4]  ; 10.511 ; 10.511 ; 10.511 ; 10.511 ;
; B[4]       ; Produkt[5]  ; 10.286 ; 10.286 ; 10.286 ; 10.286 ;
; B[4]       ; Produkt[6]  ; 10.000 ; 10.000 ; 10.000 ; 10.000 ;
; B[4]       ; Produkt[7]  ; 9.995  ; 9.995  ; 9.995  ; 9.995  ;
; B[4]       ; Produkt[8]  ; 10.197 ; 10.197 ; 10.197 ; 10.197 ;
; B[4]       ; Produkt[9]  ; 9.103  ; 9.103  ; 9.103  ; 9.103  ;
; B[4]       ; Produkt[10] ; 9.120  ; 9.120  ; 9.120  ; 9.120  ;
; B[4]       ; Produkt[11] ; 9.117  ; 9.117  ; 9.117  ; 9.117  ;
; B[4]       ; Produkt[12] ; 9.119  ; 9.119  ; 9.119  ; 9.119  ;
; B[4]       ; Produkt[13] ; 9.130  ; 9.130  ; 9.130  ; 9.130  ;
; B[4]       ; Produkt[14] ; 9.132  ; 9.132  ; 9.132  ; 9.132  ;
; B[4]       ; Produkt[15] ; 9.500  ; 9.500  ; 9.500  ; 9.500  ;
; B[5]       ; Produkt[5]  ; 10.355 ; 10.355 ; 10.355 ; 10.355 ;
; B[5]       ; Produkt[6]  ; 10.069 ; 10.069 ; 10.069 ; 10.069 ;
; B[5]       ; Produkt[7]  ; 10.064 ; 10.064 ; 10.064 ; 10.064 ;
; B[5]       ; Produkt[8]  ; 10.266 ; 10.266 ; 10.266 ; 10.266 ;
; B[5]       ; Produkt[9]  ; 9.172  ; 9.172  ; 9.172  ; 9.172  ;
; B[5]       ; Produkt[10] ; 9.189  ; 9.189  ; 9.189  ; 9.189  ;
; B[5]       ; Produkt[11] ; 9.186  ; 9.186  ; 9.186  ; 9.186  ;
; B[5]       ; Produkt[12] ; 9.188  ; 9.188  ; 9.188  ; 9.188  ;
; B[5]       ; Produkt[13] ; 9.199  ; 9.199  ; 9.199  ; 9.199  ;
; B[5]       ; Produkt[14] ; 9.201  ; 9.201  ; 9.201  ; 9.201  ;
; B[5]       ; Produkt[15] ; 9.569  ; 9.569  ; 9.569  ; 9.569  ;
; B[6]       ; Produkt[6]  ; 13.890 ; 13.890 ; 13.890 ; 13.890 ;
; B[6]       ; Produkt[7]  ; 13.885 ; 13.885 ; 13.885 ; 13.885 ;
; B[6]       ; Produkt[8]  ; 14.087 ; 14.087 ; 14.087 ; 14.087 ;
; B[6]       ; Produkt[9]  ; 12.993 ; 12.993 ; 12.993 ; 12.993 ;
; B[6]       ; Produkt[10] ; 13.010 ; 13.010 ; 13.010 ; 13.010 ;
; B[6]       ; Produkt[11] ; 13.007 ; 13.007 ; 13.007 ; 13.007 ;
; B[6]       ; Produkt[12] ; 13.009 ; 13.009 ; 13.009 ; 13.009 ;
; B[6]       ; Produkt[13] ; 13.020 ; 13.020 ; 13.020 ; 13.020 ;
; B[6]       ; Produkt[14] ; 13.022 ; 13.022 ; 13.022 ; 13.022 ;
; B[6]       ; Produkt[15] ; 13.390 ; 13.390 ; 13.390 ; 13.390 ;
; B[7]       ; Produkt[7]  ; 13.952 ; 13.952 ; 13.952 ; 13.952 ;
; B[7]       ; Produkt[8]  ; 14.154 ; 14.154 ; 14.154 ; 14.154 ;
; B[7]       ; Produkt[9]  ; 13.060 ; 13.060 ; 13.060 ; 13.060 ;
; B[7]       ; Produkt[10] ; 13.077 ; 13.077 ; 13.077 ; 13.077 ;
; B[7]       ; Produkt[11] ; 13.074 ; 13.074 ; 13.074 ; 13.074 ;
; B[7]       ; Produkt[12] ; 13.076 ; 13.076 ; 13.076 ; 13.076 ;
; B[7]       ; Produkt[13] ; 13.087 ; 13.087 ; 13.087 ; 13.087 ;
; B[7]       ; Produkt[14] ; 13.089 ; 13.089 ; 13.089 ; 13.089 ;
; B[7]       ; Produkt[15] ; 13.457 ; 13.457 ; 13.457 ; 13.457 ;
+------------+-------------+--------+--------+--------+--------+


+----------------------------------------------------------+
; Minimum Progagation Delay                                ;
+------------+-------------+-------+-------+-------+-------+
; Input Port ; Output Port ; RR    ; RF    ; FR    ; FF    ;
+------------+-------------+-------+-------+-------+-------+
; A[0]       ; Produkt[0]  ; 6.622 ; 6.622 ; 6.622 ; 6.622 ;
; A[0]       ; Produkt[1]  ; 6.782 ; 6.782 ; 6.782 ; 6.782 ;
; A[0]       ; Produkt[2]  ; 6.697 ; 6.697 ; 6.697 ; 6.697 ;
; A[0]       ; Produkt[3]  ; 7.021 ; 7.021 ; 7.021 ; 7.021 ;
; A[0]       ; Produkt[4]  ; 7.030 ; 7.030 ; 7.030 ; 7.030 ;
; A[0]       ; Produkt[5]  ; 6.967 ; 6.967 ; 6.967 ; 6.967 ;
; A[0]       ; Produkt[6]  ; 6.832 ; 6.832 ; 6.832 ; 6.832 ;
; A[0]       ; Produkt[7]  ; 6.826 ; 6.826 ; 6.826 ; 6.826 ;
; A[0]       ; Produkt[8]  ; 6.911 ; 6.911 ; 6.911 ; 6.911 ;
; A[0]       ; Produkt[9]  ; 6.386 ; 6.386 ; 6.386 ; 6.386 ;
; A[0]       ; Produkt[10] ; 6.401 ; 6.401 ; 6.401 ; 6.401 ;
; A[0]       ; Produkt[11] ; 6.399 ; 6.399 ; 6.399 ; 6.399 ;
; A[0]       ; Produkt[12] ; 6.400 ; 6.400 ; 6.400 ; 6.400 ;
; A[0]       ; Produkt[13] ; 6.412 ; 6.412 ; 6.412 ; 6.412 ;
; A[0]       ; Produkt[14] ; 6.412 ; 6.412 ; 6.412 ; 6.412 ;
; A[0]       ; Produkt[15] ; 6.612 ; 6.612 ; 6.612 ; 6.612 ;
; A[1]       ; Produkt[1]  ; 4.396 ; 4.396 ; 4.396 ; 4.396 ;
; A[1]       ; Produkt[2]  ; 4.311 ; 4.311 ; 4.311 ; 4.311 ;
; A[1]       ; Produkt[3]  ; 4.635 ; 4.635 ; 4.635 ; 4.635 ;
; A[1]       ; Produkt[4]  ; 4.644 ; 4.644 ; 4.644 ; 4.644 ;
; A[1]       ; Produkt[5]  ; 4.581 ; 4.581 ; 4.581 ; 4.581 ;
; A[1]       ; Produkt[6]  ; 4.446 ; 4.446 ; 4.446 ; 4.446 ;
; A[1]       ; Produkt[7]  ; 4.440 ; 4.440 ; 4.440 ; 4.440 ;
; A[1]       ; Produkt[8]  ; 4.525 ; 4.525 ; 4.525 ; 4.525 ;
; A[1]       ; Produkt[9]  ; 4.000 ; 4.000 ; 4.000 ; 4.000 ;
; A[1]       ; Produkt[10] ; 4.015 ; 4.015 ; 4.015 ; 4.015 ;
; A[1]       ; Produkt[11] ; 4.013 ; 4.013 ; 4.013 ; 4.013 ;
; A[1]       ; Produkt[12] ; 4.014 ; 4.014 ; 4.014 ; 4.014 ;
; A[1]       ; Produkt[13] ; 4.026 ; 4.026 ; 4.026 ; 4.026 ;
; A[1]       ; Produkt[14] ; 4.026 ; 4.026 ; 4.026 ; 4.026 ;
; A[1]       ; Produkt[15] ; 4.226 ; 4.226 ; 4.226 ; 4.226 ;
; A[2]       ; Produkt[2]  ; 4.297 ; 4.297 ; 4.297 ; 4.297 ;
; A[2]       ; Produkt[3]  ; 4.621 ; 4.621 ; 4.621 ; 4.621 ;
; A[2]       ; Produkt[4]  ; 4.630 ; 4.630 ; 4.630 ; 4.630 ;
; A[2]       ; Produkt[5]  ; 4.567 ; 4.567 ; 4.567 ; 4.567 ;
; A[2]       ; Produkt[6]  ; 4.432 ; 4.432 ; 4.432 ; 4.432 ;
; A[2]       ; Produkt[7]  ; 4.426 ; 4.426 ; 4.426 ; 4.426 ;
; A[2]       ; Produkt[8]  ; 4.511 ; 4.511 ; 4.511 ; 4.511 ;
; A[2]       ; Produkt[9]  ; 3.986 ; 3.986 ; 3.986 ; 3.986 ;
; A[2]       ; Produkt[10] ; 4.001 ; 4.001 ; 4.001 ; 4.001 ;
; A[2]       ; Produkt[11] ; 3.999 ; 3.999 ; 3.999 ; 3.999 ;
; A[2]       ; Produkt[12] ; 4.000 ; 4.000 ; 4.000 ; 4.000 ;
; A[2]       ; Produkt[13] ; 4.012 ; 4.012 ; 4.012 ; 4.012 ;
; A[2]       ; Produkt[14] ; 4.012 ; 4.012 ; 4.012 ; 4.012 ;
; A[2]       ; Produkt[15] ; 4.212 ; 4.212 ; 4.212 ; 4.212 ;
; A[3]       ; Produkt[3]  ; 4.654 ; 4.654 ; 4.654 ; 4.654 ;
; A[3]       ; Produkt[4]  ; 4.663 ; 4.663 ; 4.663 ; 4.663 ;
; A[3]       ; Produkt[5]  ; 4.600 ; 4.600 ; 4.600 ; 4.600 ;
; A[3]       ; Produkt[6]  ; 4.465 ; 4.465 ; 4.465 ; 4.465 ;
; A[3]       ; Produkt[7]  ; 4.459 ; 4.459 ; 4.459 ; 4.459 ;
; A[3]       ; Produkt[8]  ; 4.544 ; 4.544 ; 4.544 ; 4.544 ;
; A[3]       ; Produkt[9]  ; 4.019 ; 4.019 ; 4.019 ; 4.019 ;
; A[3]       ; Produkt[10] ; 4.034 ; 4.034 ; 4.034 ; 4.034 ;
; A[3]       ; Produkt[11] ; 4.032 ; 4.032 ; 4.032 ; 4.032 ;
; A[3]       ; Produkt[12] ; 4.033 ; 4.033 ; 4.033 ; 4.033 ;
; A[3]       ; Produkt[13] ; 4.045 ; 4.045 ; 4.045 ; 4.045 ;
; A[3]       ; Produkt[14] ; 4.045 ; 4.045 ; 4.045 ; 4.045 ;
; A[3]       ; Produkt[15] ; 4.245 ; 4.245 ; 4.245 ; 4.245 ;
; A[4]       ; Produkt[4]  ; 4.182 ; 4.182 ; 4.182 ; 4.182 ;
; A[4]       ; Produkt[5]  ; 4.119 ; 4.119 ; 4.119 ; 4.119 ;
; A[4]       ; Produkt[6]  ; 3.984 ; 3.984 ; 3.984 ; 3.984 ;
; A[4]       ; Produkt[7]  ; 3.978 ; 3.978 ; 3.978 ; 3.978 ;
; A[4]       ; Produkt[8]  ; 4.063 ; 4.063 ; 4.063 ; 4.063 ;
; A[4]       ; Produkt[9]  ; 3.538 ; 3.538 ; 3.538 ; 3.538 ;
; A[4]       ; Produkt[10] ; 3.553 ; 3.553 ; 3.553 ; 3.553 ;
; A[4]       ; Produkt[11] ; 3.551 ; 3.551 ; 3.551 ; 3.551 ;
; A[4]       ; Produkt[12] ; 3.552 ; 3.552 ; 3.552 ; 3.552 ;
; A[4]       ; Produkt[13] ; 3.564 ; 3.564 ; 3.564 ; 3.564 ;
; A[4]       ; Produkt[14] ; 3.564 ; 3.564 ; 3.564 ; 3.564 ;
; A[4]       ; Produkt[15] ; 3.764 ; 3.764 ; 3.764 ; 3.764 ;
; A[5]       ; Produkt[5]  ; 4.113 ; 4.113 ; 4.113 ; 4.113 ;
; A[5]       ; Produkt[6]  ; 3.978 ; 3.978 ; 3.978 ; 3.978 ;
; A[5]       ; Produkt[7]  ; 3.972 ; 3.972 ; 3.972 ; 3.972 ;
; A[5]       ; Produkt[8]  ; 4.057 ; 4.057 ; 4.057 ; 4.057 ;
; A[5]       ; Produkt[9]  ; 3.532 ; 3.532 ; 3.532 ; 3.532 ;
; A[5]       ; Produkt[10] ; 3.547 ; 3.547 ; 3.547 ; 3.547 ;
; A[5]       ; Produkt[11] ; 3.545 ; 3.545 ; 3.545 ; 3.545 ;
; A[5]       ; Produkt[12] ; 3.546 ; 3.546 ; 3.546 ; 3.546 ;
; A[5]       ; Produkt[13] ; 3.558 ; 3.558 ; 3.558 ; 3.558 ;
; A[5]       ; Produkt[14] ; 3.558 ; 3.558 ; 3.558 ; 3.558 ;
; A[5]       ; Produkt[15] ; 3.758 ; 3.758 ; 3.758 ; 3.758 ;
; A[6]       ; Produkt[6]  ; 4.017 ; 4.017 ; 4.017 ; 4.017 ;
; A[6]       ; Produkt[7]  ; 4.011 ; 4.011 ; 4.011 ; 4.011 ;
; A[6]       ; Produkt[8]  ; 4.096 ; 4.096 ; 4.096 ; 4.096 ;
; A[6]       ; Produkt[9]  ; 3.571 ; 3.571 ; 3.571 ; 3.571 ;
; A[6]       ; Produkt[10] ; 3.586 ; 3.586 ; 3.586 ; 3.586 ;
; A[6]       ; Produkt[11] ; 3.584 ; 3.584 ; 3.584 ; 3.584 ;
; A[6]       ; Produkt[12] ; 3.585 ; 3.585 ; 3.585 ; 3.585 ;
; A[6]       ; Produkt[13] ; 3.597 ; 3.597 ; 3.597 ; 3.597 ;
; A[6]       ; Produkt[14] ; 3.597 ; 3.597 ; 3.597 ; 3.597 ;
; A[6]       ; Produkt[15] ; 3.797 ; 3.797 ; 3.797 ; 3.797 ;
; A[7]       ; Produkt[7]  ; 3.953 ; 3.953 ; 3.953 ; 3.953 ;
; A[7]       ; Produkt[8]  ; 4.038 ; 4.038 ; 4.038 ; 4.038 ;
; A[7]       ; Produkt[9]  ; 3.513 ; 3.513 ; 3.513 ; 3.513 ;
; A[7]       ; Produkt[10] ; 3.528 ; 3.528 ; 3.528 ; 3.528 ;
; A[7]       ; Produkt[11] ; 3.526 ; 3.526 ; 3.526 ; 3.526 ;
; A[7]       ; Produkt[12] ; 3.527 ; 3.527 ; 3.527 ; 3.527 ;
; A[7]       ; Produkt[13] ; 3.539 ; 3.539 ; 3.539 ; 3.539 ;
; A[7]       ; Produkt[14] ; 3.539 ; 3.539 ; 3.539 ; 3.539 ;
; A[7]       ; Produkt[15] ; 3.739 ; 3.739 ; 3.739 ; 3.739 ;
; B[0]       ; Produkt[0]  ; 4.281 ; 4.281 ; 4.281 ; 4.281 ;
; B[0]       ; Produkt[1]  ; 4.441 ; 4.441 ; 4.441 ; 4.441 ;
; B[0]       ; Produkt[2]  ; 4.356 ; 4.356 ; 4.356 ; 4.356 ;
; B[0]       ; Produkt[3]  ; 4.680 ; 4.680 ; 4.680 ; 4.680 ;
; B[0]       ; Produkt[4]  ; 4.689 ; 4.689 ; 4.689 ; 4.689 ;
; B[0]       ; Produkt[5]  ; 4.626 ; 4.626 ; 4.626 ; 4.626 ;
; B[0]       ; Produkt[6]  ; 4.491 ; 4.491 ; 4.491 ; 4.491 ;
; B[0]       ; Produkt[7]  ; 4.485 ; 4.485 ; 4.485 ; 4.485 ;
; B[0]       ; Produkt[8]  ; 4.570 ; 4.570 ; 4.570 ; 4.570 ;
; B[0]       ; Produkt[9]  ; 4.045 ; 4.045 ; 4.045 ; 4.045 ;
; B[0]       ; Produkt[10] ; 4.060 ; 4.060 ; 4.060 ; 4.060 ;
; B[0]       ; Produkt[11] ; 4.058 ; 4.058 ; 4.058 ; 4.058 ;
; B[0]       ; Produkt[12] ; 4.059 ; 4.059 ; 4.059 ; 4.059 ;
; B[0]       ; Produkt[13] ; 4.071 ; 4.071 ; 4.071 ; 4.071 ;
; B[0]       ; Produkt[14] ; 4.071 ; 4.071 ; 4.071 ; 4.071 ;
; B[0]       ; Produkt[15] ; 4.271 ; 4.271 ; 4.271 ; 4.271 ;
; B[1]       ; Produkt[1]  ; 4.565 ; 4.565 ; 4.565 ; 4.565 ;
; B[1]       ; Produkt[2]  ; 4.480 ; 4.480 ; 4.480 ; 4.480 ;
; B[1]       ; Produkt[3]  ; 4.804 ; 4.804 ; 4.804 ; 4.804 ;
; B[1]       ; Produkt[4]  ; 4.813 ; 4.813 ; 4.813 ; 4.813 ;
; B[1]       ; Produkt[5]  ; 4.750 ; 4.750 ; 4.750 ; 4.750 ;
; B[1]       ; Produkt[6]  ; 4.615 ; 4.615 ; 4.615 ; 4.615 ;
; B[1]       ; Produkt[7]  ; 4.609 ; 4.609 ; 4.609 ; 4.609 ;
; B[1]       ; Produkt[8]  ; 4.694 ; 4.694 ; 4.694 ; 4.694 ;
; B[1]       ; Produkt[9]  ; 4.169 ; 4.169 ; 4.169 ; 4.169 ;
; B[1]       ; Produkt[10] ; 4.184 ; 4.184 ; 4.184 ; 4.184 ;
; B[1]       ; Produkt[11] ; 4.182 ; 4.182 ; 4.182 ; 4.182 ;
; B[1]       ; Produkt[12] ; 4.183 ; 4.183 ; 4.183 ; 4.183 ;
; B[1]       ; Produkt[13] ; 4.195 ; 4.195 ; 4.195 ; 4.195 ;
; B[1]       ; Produkt[14] ; 4.195 ; 4.195 ; 4.195 ; 4.195 ;
; B[1]       ; Produkt[15] ; 4.395 ; 4.395 ; 4.395 ; 4.395 ;
; B[2]       ; Produkt[2]  ; 4.578 ; 4.578 ; 4.578 ; 4.578 ;
; B[2]       ; Produkt[3]  ; 4.902 ; 4.902 ; 4.902 ; 4.902 ;
; B[2]       ; Produkt[4]  ; 4.911 ; 4.911 ; 4.911 ; 4.911 ;
; B[2]       ; Produkt[5]  ; 4.848 ; 4.848 ; 4.848 ; 4.848 ;
; B[2]       ; Produkt[6]  ; 4.713 ; 4.713 ; 4.713 ; 4.713 ;
; B[2]       ; Produkt[7]  ; 4.707 ; 4.707 ; 4.707 ; 4.707 ;
; B[2]       ; Produkt[8]  ; 4.792 ; 4.792 ; 4.792 ; 4.792 ;
; B[2]       ; Produkt[9]  ; 4.267 ; 4.267 ; 4.267 ; 4.267 ;
; B[2]       ; Produkt[10] ; 4.282 ; 4.282 ; 4.282 ; 4.282 ;
; B[2]       ; Produkt[11] ; 4.280 ; 4.280 ; 4.280 ; 4.280 ;
; B[2]       ; Produkt[12] ; 4.281 ; 4.281 ; 4.281 ; 4.281 ;
; B[2]       ; Produkt[13] ; 4.293 ; 4.293 ; 4.293 ; 4.293 ;
; B[2]       ; Produkt[14] ; 4.293 ; 4.293 ; 4.293 ; 4.293 ;
; B[2]       ; Produkt[15] ; 4.493 ; 4.493 ; 4.493 ; 4.493 ;
; B[3]       ; Produkt[3]  ; 4.613 ; 4.613 ; 4.613 ; 4.613 ;
; B[3]       ; Produkt[4]  ; 4.622 ; 4.622 ; 4.622 ; 4.622 ;
; B[3]       ; Produkt[5]  ; 4.559 ; 4.559 ; 4.559 ; 4.559 ;
; B[3]       ; Produkt[6]  ; 4.424 ; 4.424 ; 4.424 ; 4.424 ;
; B[3]       ; Produkt[7]  ; 4.418 ; 4.418 ; 4.418 ; 4.418 ;
; B[3]       ; Produkt[8]  ; 4.503 ; 4.503 ; 4.503 ; 4.503 ;
; B[3]       ; Produkt[9]  ; 3.978 ; 3.978 ; 3.978 ; 3.978 ;
; B[3]       ; Produkt[10] ; 3.993 ; 3.993 ; 3.993 ; 3.993 ;
; B[3]       ; Produkt[11] ; 3.991 ; 3.991 ; 3.991 ; 3.991 ;
; B[3]       ; Produkt[12] ; 3.992 ; 3.992 ; 3.992 ; 3.992 ;
; B[3]       ; Produkt[13] ; 4.004 ; 4.004 ; 4.004 ; 4.004 ;
; B[3]       ; Produkt[14] ; 4.004 ; 4.004 ; 4.004 ; 4.004 ;
; B[3]       ; Produkt[15] ; 4.204 ; 4.204 ; 4.204 ; 4.204 ;
; B[4]       ; Produkt[4]  ; 4.542 ; 4.542 ; 4.542 ; 4.542 ;
; B[4]       ; Produkt[5]  ; 4.479 ; 4.479 ; 4.479 ; 4.479 ;
; B[4]       ; Produkt[6]  ; 4.344 ; 4.344 ; 4.344 ; 4.344 ;
; B[4]       ; Produkt[7]  ; 4.338 ; 4.338 ; 4.338 ; 4.338 ;
; B[4]       ; Produkt[8]  ; 4.423 ; 4.423 ; 4.423 ; 4.423 ;
; B[4]       ; Produkt[9]  ; 3.898 ; 3.898 ; 3.898 ; 3.898 ;
; B[4]       ; Produkt[10] ; 3.913 ; 3.913 ; 3.913 ; 3.913 ;
; B[4]       ; Produkt[11] ; 3.911 ; 3.911 ; 3.911 ; 3.911 ;
; B[4]       ; Produkt[12] ; 3.912 ; 3.912 ; 3.912 ; 3.912 ;
; B[4]       ; Produkt[13] ; 3.924 ; 3.924 ; 3.924 ; 3.924 ;
; B[4]       ; Produkt[14] ; 3.924 ; 3.924 ; 3.924 ; 3.924 ;
; B[4]       ; Produkt[15] ; 4.124 ; 4.124 ; 4.124 ; 4.124 ;
; B[5]       ; Produkt[5]  ; 4.525 ; 4.525 ; 4.525 ; 4.525 ;
; B[5]       ; Produkt[6]  ; 4.390 ; 4.390 ; 4.390 ; 4.390 ;
; B[5]       ; Produkt[7]  ; 4.384 ; 4.384 ; 4.384 ; 4.384 ;
; B[5]       ; Produkt[8]  ; 4.469 ; 4.469 ; 4.469 ; 4.469 ;
; B[5]       ; Produkt[9]  ; 3.944 ; 3.944 ; 3.944 ; 3.944 ;
; B[5]       ; Produkt[10] ; 3.959 ; 3.959 ; 3.959 ; 3.959 ;
; B[5]       ; Produkt[11] ; 3.957 ; 3.957 ; 3.957 ; 3.957 ;
; B[5]       ; Produkt[12] ; 3.958 ; 3.958 ; 3.958 ; 3.958 ;
; B[5]       ; Produkt[13] ; 3.970 ; 3.970 ; 3.970 ; 3.970 ;
; B[5]       ; Produkt[14] ; 3.970 ; 3.970 ; 3.970 ; 3.970 ;
; B[5]       ; Produkt[15] ; 4.170 ; 4.170 ; 4.170 ; 4.170 ;
; B[6]       ; Produkt[6]  ; 6.719 ; 6.719 ; 6.719 ; 6.719 ;
; B[6]       ; Produkt[7]  ; 6.713 ; 6.713 ; 6.713 ; 6.713 ;
; B[6]       ; Produkt[8]  ; 6.798 ; 6.798 ; 6.798 ; 6.798 ;
; B[6]       ; Produkt[9]  ; 6.273 ; 6.273 ; 6.273 ; 6.273 ;
; B[6]       ; Produkt[10] ; 6.288 ; 6.288 ; 6.288 ; 6.288 ;
; B[6]       ; Produkt[11] ; 6.286 ; 6.286 ; 6.286 ; 6.286 ;
; B[6]       ; Produkt[12] ; 6.287 ; 6.287 ; 6.287 ; 6.287 ;
; B[6]       ; Produkt[13] ; 6.299 ; 6.299 ; 6.299 ; 6.299 ;
; B[6]       ; Produkt[14] ; 6.299 ; 6.299 ; 6.299 ; 6.299 ;
; B[6]       ; Produkt[15] ; 6.499 ; 6.499 ; 6.499 ; 6.499 ;
; B[7]       ; Produkt[7]  ; 6.769 ; 6.769 ; 6.769 ; 6.769 ;
; B[7]       ; Produkt[8]  ; 6.854 ; 6.854 ; 6.854 ; 6.854 ;
; B[7]       ; Produkt[9]  ; 6.329 ; 6.329 ; 6.329 ; 6.329 ;
; B[7]       ; Produkt[10] ; 6.344 ; 6.344 ; 6.344 ; 6.344 ;
; B[7]       ; Produkt[11] ; 6.342 ; 6.342 ; 6.342 ; 6.342 ;
; B[7]       ; Produkt[12] ; 6.343 ; 6.343 ; 6.343 ; 6.343 ;
; B[7]       ; Produkt[13] ; 6.355 ; 6.355 ; 6.355 ; 6.355 ;
; B[7]       ; Produkt[14] ; 6.355 ; 6.355 ; 6.355 ; 6.355 ;
; B[7]       ; Produkt[15] ; 6.555 ; 6.555 ; 6.555 ; 6.555 ;
+------------+-------------+-------+-------+-------+-------+


-------------------
; Clock Transfers ;
-------------------
Nothing to report.


---------------
; Report TCCS ;
---------------
No dedicated SERDES Transmitter circuitry present in device or used in design


---------------
; Report RSKM ;
---------------
No dedicated SERDES Receiver circuitry present in device or used in design


+------------------------------------------------+
; Unconstrained Paths                            ;
+---------------------------------+-------+------+
; Property                        ; Setup ; Hold ;
+---------------------------------+-------+------+
; Illegal Clocks                  ; 0     ; 0    ;
; Unconstrained Clocks            ; 0     ; 0    ;
; Unconstrained Input Ports       ; 16    ; 16   ;
; Unconstrained Input Port Paths  ; 200   ; 200  ;
; Unconstrained Output Ports      ; 16    ; 16   ;
; Unconstrained Output Port Paths ; 200   ; 200  ;
+---------------------------------+-------+------+


+------------------------------------+
; TimeQuest Timing Analyzer Messages ;
+------------------------------------+
Info: *******************************************************************
Info: Running Quartus II 64-Bit TimeQuest Timing Analyzer
    Info: Version 13.0.1 Build 232 06/12/2013 Service Pack 1 SJ Web Edition
    Info: Processing started: Mon Mar 20 12:03:12 2023
Info: Command: quartus_sta Multiplication -c Ovelse3Multiplication
Info: qsta_default_script.tcl version: #1
Warning (20013): Ignored assignments for entity "mult_tester" -- entity does not exist in design
    Warning (20014): Assignment for entity set_instance_assignment -name DSP_BLOCK_BALANCING "LOGIC ELEMENTS" -to * -entity mult_tester was ignored
Warning (20028): Parallel compilation is not licensed and has been disabled
Info (21077): Low junction temperature is 0 degrees C
Info (21077): High junction temperature is 85 degrees C
Critical Warning (332012): Synopsys Design Constraints File file not found: 'Ovelse3Multiplication.sdc'. A Synopsys Design Constraints File is required by the TimeQuest Timing Analyzer to get proper timing constraints. Without it, the Compiler will not properly optimize the design.
Info (332142): No user constrained base clocks found in the design. Calling "derive_clocks -period 1.0"
Info (332096): The command derive_clocks did not find any clocks to derive.  No clocks were created or changed.
Warning (332068): No clocks defined in design.
Info: Found TIMEQUEST_REPORT_SCRIPT_INCLUDE_DEFAULT_ANALYSIS = ON
Info (332159): No clocks to report
Info: Analyzing Slow Model
Info (332140): No fmax paths to report
Info (332140): No Setup paths to report
Info (332140): No Hold paths to report
Info (332140): No Recovery paths to report
Info (332140): No Removal paths to report
Info (332140): No Minimum Pulse Width paths to report
Info (332001): The selected device family is not supported by the report_metastability command.
Info: Analyzing Fast Model
Info (332142): No user constrained base clocks found in the design. Calling "derive_clocks -period 1.0"
Info (332096): The command derive_clocks did not find any clocks to derive.  No clocks were created or changed.
Warning (332068): No clocks defined in design.
Info (332140): No Setup paths to report
Info (332140): No Hold paths to report
Info (332140): No Recovery paths to report
Info (332140): No Removal paths to report
Info (332140): No Minimum Pulse Width paths to report
Info (332001): The selected device family is not supported by the report_metastability command.
Info (332102): Design is not fully constrained for setup requirements
Info (332102): Design is not fully constrained for hold requirements
Info: Quartus II 64-Bit TimeQuest Timing Analyzer was successful. 0 errors, 6 warnings
    Info: Peak virtual memory: 4539 megabytes
    Info: Processing ended: Mon Mar 20 12:03:14 2023
    Info: Elapsed time: 00:00:02
    Info: Total CPU time (on all processors): 00:00:01


