Analysis & Synthesis report for Ovelse3Multiplication
Mon Mar 20 13:13:37 2023
Quartus II 64-Bit Version 13.0.1 Build 232 06/12/2013 Service Pack 1 SJ Web Edition


---------------------
; Table of Contents ;
---------------------
  1. Legal Notice
  2. Analysis & Synthesis Summary
  3. Analysis & Synthesis Settings
  4. Parallel Compilation
  5. Analysis & Synthesis Source Files Read
  6. Analysis & Synthesis Resource Usage Summary
  7. Analysis & Synthesis Resource Utilization by Entity
  8. General Register Statistics
  9. Parameter Settings for Inferred Entity Instance: mult:mult|lpm_mult:Mult0
 10. Parameter Settings for Inferred Entity Instance: mult:mult|lpm_mult:Mult0|mult_o5t:auto_generated|alt_mac_mult:mac_mult1
 11. Parameter Settings for Inferred Entity Instance: mult:mult|lpm_mult:Mult0|mult_o5t:auto_generated|alt_mac_out:mac_out2
 12. lpm_mult Parameter Settings by Entity Instance
 13. Elapsed Time Per Partition
 14. Analysis & Synthesis Messages



----------------
; Legal Notice ;
----------------
Copyright (C) 1991-2013 Altera Corporation
Your use of Altera Corporation's design tools, logic functions 
and other software and tools, and its AMPP partner logic 
functions, and any output files from any of the foregoing 
(including device programming or simulation files), and any 
associated documentation or information are expressly subject 
to the terms and conditions of the Altera Program License 
Subscription Agreement, Altera MegaCore Function License 
Agreement, or other applicable license agreement, including, 
without limitation, that your use is for the sole purpose of 
programming logic devices manufactured by Altera and sold by 
Altera or its authorized distributors.  Please refer to the 
applicable agreement for further details.



+--------------------------------------------------------------------------------------+
; Analysis & Synthesis Summary                                                         ;
+------------------------------------+-------------------------------------------------+
; Analysis & Synthesis Status        ; Successful - Mon Mar 20 13:13:37 2023           ;
; Quartus II 64-Bit Version          ; 13.0.1 Build 232 06/12/2013 SP 1 SJ Web Edition ;
; Revision Name                      ; Ovelse3Multiplication                           ;
; Top-level Entity Name              ; mult_tester                                     ;
; Family                             ; Cyclone II                                      ;
; Total logic elements               ; 101                                             ;
;     Total combinational functions  ; 101                                             ;
;     Dedicated logic registers      ; 0                                               ;
; Total registers                    ; 0                                               ;
; Total pins                         ; 32                                              ;
; Total virtual pins                 ; 0                                               ;
; Total memory bits                  ; 0                                               ;
; Embedded Multiplier 9-bit elements ; 0                                               ;
; Total PLLs                         ; 0                                               ;
+------------------------------------+-------------------------------------------------+


+-------------------------------------------------------------------------------------------------------------------------+
; Analysis & Synthesis Settings                                                                                           ;
+----------------------------------------------------------------------------+--------------------+-----------------------+
; Option                                                                     ; Setting            ; Default Value         ;
+----------------------------------------------------------------------------+--------------------+-----------------------+
; Device                                                                     ; EP2C35F672C6       ;                       ;
; Top-level entity name                                                      ; mult_tester        ; Ovelse3Multiplication ;
; Family name                                                                ; Cyclone II         ; Cyclone IV GX         ;
; Use smart compilation                                                      ; Off                ; Off                   ;
; Enable parallel Assembler and TimeQuest Timing Analyzer during compilation ; On                 ; On                    ;
; Enable compact report table                                                ; Off                ; Off                   ;
; Restructure Multiplexers                                                   ; Auto               ; Auto                  ;
; Create Debugging Nodes for IP Cores                                        ; Off                ; Off                   ;
; Preserve fewer node names                                                  ; On                 ; On                    ;
; Disable OpenCore Plus hardware evaluation                                  ; Off                ; Off                   ;
; Verilog Version                                                            ; Verilog_2001       ; Verilog_2001          ;
; VHDL Version                                                               ; VHDL_1993          ; VHDL_1993             ;
; State Machine Processing                                                   ; Auto               ; Auto                  ;
; Safe State Machine                                                         ; Off                ; Off                   ;
; Extract Verilog State Machines                                             ; On                 ; On                    ;
; Extract VHDL State Machines                                                ; On                 ; On                    ;
; Ignore Verilog initial constructs                                          ; Off                ; Off                   ;
; Iteration limit for constant Verilog loops                                 ; 5000               ; 5000                  ;
; Iteration limit for non-constant Verilog loops                             ; 250                ; 250                   ;
; Add Pass-Through Logic to Inferred RAMs                                    ; On                 ; On                    ;
; Infer RAMs from Raw Logic                                                  ; On                 ; On                    ;
; Parallel Synthesis                                                         ; On                 ; On                    ;
; DSP Block Balancing                                                        ; Auto               ; Auto                  ;
; NOT Gate Push-Back                                                         ; On                 ; On                    ;
; Power-Up Don't Care                                                        ; On                 ; On                    ;
; Remove Redundant Logic Cells                                               ; Off                ; Off                   ;
; Remove Duplicate Registers                                                 ; On                 ; On                    ;
; Ignore CARRY Buffers                                                       ; Off                ; Off                   ;
; Ignore CASCADE Buffers                                                     ; Off                ; Off                   ;
; Ignore GLOBAL Buffers                                                      ; Off                ; Off                   ;
; Ignore ROW GLOBAL Buffers                                                  ; Off                ; Off                   ;
; Ignore LCELL Buffers                                                       ; Off                ; Off                   ;
; Ignore SOFT Buffers                                                        ; On                 ; On                    ;
; Limit AHDL Integers to 32 Bits                                             ; Off                ; Off                   ;
; Optimization Technique                                                     ; Balanced           ; Balanced              ;
; Carry Chain Length                                                         ; 70                 ; 70                    ;
; Auto Carry Chains                                                          ; On                 ; On                    ;
; Auto Open-Drain Pins                                                       ; On                 ; On                    ;
; Perform WYSIWYG Primitive Resynthesis                                      ; Off                ; Off                   ;
; Auto ROM Replacement                                                       ; On                 ; On                    ;
; Auto RAM Replacement                                                       ; On                 ; On                    ;
; Auto Shift Register Replacement                                            ; Auto               ; Auto                  ;
; Allow Shift Register Merging across Hierarchies                            ; Auto               ; Auto                  ;
; Auto Clock Enable Replacement                                              ; On                 ; On                    ;
; Strict RAM Replacement                                                     ; Off                ; Off                   ;
; Allow Synchronous Control Signals                                          ; On                 ; On                    ;
; Force Use of Synchronous Clear Signals                                     ; Off                ; Off                   ;
; Auto RAM to Logic Cell Conversion                                          ; Off                ; Off                   ;
; Auto Resource Sharing                                                      ; Off                ; Off                   ;
; Allow Any RAM Size For Recognition                                         ; Off                ; Off                   ;
; Allow Any ROM Size For Recognition                                         ; Off                ; Off                   ;
; Allow Any Shift Register Size For Recognition                              ; Off                ; Off                   ;
; Use LogicLock Constraints during Resource Balancing                        ; On                 ; On                    ;
; Ignore translate_off and synthesis_off directives                          ; Off                ; Off                   ;
; Timing-Driven Synthesis                                                    ; Off                ; Off                   ;
; Report Parameter Settings                                                  ; On                 ; On                    ;
; Report Source Assignments                                                  ; On                 ; On                    ;
; Report Connectivity Checks                                                 ; On                 ; On                    ;
; Ignore Maximum Fan-Out Assignments                                         ; Off                ; Off                   ;
; Synchronization Register Chain Length                                      ; 2                  ; 2                     ;
; PowerPlay Power Optimization                                               ; Normal compilation ; Normal compilation    ;
; HDL message level                                                          ; Level2             ; Level2                ;
; Suppress Register Optimization Related Messages                            ; Off                ; Off                   ;
; Number of Removed Registers Reported in Synthesis Report                   ; 5000               ; 5000                  ;
; Number of Swept Nodes Reported in Synthesis Report                         ; 5000               ; 5000                  ;
; Number of Inverted Registers Reported in Synthesis Report                  ; 100                ; 100                   ;
; Clock MUX Protection                                                       ; On                 ; On                    ;
; Auto Gated Clock Conversion                                                ; Off                ; Off                   ;
; Block Design Naming                                                        ; Auto               ; Auto                  ;
; SDC constraint protection                                                  ; Off                ; Off                   ;
; Synthesis Effort                                                           ; Auto               ; Auto                  ;
; Shift Register Replacement - Allow Asynchronous Clear Signal               ; On                 ; On                    ;
; Pre-Mapping Resynthesis Optimization                                       ; Off                ; Off                   ;
; Analysis & Synthesis Message Level                                         ; Medium             ; Medium                ;
; Disable Register Merging Across Hierarchies                                ; Auto               ; Auto                  ;
; Resource Aware Inference For Block RAM                                     ; On                 ; On                    ;
; Synthesis Seed                                                             ; 1                  ; 1                     ;
+----------------------------------------------------------------------------+--------------------+-----------------------+


Parallel compilation was disabled, but you have multiple processors available. Enable parallel compilation to reduce compilation time.
+-------------------------------------+
; Parallel Compilation                ;
+----------------------------+--------+
; Processors                 ; Number ;
+----------------------------+--------+
; Number detected on machine ; 4      ;
; Maximum allowed            ; 1      ;
+----------------------------+--------+


+------------------------------------------------------------------------------------------------------------------------------------------------------------------+
; Analysis & Synthesis Source Files Read                                                                                                                           ;
+----------------------------------+-----------------+------------------------------+--------------------------------------------------------------------+---------+
; File Name with User-Entered Path ; Used in Netlist ; File Type                    ; File Name with Absolute Path                                       ; Library ;
+----------------------------------+-----------------+------------------------------+--------------------------------------------------------------------+---------+
; mult.vhd                         ; yes             ; User VHDL File               ; C:/Gitte/DSD/Ovelse3Multi/mult.vhd                                 ;         ;
; mult_tester.vhd                  ; yes             ; User VHDL File               ; C:/Gitte/DSD/Ovelse3Multi/mult_tester.vhd                          ;         ;
; lpm_mult.tdf                     ; yes             ; Megafunction                 ; c:/altera/13.0sp1/quartus/libraries/megafunctions/lpm_mult.tdf     ;         ;
; aglobal130.inc                   ; yes             ; Megafunction                 ; c:/altera/13.0sp1/quartus/libraries/megafunctions/aglobal130.inc   ;         ;
; lpm_add_sub.inc                  ; yes             ; Megafunction                 ; c:/altera/13.0sp1/quartus/libraries/megafunctions/lpm_add_sub.inc  ;         ;
; multcore.inc                     ; yes             ; Megafunction                 ; c:/altera/13.0sp1/quartus/libraries/megafunctions/multcore.inc     ;         ;
; bypassff.inc                     ; yes             ; Megafunction                 ; c:/altera/13.0sp1/quartus/libraries/megafunctions/bypassff.inc     ;         ;
; altshift.inc                     ; yes             ; Megafunction                 ; c:/altera/13.0sp1/quartus/libraries/megafunctions/altshift.inc     ;         ;
; db/mult_o5t.tdf                  ; yes             ; Auto-Generated Megafunction  ; C:/Gitte/DSD/Ovelse3Multi/db/mult_o5t.tdf                          ;         ;
; alt_mac_mult.tdf                 ; yes             ; Megafunction                 ; c:/altera/13.0sp1/quartus/libraries/megafunctions/alt_mac_mult.tdf ;         ;
; lpm_mult.inc                     ; yes             ; Megafunction                 ; c:/altera/13.0sp1/quartus/libraries/megafunctions/lpm_mult.inc     ;         ;
; db/mac_mult_jng1.tdf             ; yes             ; Auto-Generated Megafunction  ; C:/Gitte/DSD/Ovelse3Multi/db/mac_mult_jng1.tdf                     ;         ;
; db/mult_bjl.tdf                  ; yes             ; Auto-Generated Megafunction  ; C:/Gitte/DSD/Ovelse3Multi/db/mult_bjl.tdf                          ;         ;
; alt_mac_out.tdf                  ; yes             ; Megafunction                 ; c:/altera/13.0sp1/quartus/libraries/megafunctions/alt_mac_out.tdf  ;         ;
; alt_zaccum.inc                   ; yes             ; Megafunction                 ; c:/altera/13.0sp1/quartus/libraries/megafunctions/alt_zaccum.inc   ;         ;
; db/mac_out_cn82.tdf              ; yes             ; Auto-Generated Megafunction  ; C:/Gitte/DSD/Ovelse3Multi/db/mac_out_cn82.tdf                      ;         ;
+----------------------------------+-----------------+------------------------------+--------------------------------------------------------------------+---------+


+-----------------------------------------------------+
; Analysis & Synthesis Resource Usage Summary         ;
+---------------------------------------------+-------+
; Resource                                    ; Usage ;
+---------------------------------------------+-------+
; Estimated Total logic elements              ; 101   ;
;                                             ;       ;
; Total combinational functions               ; 101   ;
; Logic element usage by number of LUT inputs ;       ;
;     -- 4 input functions                    ; 35    ;
;     -- 3 input functions                    ; 45    ;
;     -- <=2 input functions                  ; 21    ;
;                                             ;       ;
; Logic elements by mode                      ;       ;
;     -- normal mode                          ; 56    ;
;     -- arithmetic mode                      ; 45    ;
;                                             ;       ;
; Total registers                             ; 0     ;
;     -- Dedicated logic registers            ; 0     ;
;     -- I/O registers                        ; 0     ;
;                                             ;       ;
; I/O pins                                    ; 32    ;
; Embedded Multiplier 9-bit elements          ; 0     ;
; Maximum fan-out node                        ; SW[9] ;
; Maximum fan-out                             ; 19    ;
; Total fan-out                               ; 324   ;
; Average fan-out                             ; 2.44  ;
+---------------------------------------------+-------+


+-------------------------------------------------------------------------------------------------------------------------------------------------------------------------------------------------------------------------------------------------------------------------------------------------------------+
; Analysis & Synthesis Resource Utilization by Entity                                                                                                                                                                                                                                                         ;
+-----------------------------------------------+-------------------+--------------+-------------+--------------+---------+-----------+------+--------------+----------------------------------------------------------------------------------------------------------------------------------+--------------+
; Compilation Hierarchy Node                    ; LC Combinationals ; LC Registers ; Memory Bits ; DSP Elements ; DSP 9x9 ; DSP 18x18 ; Pins ; Virtual Pins ; Full Hierarchy Name                                                                                                              ; Library Name ;
+-----------------------------------------------+-------------------+--------------+-------------+--------------+---------+-----------+------+--------------+----------------------------------------------------------------------------------------------------------------------------------+--------------+
; |mult_tester                                  ; 101 (0)           ; 0 (0)        ; 0           ; 0            ; 0       ; 0         ; 32   ; 0            ; |mult_tester                                                                                                                     ; work         ;
;    |mult:mult|                                ; 101 (0)           ; 0 (0)        ; 0           ; 0            ; 0       ; 0         ; 0    ; 0            ; |mult_tester|mult:mult                                                                                                           ; work         ;
;       |lpm_mult:Mult0|                        ; 101 (0)           ; 0 (0)        ; 0           ; 0            ; 0       ; 0         ; 0    ; 0            ; |mult_tester|mult:mult|lpm_mult:Mult0                                                                                            ; work         ;
;          |mult_o5t:auto_generated|            ; 101 (0)           ; 0 (0)        ; 0           ; 0            ; 0       ; 0         ; 0    ; 0            ; |mult_tester|mult:mult|lpm_mult:Mult0|mult_o5t:auto_generated                                                                    ; work         ;
;             |alt_mac_mult:mac_mult1|          ; 101 (0)           ; 0 (0)        ; 0           ; 0            ; 0       ; 0         ; 0    ; 0            ; |mult_tester|mult:mult|lpm_mult:Mult0|mult_o5t:auto_generated|alt_mac_mult:mac_mult1                                             ; work         ;
;                |mac_mult_jng1:auto_generated| ; 101 (0)           ; 0 (0)        ; 0           ; 0            ; 0       ; 0         ; 0    ; 0            ; |mult_tester|mult:mult|lpm_mult:Mult0|mult_o5t:auto_generated|alt_mac_mult:mac_mult1|mac_mult_jng1:auto_generated                ; work         ;
;                   |mult_bjl:mult1|            ; 101 (101)         ; 0 (0)        ; 0           ; 0            ; 0       ; 0         ; 0    ; 0            ; |mult_tester|mult:mult|lpm_mult:Mult0|mult_o5t:auto_generated|alt_mac_mult:mac_mult1|mac_mult_jng1:auto_generated|mult_bjl:mult1 ; work         ;
+-----------------------------------------------+-------------------+--------------+-------------+--------------+---------+-----------+------+--------------+----------------------------------------------------------------------------------------------------------------------------------+--------------+
Note: For table entries with two numbers listed, the numbers in parentheses indicate the number of resources of the given type used by the specific entity alone. The numbers listed outside of parentheses indicate the total resources of the given type used by the specific entity and all of its sub-entities in the hierarchy.


+------------------------------------------------------+
; General Register Statistics                          ;
+----------------------------------------------+-------+
; Statistic                                    ; Value ;
+----------------------------------------------+-------+
; Total registers                              ; 0     ;
; Number of registers using Synchronous Clear  ; 0     ;
; Number of registers using Synchronous Load   ; 0     ;
; Number of registers using Asynchronous Clear ; 0     ;
; Number of registers using Asynchronous Load  ; 0     ;
; Number of registers using Clock Enable       ; 0     ;
; Number of registers using Preset             ; 0     ;
+----------------------------------------------+-------+


+-----------------------------------------------------------------------------------+
; Parameter Settings for Inferred Entity Instance: mult:mult|lpm_mult:Mult0         ;
+------------------------------------------------+------------+---------------------+
; Parameter Name                                 ; Value      ; Type                ;
+------------------------------------------------+------------+---------------------+
; AUTO_CARRY_CHAINS                              ; ON         ; AUTO_CARRY          ;
; IGNORE_CARRY_BUFFERS                           ; OFF        ; IGNORE_CARRY        ;
; AUTO_CASCADE_CHAINS                            ; ON         ; AUTO_CASCADE        ;
; IGNORE_CASCADE_BUFFERS                         ; OFF        ; IGNORE_CASCADE      ;
; LPM_WIDTHA                                     ; 8          ; Untyped             ;
; LPM_WIDTHB                                     ; 8          ; Untyped             ;
; LPM_WIDTHP                                     ; 16         ; Untyped             ;
; LPM_WIDTHR                                     ; 16         ; Untyped             ;
; LPM_WIDTHS                                     ; 1          ; Untyped             ;
; LPM_REPRESENTATION                             ; UNSIGNED   ; Untyped             ;
; LPM_PIPELINE                                   ; 0          ; Untyped             ;
; LATENCY                                        ; 0          ; Untyped             ;
; INPUT_A_IS_CONSTANT                            ; NO         ; Untyped             ;
; INPUT_B_IS_CONSTANT                            ; NO         ; Untyped             ;
; USE_EAB                                        ; OFF        ; Untyped             ;
; MAXIMIZE_SPEED                                 ; 5          ; Untyped             ;
; DEVICE_FAMILY                                  ; Cyclone II ; Untyped             ;
; CARRY_CHAIN                                    ; MANUAL     ; Untyped             ;
; APEX20K_TECHNOLOGY_MAPPER                      ; LUT        ; TECH_MAPPER_APEX20K ;
; DEDICATED_MULTIPLIER_CIRCUITRY                 ; AUTO       ; Untyped             ;
; DEDICATED_MULTIPLIER_MIN_INPUT_WIDTH_FOR_AUTO  ; 0          ; Untyped             ;
; DEDICATED_MULTIPLIER_MIN_OUTPUT_WIDTH_FOR_AUTO ; 0          ; Untyped             ;
; CBXI_PARAMETER                                 ; mult_o5t   ; Untyped             ;
; INPUT_A_FIXED_VALUE                            ; Bx         ; Untyped             ;
; INPUT_B_FIXED_VALUE                            ; Bx         ; Untyped             ;
; USE_AHDL_IMPLEMENTATION                        ; OFF        ; Untyped             ;
+------------------------------------------------+------------+---------------------+
Note: In order to hide this table in the UI and the text report file, please set the "Show Parameter Settings in Synthesis Report" option in "Analysis and Synthesis Settings -> More Settings" to "Off".


+--------------------------------------------------------------------------------------------------------------------------+
; Parameter Settings for Inferred Entity Instance: mult:mult|lpm_mult:Mult0|mult_o5t:auto_generated|alt_mac_mult:mac_mult1 ;
+------------------------------+---------------+---------------------------------------------------------------------------+
; Parameter Name               ; Value         ; Type                                                                      ;
+------------------------------+---------------+---------------------------------------------------------------------------+
; LPM_WIDTHS                   ; 1             ; Untyped                                                                   ;
; DATAA_WIDTH                  ; 8             ; Untyped                                                                   ;
; DATAB_WIDTH                  ; 8             ; Untyped                                                                   ;
; DATAA_CLOCK                  ; NONE          ; Untyped                                                                   ;
; DATAB_CLOCK                  ; NONE          ; Untyped                                                                   ;
; SIGNA_CLOCK                  ; NONE          ; Untyped                                                                   ;
; SIGNB_CLOCK                  ; NONE          ; Untyped                                                                   ;
; OUTPUT_CLOCK                 ; NONE          ; Untyped                                                                   ;
; DATAA_CLEAR                  ; NONE          ; Untyped                                                                   ;
; DATAB_CLEAR                  ; NONE          ; Untyped                                                                   ;
; SIGNA_CLEAR                  ; NONE          ; Untyped                                                                   ;
; SIGNB_CLEAR                  ; NONE          ; Untyped                                                                   ;
; OUTPUT_CLEAR                 ; NONE          ; Untyped                                                                   ;
; ROUND_CLOCK                  ; none          ; Untyped                                                                   ;
; ROUND_CLEAR                  ; none          ; Untyped                                                                   ;
; SATURATE_CLOCK               ; none          ; Untyped                                                                   ;
; SATURATE_CLEAR               ; none          ; Untyped                                                                   ;
; BYPASS_MULTIPLIER            ; NO            ; Untyped                                                                   ;
; DYNAMIC_SCAN_CHAIN_SUPPORTED ; NO            ; Untyped                                                                   ;
; USING_ROUNDING               ; NO            ; Untyped                                                                   ;
; USING_SATURATION             ; NO            ; Untyped                                                                   ;
; EXTRA_OUTPUT_CLOCK           ; none          ; Untyped                                                                   ;
; EXTRA_SIGNA_CLOCK            ; none          ; Untyped                                                                   ;
; EXTRA_SIGNB_CLOCK            ; none          ; Untyped                                                                   ;
; EXTRA_OUTPUT_CLEAR           ; none          ; Untyped                                                                   ;
; EXTRA_SIGNA_CLEAR            ; none          ; Untyped                                                                   ;
; EXTRA_SIGNB_CLEAR            ; none          ; Untyped                                                                   ;
; MULT_PIPELINE                ; 0             ; Untyped                                                                   ;
; MULT_CLOCK                   ; NONE          ; Untyped                                                                   ;
; MULT_CLEAR                   ; NONE          ; Untyped                                                                   ;
; MULT_REPRESENTATION_A        ; UNSIGNED      ; Untyped                                                                   ;
; MULT_REPRESENTATION_B        ; UNSIGNED      ; Untyped                                                                   ;
; MULT_INPUT_A_IS_CONSTANT     ; NO            ; Untyped                                                                   ;
; MULT_INPUT_B_IS_CONSTANT     ; NO            ; Untyped                                                                   ;
; MULT_INPUT_A_FIXED_VALUE     ; Bx            ; Untyped                                                                   ;
; MULT_INPUT_B_FIXED_VALUE     ; Bx            ; Untyped                                                                   ;
; MULT_MAXIMIZE_SPEED          ; 5             ; Untyped                                                                   ;
; CBXI_PARAMETER               ; mac_mult_jng1 ; Untyped                                                                   ;
+------------------------------+---------------+---------------------------------------------------------------------------+
Note: In order to hide this table in the UI and the text report file, please set the "Show Parameter Settings in Synthesis Report" option in "Analysis and Synthesis Settings -> More Settings" to "Off".


+------------------------------------------------------------------------------------------------------------------------+
; Parameter Settings for Inferred Entity Instance: mult:mult|lpm_mult:Mult0|mult_o5t:auto_generated|alt_mac_out:mac_out2 ;
+-------------------------------+--------------+-------------------------------------------------------------------------+
; Parameter Name                ; Value        ; Type                                                                    ;
+-------------------------------+--------------+-------------------------------------------------------------------------+
; OPERATION_MODE                ; OUTPUT_ONLY  ; Untyped                                                                 ;
; DATAA_WIDTH                   ; 16           ; Untyped                                                                 ;
; DATAB_WIDTH                   ; 0            ; Untyped                                                                 ;
; DATAC_WIDTH                   ; 0            ; Untyped                                                                 ;
; DATAD_WIDTH                   ; 0            ; Untyped                                                                 ;
; ADDNSUB0_CLOCK                ; NONE         ; Untyped                                                                 ;
; ADDNSUB1_CLOCK                ; NONE         ; Untyped                                                                 ;
; ROUND0_CLOCK                  ; none         ; Untyped                                                                 ;
; ROUND1_CLOCK                  ; none         ; Untyped                                                                 ;
; SATURATE_CLOCK                ; none         ; Untyped                                                                 ;
; MULTABSATURATE_CLOCK          ; none         ; Untyped                                                                 ;
; MULTCDSATURATE_CLOCK          ; none         ; Untyped                                                                 ;
; ZEROACC_CLOCK                 ; NONE         ; Untyped                                                                 ;
; SIGNA_CLOCK                   ; NONE         ; Untyped                                                                 ;
; SIGNB_CLOCK                   ; NONE         ; Untyped                                                                 ;
; OUTPUT_CLOCK                  ; NONE         ; Untyped                                                                 ;
; ADDNSUB0_CLEAR                ; NONE         ; Untyped                                                                 ;
; ADDNSUB1_CLEAR                ; NONE         ; Untyped                                                                 ;
; ROUND0_CLEAR                  ; none         ; Untyped                                                                 ;
; ROUND1_CLEAR                  ; none         ; Untyped                                                                 ;
; SATURATE_CLEAR                ; none         ; Untyped                                                                 ;
; MULTABSATURATE_CLEAR          ; none         ; Untyped                                                                 ;
; MULTCDSATURATE_CLEAR          ; none         ; Untyped                                                                 ;
; ZEROACC_CLEAR                 ; NONE         ; Untyped                                                                 ;
; SIGNA_CLEAR                   ; NONE         ; Untyped                                                                 ;
; SIGNB_CLEAR                   ; NONE         ; Untyped                                                                 ;
; OUTPUT_CLEAR                  ; NONE         ; Untyped                                                                 ;
; ADDNSUB0_PIPELINE_CLOCK       ; NONE         ; Untyped                                                                 ;
; ADDNSUB1_PIPELINE_CLOCK       ; NONE         ; Untyped                                                                 ;
; ROUND0_PIPELINE_CLOCK         ; none         ; Untyped                                                                 ;
; ROUND1_PIPELINE_CLOCK         ; none         ; Untyped                                                                 ;
; SATURATE_PIPELINE_CLOCK       ; none         ; Untyped                                                                 ;
; MULTABSATURATE_PIPELINE_CLOCK ; none         ; Untyped                                                                 ;
; MULTCDSATURATE_PIPELINE_CLOCK ; none         ; Untyped                                                                 ;
; ZEROACC_PIPELINE_CLOCK        ; NONE         ; Untyped                                                                 ;
; SIGNA_PIPELINE_CLOCK          ; NONE         ; Untyped                                                                 ;
; SIGNB_PIPELINE_CLOCK          ; NONE         ; Untyped                                                                 ;
; ADDNSUB0_PIPELINE_CLEAR       ; NONE         ; Untyped                                                                 ;
; ADDNSUB1_PIPELINE_CLEAR       ; NONE         ; Untyped                                                                 ;
; ROUND0_PIPELINE_CLEAR         ; none         ; Untyped                                                                 ;
; ROUND1_PIPELINE_CLEAR         ; none         ; Untyped                                                                 ;
; SATURATE_PIPELINE_CLEAR       ; none         ; Untyped                                                                 ;
; MULTABSATURATE_PIPELINE_CLEAR ; none         ; Untyped                                                                 ;
; MULTCDSATURATE_PIPELINE_CLEAR ; none         ; Untyped                                                                 ;
; ZEROACC_PIPELINE_CLEAR        ; NONE         ; Untyped                                                                 ;
; SIGNA_PIPELINE_CLEAR          ; NONE         ; Untyped                                                                 ;
; SIGNB_PIPELINE_CLEAR          ; NONE         ; Untyped                                                                 ;
; MODE0_CLOCK                   ; none         ; Untyped                                                                 ;
; MODE1_CLOCK                   ; none         ; Untyped                                                                 ;
; ZEROACC1_CLOCK                ; none         ; Untyped                                                                 ;
; SATURATE1_CLOCK               ; none         ; Untyped                                                                 ;
; OUTPUT1_CLOCK                 ; none         ; Untyped                                                                 ;
; OUTPUT2_CLOCK                 ; none         ; Untyped                                                                 ;
; OUTPUT3_CLOCK                 ; none         ; Untyped                                                                 ;
; OUTPUT4_CLOCK                 ; none         ; Untyped                                                                 ;
; OUTPUT5_CLOCK                 ; none         ; Untyped                                                                 ;
; OUTPUT6_CLOCK                 ; none         ; Untyped                                                                 ;
; OUTPUT7_CLOCK                 ; none         ; Untyped                                                                 ;
; MODE0_CLEAR                   ; none         ; Untyped                                                                 ;
; MODE1_CLEAR                   ; none         ; Untyped                                                                 ;
; ZEROACC1_CLEAR                ; none         ; Untyped                                                                 ;
; SATURATE1_CLEAR               ; none         ; Untyped                                                                 ;
; OUTPUT1_CLEAR                 ; none         ; Untyped                                                                 ;
; OUTPUT2_CLEAR                 ; none         ; Untyped                                                                 ;
; OUTPUT3_CLEAR                 ; none         ; Untyped                                                                 ;
; OUTPUT4_CLEAR                 ; none         ; Untyped                                                                 ;
; OUTPUT5_CLEAR                 ; none         ; Untyped                                                                 ;
; OUTPUT6_CLEAR                 ; none         ; Untyped                                                                 ;
; OUTPUT7_CLEAR                 ; none         ; Untyped                                                                 ;
; MODE0_PIPELINE_CLOCK          ; none         ; Untyped                                                                 ;
; MODE1_PIPELINE_CLOCK          ; none         ; Untyped                                                                 ;
; ZEROACC1_PIPELINE_CLOCK       ; none         ; Untyped                                                                 ;
; SATURATE1_PIPELINE_CLOCK      ; none         ; Untyped                                                                 ;
; MODE0_PIPELINE_CLEAR          ; none         ; Untyped                                                                 ;
; MODE1_PIPELINE_CLEAR          ; none         ; Untyped                                                                 ;
; ZEROACC1_PIPELINE_CLEAR       ; none         ; Untyped                                                                 ;
; SATURATE1_PIPELINE_CLEAR      ; none         ; Untyped                                                                 ;
; FIRST_ADDER0_CLOCK            ; NONE         ; Untyped                                                                 ;
; FIRST_ADDER1_CLOCK            ; NONE         ; Untyped                                                                 ;
; FIRST_ADDER0_CLEAR            ; NONE         ; Untyped                                                                 ;
; FIRST_ADDER1_CLEAR            ; NONE         ; Untyped                                                                 ;
; DATAA_FORCED_TO_ZERO          ; NO           ; Untyped                                                                 ;
; DATAC_FORCED_TO_ZERO          ; NO           ; Untyped                                                                 ;
; USING_ROUNDING                ; NO           ; Untyped                                                                 ;
; USING_SATURATION              ; NO           ; Untyped                                                                 ;
; USING_MULT_SATURATION         ; NO           ; Untyped                                                                 ;
; USING_LOADABLE_ACCUM          ; NO           ; Untyped                                                                 ;
; LOADABLE_ACCUM_SUPPORTED      ; NO           ; Untyped                                                                 ;
; USING_CHAINOUT                ; NO           ; Untyped                                                                 ;
; CHAININ_WIDTH                 ; 0            ; Untyped                                                                 ;
; CHAINOUT_PIPELINE_CLOCK       ; none         ; Untyped                                                                 ;
; CHAINOUT_PIPELINE_CLEAR       ; none         ; Untyped                                                                 ;
; CBXI_PARAMETER                ; mac_out_cn82 ; Untyped                                                                 ;
+-------------------------------+--------------+-------------------------------------------------------------------------+
Note: In order to hide this table in the UI and the text report file, please set the "Show Parameter Settings in Synthesis Report" option in "Analysis and Synthesis Settings -> More Settings" to "Off".


+------------------------------------------------------------------+
; lpm_mult Parameter Settings by Entity Instance                   ;
+---------------------------------------+--------------------------+
; Name                                  ; Value                    ;
+---------------------------------------+--------------------------+
; Number of entity instances            ; 1                        ;
; Entity Instance                       ; mult:mult|lpm_mult:Mult0 ;
;     -- LPM_WIDTHA                     ; 8                        ;
;     -- LPM_WIDTHB                     ; 8                        ;
;     -- LPM_WIDTHP                     ; 16                       ;
;     -- LPM_REPRESENTATION             ; UNSIGNED                 ;
;     -- INPUT_A_IS_CONSTANT            ; NO                       ;
;     -- INPUT_B_IS_CONSTANT            ; NO                       ;
;     -- USE_EAB                        ; OFF                      ;
;     -- DEDICATED_MULTIPLIER_CIRCUITRY ; AUTO                     ;
;     -- INPUT_A_FIXED_VALUE            ; Bx                       ;
;     -- INPUT_B_FIXED_VALUE            ; Bx                       ;
+---------------------------------------+--------------------------+


+-------------------------------+
; Elapsed Time Per Partition    ;
+----------------+--------------+
; Partition Name ; Elapsed Time ;
+----------------+--------------+
; Top            ; 00:00:00     ;
+----------------+--------------+


+-------------------------------+
; Analysis & Synthesis Messages ;
+-------------------------------+
Info: *******************************************************************
Info: Running Quartus II 64-Bit Analysis & Synthesis
    Info: Version 13.0.1 Build 232 06/12/2013 Service Pack 1 SJ Web Edition
    Info: Processing started: Mon Mar 20 13:13:35 2023
Info: Command: quartus_map --read_settings_files=on --write_settings_files=off Multiplication -c Ovelse3Multiplication
Warning (20028): Parallel compilation is not licensed and has been disabled
Info (12021): Found 2 design units, including 1 entities, in source file mult.vhd
    Info (12022): Found design unit 1: mult-dataflow_impl
    Info (12023): Found entity 1: mult
Info (12021): Found 2 design units, including 1 entities, in source file mult_tester.vhd
    Info (12022): Found design unit 1: mult_tester-dataflow
    Info (12023): Found entity 1: mult_tester
Info (12127): Elaborating entity "mult_tester" for the top level hierarchy
Info (12128): Elaborating entity "mult" for hierarchy "mult:mult"
Info (278001): Inferred 1 megafunctions from design logic
    Info (278003): Inferred multiplier megafunction ("lpm_mult") from the following logic: "mult:mult|Mult0"
Info (12130): Elaborated megafunction instantiation "mult:mult|lpm_mult:Mult0"
Info (12133): Instantiated megafunction "mult:mult|lpm_mult:Mult0" with the following parameter:
    Info (12134): Parameter "LPM_WIDTHA" = "8"
    Info (12134): Parameter "LPM_WIDTHB" = "8"
    Info (12134): Parameter "LPM_WIDTHP" = "16"
    Info (12134): Parameter "LPM_WIDTHR" = "16"
    Info (12134): Parameter "LPM_WIDTHS" = "1"
    Info (12134): Parameter "LPM_REPRESENTATION" = "UNSIGNED"
    Info (12134): Parameter "INPUT_A_IS_CONSTANT" = "NO"
    Info (12134): Parameter "INPUT_B_IS_CONSTANT" = "NO"
    Info (12134): Parameter "MAXIMIZE_SPEED" = "5"
Info (12021): Found 1 design units, including 1 entities, in source file db/mult_o5t.tdf
    Info (12023): Found entity 1: mult_o5t
Info (270001): Converted 1 DSP block slices
    Info (270002): Used 1 DSP blocks before DSP block balancing
        Info (270003): Used 1 DSP block slices in "Simple Multiplier (9-bit)" mode implemented in approximately 1 DSP blocks
    Info (270013): Converted the following 1 DSP block slices to logic elements
        Info (270006): DSP block slice in "Simple Multiplier (9-bit)" mode with output node "mult:mult|lpm_mult:Mult0|mult_o5t:auto_generated|mac_out2"
            Info (270004): DSP block output node "mult:mult|lpm_mult:Mult0|mult_o5t:auto_generated|mac_out2"
            Info (270005): DSP block multiplier node "mult:mult|lpm_mult:Mult0|mult_o5t:auto_generated|mac_mult1"
    Info (270002): Used 0 DSP blocks after DSP block balancing
Info (12130): Elaborated megafunction instantiation "mult:mult|lpm_mult:Mult0|mult_o5t:auto_generated|alt_mac_mult:mac_mult1"
Info (12133): Instantiated megafunction "mult:mult|lpm_mult:Mult0|mult_o5t:auto_generated|alt_mac_mult:mac_mult1" with the following parameter:
    Info (12134): Parameter "MULT_REPRESENTATION_A" = "UNSIGNED"
    Info (12134): Parameter "MULT_REPRESENTATION_B" = "UNSIGNED"
    Info (12134): Parameter "MULT_PIPELINE" = "0"
    Info (12134): Parameter "MULT_CLOCK" = "NONE"
    Info (12134): Parameter "MULT_CLEAR" = "NONE"
    Info (12134): Parameter "MULT_INPUT_A_IS_CONSTANT" = "NO"
    Info (12134): Parameter "MULT_INPUT_B_IS_CONSTANT" = "NO"
    Info (12134): Parameter "dataa_width" = "8"
    Info (12134): Parameter "datab_width" = "8"
    Info (12134): Parameter "output_width" = "16"
    Info (12134): Parameter "dataa_clock" = "NONE"
    Info (12134): Parameter "datab_clock" = "NONE"
    Info (12134): Parameter "signa_clock" = "NONE"
    Info (12134): Parameter "signb_clock" = "NONE"
    Info (12134): Parameter "output_clock" = "NONE"
    Info (12134): Parameter "dataa_clear" = "NONE"
    Info (12134): Parameter "datab_clear" = "NONE"
    Info (12134): Parameter "signa_clear" = "NONE"
    Info (12134): Parameter "signb_clear" = "NONE"
    Info (12134): Parameter "output_clear" = "NONE"
Info (12021): Found 1 design units, including 1 entities, in source file db/mac_mult_jng1.tdf
    Info (12023): Found entity 1: mac_mult_jng1
Info (12021): Found 1 design units, including 1 entities, in source file db/mult_bjl.tdf
    Info (12023): Found entity 1: mult_bjl
Info (12130): Elaborated megafunction instantiation "mult:mult|lpm_mult:Mult0|mult_o5t:auto_generated|alt_mac_out:mac_out2"
Info (12133): Instantiated megafunction "mult:mult|lpm_mult:Mult0|mult_o5t:auto_generated|alt_mac_out:mac_out2" with the following parameter:
    Info (12134): Parameter "OPERATION_MODE" = "OUTPUT_ONLY"
    Info (12134): Parameter "dataa_width" = "16"
    Info (12134): Parameter "datab_width" = "0"
    Info (12134): Parameter "datac_width" = "0"
    Info (12134): Parameter "datad_width" = "0"
    Info (12134): Parameter "output_width" = "16"
    Info (12134): Parameter "signa_clock" = "NONE"
    Info (12134): Parameter "signb_clock" = "NONE"
    Info (12134): Parameter "addnsub0_clock" = "NONE"
    Info (12134): Parameter "addnsub1_clock" = "NONE"
    Info (12134): Parameter "zeroacc_clock" = "NONE"
    Info (12134): Parameter "first_adder0_clock" = "NONE"
    Info (12134): Parameter "first_adder1_clock" = "NONE"
    Info (12134): Parameter "output_clock" = "NONE"
    Info (12134): Parameter "signa_clear" = "NONE"
    Info (12134): Parameter "signb_clear" = "NONE"
    Info (12134): Parameter "addnsub0_clear" = "NONE"
    Info (12134): Parameter "addnsub1_clear" = "NONE"
    Info (12134): Parameter "zeroacc_clear" = "NONE"
    Info (12134): Parameter "first_adder0_clear" = "NONE"
    Info (12134): Parameter "first_adder1_clear" = "NONE"
    Info (12134): Parameter "output_clear" = "NONE"
    Info (12134): Parameter "signa_pipeline_clock" = "NONE"
    Info (12134): Parameter "signb_pipeline_clock" = "NONE"
    Info (12134): Parameter "addnsub0_pipeline_clock" = "NONE"
    Info (12134): Parameter "addnsub1_pipeline_clock" = "NONE"
    Info (12134): Parameter "zeroacc_pipeline_clock" = "NONE"
    Info (12134): Parameter "signa_pipeline_clear" = "NONE"
    Info (12134): Parameter "signb_pipeline_clear" = "NONE"
    Info (12134): Parameter "addnsub0_pipeline_clear" = "NONE"
    Info (12134): Parameter "addnsub1_pipeline_clear" = "NONE"
    Info (12134): Parameter "zeroacc_pipeline_clear" = "NONE"
Info (12021): Found 1 design units, including 1 entities, in source file db/mac_out_cn82.tdf
    Info (12023): Found entity 1: mac_out_cn82
Info (13014): Ignored 148 buffer(s)
    Info (13016): Ignored 8 CARRY_SUM buffer(s)
    Info (13019): Ignored 140 SOFT buffer(s)
Info (16010): Generating hard_block partition "hard_block:auto_generated_inst"
    Info (16011): Adding 0 node(s), including 0 DDIO, 0 PLL, 0 transceiver and 0 LCELL
Info (21057): Implemented 133 device resources after synthesis - the final resource count might be different
    Info (21058): Implemented 16 input pins
    Info (21059): Implemented 16 output pins
    Info (21061): Implemented 101 logic cells
Info: Quartus II 64-Bit Analysis & Synthesis was successful. 0 errors, 1 warning
    Info: Peak virtual memory: 4648 megabytes
    Info: Processing ended: Mon Mar 20 13:13:37 2023
    Info: Elapsed time: 00:00:02
    Info: Total CPU time (on all processors): 00:00:02


