Flow report for template
Tue Feb 21 11:25:10 2023
Quartus II 64-Bit Version 13.0.1 Build 232 06/12/2013 Service Pack 1 SJ Web Edition


---------------------
; Table of Contents ;
---------------------
  1. Legal Notice
  2. Flow Summary
  3. Flow Settings
  4. Flow Non-Default Global Settings
  5. Flow Elapsed Time
  6. Flow OS Summary
  7. Flow Log
  8. Flow Messages
  9. Flow Suppressed Messages



----------------
; Legal Notice ;
----------------
Copyright (C) 1991-2013 Altera Corporation
Your use of Altera Corporation's design tools, logic functions 
and other software and tools, and its AMPP partner logic 
functions, and any output files from any of the foregoing 
(including device programming or simulation files), and any 
associated documentation or information are expressly subject 
to the terms and conditions of the Altera Program License 
Subscription Agreement, Altera MegaCore Function License 
Agreement, or other applicable license agreement, including, 
without limitation, that your use is for the sole purpose of 
programming logic devices manufactured by Altera and sold by 
Altera or its authorized distributors.  Please refer to the 
applicable agreement for further details.



+--------------------------------------------------------------------------------------+
; Flow Summary                                                                         ;
+------------------------------------+-------------------------------------------------+
; Flow Status                        ; Successful - Tue Feb 21 11:25:10 2023           ;
; Quartus II 64-Bit Version          ; 13.0.1 Build 232 06/12/2013 SP 1 SJ Web Edition ;
; Revision Name                      ; template                                        ;
; Top-level Entity Name              ; four_bit_adder_tester                           ;
; Family                             ; Cyclone II                                      ;
; Device                             ; EP2C35F672C6                                    ;
; Timing Models                      ; Final                                           ;
; Total logic elements               ; 4 / 33,216 ( < 1 % )                            ;
;     Total combinational functions  ; 4 / 33,216 ( < 1 % )                            ;
;     Dedicated logic registers      ; 0 / 33,216 ( 0 % )                              ;
; Total registers                    ; 0                                               ;
; Total pins                         ; 12 / 475 ( 3 % )                                ;
; Total virtual pins                 ; 0                                               ;
; Total memory bits                  ; 0 / 483,840 ( 0 % )                             ;
; Embedded Multiplier 9-bit elements ; 0 / 70 ( 0 % )                                  ;
; Total PLLs                         ; 0 / 4 ( 0 % )                                   ;
+------------------------------------+-------------------------------------------------+


+-----------------------------------------+
; Flow Settings                           ;
+-------------------+---------------------+
; Option            ; Setting             ;
+-------------------+---------------------+
; Start date & time ; 02/21/2023 11:20:04 ;
; Main task         ; Compilation         ;
; Revision Name     ; template            ;
+-------------------+---------------------+


+----------------------------------------------------------------------------------------------------------------------------------+
; Flow Non-Default Global Settings                                                                                                 ;
+-------------------------------------+---------------------------------------+---------------+-----------------------+------------+
; Assignment Name                     ; Value                                 ; Default Value ; Entity Name           ; Section Id ;
+-------------------------------------+---------------------------------------+---------------+-----------------------+------------+
; COMPILER_SIGNATURE_ID               ; 140926357257106.167697480410424       ; --            ; --                    ; --         ;
; MAX_CORE_JUNCTION_TEMP              ; 85                                    ; --            ; --                    ; --         ;
; MIN_CORE_JUNCTION_TEMP              ; 0                                     ; --            ; --                    ; --         ;
; PARTITION_COLOR                     ; 16764057                              ; --            ; four_bit_adder_tester ; Top        ;
; PARTITION_FITTER_PRESERVATION_LEVEL ; PLACEMENT_AND_ROUTING                 ; --            ; four_bit_adder_tester ; Top        ;
; PARTITION_NETLIST_TYPE              ; SOURCE                                ; --            ; four_bit_adder_tester ; Top        ;
; POWER_BOARD_THERMAL_MODEL           ; None (CONSERVATIVE)                   ; --            ; --                    ; --         ;
; POWER_PRESET_COOLING_SOLUTION       ; 23 MM HEAT SINK WITH 200 LFPM AIRFLOW ; --            ; --                    ; --         ;
; TOP_LEVEL_ENTITY                    ; four_bit_adder_tester                 ; template      ; --                    ; --         ;
+-------------------------------------+---------------------------------------+---------------+-----------------------+------------+


+-------------------------------------------------------------------------------------------------------------------------------+
; Flow Elapsed Time                                                                                                             ;
+---------------------------+--------------+-------------------------+---------------------+------------------------------------+
; Module Name               ; Elapsed Time ; Average Processors Used ; Peak Virtual Memory ; Total CPU Time (on all processors) ;
+---------------------------+--------------+-------------------------+---------------------+------------------------------------+
; Analysis & Synthesis      ; 00:00:02     ; 1.0                     ; 4626 MB             ; 00:00:02                           ;
; Fitter                    ; 00:00:08     ; 1.0                     ; 4869 MB             ; 00:00:06                           ;
; Assembler                 ; 00:00:02     ; 1.0                     ; 4556 MB             ; 00:00:02                           ;
; TimeQuest Timing Analyzer ; 00:00:01     ; 1.0                     ; 4534 MB             ; 00:00:01                           ;
; EDA Netlist Writer        ; 00:00:02     ; 1.0                     ; 4508 MB             ; 00:00:01                           ;
; EDA Netlist Writer        ; 00:00:02     ; 1.0                     ; 4524 MB             ; 00:00:01                           ;
; Total                     ; 00:00:17     ; --                      ; --                  ; 00:00:13                           ;
+---------------------------+--------------+-------------------------+---------------------+------------------------------------+


+----------------------------------------------------------------------------------------+
; Flow OS Summary                                                                        ;
+---------------------------+------------------+-----------+------------+----------------+
; Module Name               ; Machine Hostname ; OS Name   ; OS Version ; Processor type ;
+---------------------------+------------------+-----------+------------+----------------+
; Analysis & Synthesis      ; MTSW             ; Windows 7 ; 6.2        ; x86_64         ;
; Fitter                    ; MTSW             ; Windows 7 ; 6.2        ; x86_64         ;
; Assembler                 ; MTSW             ; Windows 7 ; 6.2        ; x86_64         ;
; TimeQuest Timing Analyzer ; MTSW             ; Windows 7 ; 6.2        ; x86_64         ;
; EDA Netlist Writer        ; MTSW             ; Windows 7 ; 6.2        ; x86_64         ;
; EDA Netlist Writer        ; MTSW             ; Windows 7 ; 6.2        ; x86_64         ;
+---------------------------+------------------+-----------+------------+----------------+


------------
; Flow Log ;
------------
quartus_map --read_settings_files=on --write_settings_files=off exercise3 -c template
quartus_fit --read_settings_files=off --write_settings_files=off exercise3 -c template
quartus_asm --read_settings_files=off --write_settings_files=off exercise3 -c template
quartus_sta exercise3 -c template
quartus_eda --gen_testbench --check_outputs=on --tool=modelsim_oem --format=verilog exercise3 -c template --vector_source=C:/dsd/Ovelse3/exercise3_template_restored/Waveform.vwf --testbench_file=./simulation/qsim/exercise3.vt
quartus_eda --functional=on --simulation=on --tool=modelsim_oem --format=verilog exercise3 -c template



