Analysis & Synthesis report for Ovelse4
Fri Mar 17 23:20:36 2023
Quartus II 64-Bit Version 13.0.1 Build 232 06/12/2013 Service Pack 1 SJ Web Edition


---------------------
; Table of Contents ;
---------------------
  1. Legal Notice
  2. Analysis & Synthesis Summary
  3. Analysis & Synthesis Settings
  4. Parallel Compilation
  5. Analysis & Synthesis Messages



----------------
; Legal Notice ;
----------------
Copyright (C) 1991-2013 Altera Corporation
Your use of Altera Corporation's design tools, logic functions 
and other software and tools, and its AMPP partner logic 
functions, and any output files from any of the foregoing 
(including device programming or simulation files), and any 
associated documentation or information are expressly subject 
to the terms and conditions of the Altera Program License 
Subscription Agreement, Altera MegaCore Function License 
Agreement, or other applicable license agreement, including, 
without limitation, that your use is for the sole purpose of 
programming logic devices manufactured by Altera and sold by 
Altera or its authorized distributors.  Please refer to the 
applicable agreement for further details.



+--------------------------------------------------------------------------------------+
; Analysis & Synthesis Summary                                                         ;
+------------------------------------+-------------------------------------------------+
; Analysis & Synthesis Status        ; Failed - Fri Mar 17 23:20:36 2023               ;
; Quartus II 64-Bit Version          ; 13.0.1 Build 232 06/12/2013 SP 1 SJ Web Edition ;
; Revision Name                      ; Ovelse4                                         ;
; Top-level Entity Name              ; hex_mux_tester                                  ;
; Family                             ; Cyclone II                                      ;
; Total logic elements               ; N/A until Partition Merge                       ;
;     Total combinational functions  ; N/A until Partition Merge                       ;
;     Dedicated logic registers      ; N/A until Partition Merge                       ;
; Total registers                    ; N/A until Partition Merge                       ;
; Total pins                         ; N/A until Partition Merge                       ;
; Total virtual pins                 ; N/A until Partition Merge                       ;
; Total memory bits                  ; N/A until Partition Merge                       ;
; Embedded Multiplier 9-bit elements ; N/A until Partition Merge                       ;
; Total PLLs                         ; N/A until Partition Merge                       ;
+------------------------------------+-------------------------------------------------+


+----------------------------------------------------------------------------------------------------------------------+
; Analysis & Synthesis Settings                                                                                        ;
+----------------------------------------------------------------------------+--------------------+--------------------+
; Option                                                                     ; Setting            ; Default Value      ;
+----------------------------------------------------------------------------+--------------------+--------------------+
; Device                                                                     ; EP2C35F672C6       ;                    ;
; Top-level entity name                                                      ; hex_mux_tester     ; Ovelse4            ;
; Family name                                                                ; Cyclone II         ; Cyclone IV GX      ;
; Use smart compilation                                                      ; Off                ; Off                ;
; Enable parallel Assembler and TimeQuest Timing Analyzer during compilation ; On                 ; On                 ;
; Enable compact report table                                                ; Off                ; Off                ;
; Restructure Multiplexers                                                   ; Auto               ; Auto               ;
; Create Debugging Nodes for IP Cores                                        ; Off                ; Off                ;
; Preserve fewer node names                                                  ; On                 ; On                 ;
; Disable OpenCore Plus hardware evaluation                                  ; Off                ; Off                ;
; Verilog Version                                                            ; Verilog_2001       ; Verilog_2001       ;
; VHDL Version                                                               ; VHDL_1993          ; VHDL_1993          ;
; State Machine Processing                                                   ; Auto               ; Auto               ;
; Safe State Machine                                                         ; Off                ; Off                ;
; Extract Verilog State Machines                                             ; On                 ; On                 ;
; Extract VHDL State Machines                                                ; On                 ; On                 ;
; Ignore Verilog initial constructs                                          ; Off                ; Off                ;
; Iteration limit for constant Verilog loops                                 ; 5000               ; 5000               ;
; Iteration limit for non-constant Verilog loops                             ; 250                ; 250                ;
; Add Pass-Through Logic to Inferred RAMs                                    ; On                 ; On                 ;
; Infer RAMs from Raw Logic                                                  ; On                 ; On                 ;
; Parallel Synthesis                                                         ; On                 ; On                 ;
; DSP Block Balancing                                                        ; Auto               ; Auto               ;
; NOT Gate Push-Back                                                         ; On                 ; On                 ;
; Power-Up Don't Care                                                        ; On                 ; On                 ;
; Remove Redundant Logic Cells                                               ; Off                ; Off                ;
; Remove Duplicate Registers                                                 ; On                 ; On                 ;
; Ignore CARRY Buffers                                                       ; Off                ; Off                ;
; Ignore CASCADE Buffers                                                     ; Off                ; Off                ;
; Ignore GLOBAL Buffers                                                      ; Off                ; Off                ;
; Ignore ROW GLOBAL Buffers                                                  ; Off                ; Off                ;
; Ignore LCELL Buffers                                                       ; Off                ; Off                ;
; Ignore SOFT Buffers                                                        ; On                 ; On                 ;
; Limit AHDL Integers to 32 Bits                                             ; Off                ; Off                ;
; Optimization Technique                                                     ; Balanced           ; Balanced           ;
; Carry Chain Length                                                         ; 70                 ; 70                 ;
; Auto Carry Chains                                                          ; On                 ; On                 ;
; Auto Open-Drain Pins                                                       ; On                 ; On                 ;
; Perform WYSIWYG Primitive Resynthesis                                      ; Off                ; Off                ;
; Auto ROM Replacement                                                       ; On                 ; On                 ;
; Auto RAM Replacement                                                       ; On                 ; On                 ;
; Auto Shift Register Replacement                                            ; Auto               ; Auto               ;
; Allow Shift Register Merging across Hierarchies                            ; Auto               ; Auto               ;
; Auto Clock Enable Replacement                                              ; On                 ; On                 ;
; Strict RAM Replacement                                                     ; Off                ; Off                ;
; Allow Synchronous Control Signals                                          ; On                 ; On                 ;
; Force Use of Synchronous Clear Signals                                     ; Off                ; Off                ;
; Auto RAM to Logic Cell Conversion                                          ; Off                ; Off                ;
; Auto Resource Sharing                                                      ; Off                ; Off                ;
; Allow Any RAM Size For Recognition                                         ; Off                ; Off                ;
; Allow Any ROM Size For Recognition                                         ; Off                ; Off                ;
; Allow Any Shift Register Size For Recognition                              ; Off                ; Off                ;
; Use LogicLock Constraints during Resource Balancing                        ; On                 ; On                 ;
; Ignore translate_off and synthesis_off directives                          ; Off                ; Off                ;
; Timing-Driven Synthesis                                                    ; Off                ; Off                ;
; Report Parameter Settings                                                  ; On                 ; On                 ;
; Report Source Assignments                                                  ; On                 ; On                 ;
; Report Connectivity Checks                                                 ; On                 ; On                 ;
; Ignore Maximum Fan-Out Assignments                                         ; Off                ; Off                ;
; Synchronization Register Chain Length                                      ; 2                  ; 2                  ;
; PowerPlay Power Optimization                                               ; Normal compilation ; Normal compilation ;
; HDL message level                                                          ; Level2             ; Level2             ;
; Suppress Register Optimization Related Messages                            ; Off                ; Off                ;
; Number of Removed Registers Reported in Synthesis Report                   ; 5000               ; 5000               ;
; Number of Swept Nodes Reported in Synthesis Report                         ; 5000               ; 5000               ;
; Number of Inverted Registers Reported in Synthesis Report                  ; 100                ; 100                ;
; Clock MUX Protection                                                       ; On                 ; On                 ;
; Auto Gated Clock Conversion                                                ; Off                ; Off                ;
; Block Design Naming                                                        ; Auto               ; Auto               ;
; SDC constraint protection                                                  ; Off                ; Off                ;
; Synthesis Effort                                                           ; Auto               ; Auto               ;
; Shift Register Replacement - Allow Asynchronous Clear Signal               ; On                 ; On                 ;
; Pre-Mapping Resynthesis Optimization                                       ; Off                ; Off                ;
; Analysis & Synthesis Message Level                                         ; Medium             ; Medium             ;
; Disable Register Merging Across Hierarchies                                ; Auto               ; Auto               ;
; Resource Aware Inference For Block RAM                                     ; On                 ; On                 ;
; Synthesis Seed                                                             ; 1                  ; 1                  ;
+----------------------------------------------------------------------------+--------------------+--------------------+


Parallel compilation was disabled, but you have multiple processors available. Enable parallel compilation to reduce compilation time.
+-------------------------------------+
; Parallel Compilation                ;
+----------------------------+--------+
; Processors                 ; Number ;
+----------------------------+--------+
; Number detected on machine ; 8      ;
; Maximum allowed            ; 1      ;
+----------------------------+--------+


+-------------------------------+
; Analysis & Synthesis Messages ;
+-------------------------------+
Info: *******************************************************************
Info: Running Quartus II 64-Bit Analysis & Synthesis
    Info: Version 13.0.1 Build 232 06/12/2013 Service Pack 1 SJ Web Edition
    Info: Processing started: Fri Mar 17 23:20:34 2023
Info: Command: quartus_map --read_settings_files=on --write_settings_files=off Ovelse4 -c Ovelse4
Warning (20028): Parallel compilation is not licensed and has been disabled
Info (12021): Found 2 design units, including 1 entities, in source file hex_mux_tester.vhd
    Info (12022): Found design unit 1: hex_mux_tester-hex_mux_tester_impl
    Info (12023): Found entity 1: hex_mux_tester
Info (12021): Found 2 design units, including 1 entities, in source file hex_mux.vhd
    Info (12022): Found design unit 1: hex_mux-hex_mux_impl
    Info (12023): Found entity 1: hex_mux
Info (12021): Found 2 design units, including 1 entities, in source file bin_to_7_seg.vhd
    Info (12022): Found design unit 1: bin_to_7_seg-bin_to_7_seg_impl
    Info (12023): Found entity 1: bin_to_7_seg
Info (12021): Found 2 design units, including 1 entities, in source file bin_to_7_seg_tester.vhd
    Info (12022): Found design unit 1: bin_to_7_seg_tester-bin_to_7_seg_tester_impl
    Info (12023): Found entity 1: bin_to_7_seg_tester
Info (12127): Elaborating entity "hex_mux_tester" for the top level hierarchy
Info (12128): Elaborating entity "hex_mux" for hierarchy "hex_mux:dut"
Error (10028): Can't resolve multiple constant drivers for net "tsseg[20]" at hex_mux.vhd(50) File: C:/Users/olive/Nextcloud/Seagate Hub/Libraries/Skole/DSD/DSD/Ovelse4/hex_mux.vhd Line: 50
Error (10029): Constant driver at hex_mux.vhd(28) File: C:/Users/olive/Nextcloud/Seagate Hub/Libraries/Skole/DSD/DSD/Ovelse4/hex_mux.vhd Line: 28
Error (10028): Can't resolve multiple constant drivers for net "tsseg[19]" at hex_mux.vhd(50) File: C:/Users/olive/Nextcloud/Seagate Hub/Libraries/Skole/DSD/DSD/Ovelse4/hex_mux.vhd Line: 50
Error (10029): Constant driver at hex_mux.vhd(26) File: C:/Users/olive/Nextcloud/Seagate Hub/Libraries/Skole/DSD/DSD/Ovelse4/hex_mux.vhd Line: 26
Error (10028): Can't resolve multiple constant drivers for net "tsseg[18]" at hex_mux.vhd(50) File: C:/Users/olive/Nextcloud/Seagate Hub/Libraries/Skole/DSD/DSD/Ovelse4/hex_mux.vhd Line: 50
Error (10028): Can't resolve multiple constant drivers for net "tsseg[17]" at hex_mux.vhd(50) File: C:/Users/olive/Nextcloud/Seagate Hub/Libraries/Skole/DSD/DSD/Ovelse4/hex_mux.vhd Line: 50
Error (10028): Can't resolve multiple constant drivers for net "tsseg[16]" at hex_mux.vhd(50) File: C:/Users/olive/Nextcloud/Seagate Hub/Libraries/Skole/DSD/DSD/Ovelse4/hex_mux.vhd Line: 50
Error (10028): Can't resolve multiple constant drivers for net "tsseg[15]" at hex_mux.vhd(50) File: C:/Users/olive/Nextcloud/Seagate Hub/Libraries/Skole/DSD/DSD/Ovelse4/hex_mux.vhd Line: 50
Error (10028): Can't resolve multiple constant drivers for net "tsseg[14]" at hex_mux.vhd(50) File: C:/Users/olive/Nextcloud/Seagate Hub/Libraries/Skole/DSD/DSD/Ovelse4/hex_mux.vhd Line: 50
Error (10028): Can't resolve multiple constant drivers for net "tsseg[13]" at hex_mux.vhd(45) File: C:/Users/olive/Nextcloud/Seagate Hub/Libraries/Skole/DSD/DSD/Ovelse4/hex_mux.vhd Line: 45
Error (10028): Can't resolve multiple constant drivers for net "tsseg[12]" at hex_mux.vhd(45) File: C:/Users/olive/Nextcloud/Seagate Hub/Libraries/Skole/DSD/DSD/Ovelse4/hex_mux.vhd Line: 45
Error (10028): Can't resolve multiple constant drivers for net "tsseg[11]" at hex_mux.vhd(45) File: C:/Users/olive/Nextcloud/Seagate Hub/Libraries/Skole/DSD/DSD/Ovelse4/hex_mux.vhd Line: 45
Error (10028): Can't resolve multiple constant drivers for net "tsseg[10]" at hex_mux.vhd(45) File: C:/Users/olive/Nextcloud/Seagate Hub/Libraries/Skole/DSD/DSD/Ovelse4/hex_mux.vhd Line: 45
Error (10028): Can't resolve multiple constant drivers for net "tsseg[9]" at hex_mux.vhd(45) File: C:/Users/olive/Nextcloud/Seagate Hub/Libraries/Skole/DSD/DSD/Ovelse4/hex_mux.vhd Line: 45
Error (10028): Can't resolve multiple constant drivers for net "tsseg[8]" at hex_mux.vhd(45) File: C:/Users/olive/Nextcloud/Seagate Hub/Libraries/Skole/DSD/DSD/Ovelse4/hex_mux.vhd Line: 45
Error (10028): Can't resolve multiple constant drivers for net "tsseg[7]" at hex_mux.vhd(45) File: C:/Users/olive/Nextcloud/Seagate Hub/Libraries/Skole/DSD/DSD/Ovelse4/hex_mux.vhd Line: 45
Error (10028): Can't resolve multiple constant drivers for net "tsseg[6]" at hex_mux.vhd(40) File: C:/Users/olive/Nextcloud/Seagate Hub/Libraries/Skole/DSD/DSD/Ovelse4/hex_mux.vhd Line: 40
Error (10028): Can't resolve multiple constant drivers for net "tsseg[5]" at hex_mux.vhd(40) File: C:/Users/olive/Nextcloud/Seagate Hub/Libraries/Skole/DSD/DSD/Ovelse4/hex_mux.vhd Line: 40
Error (10028): Can't resolve multiple constant drivers for net "tsseg[4]" at hex_mux.vhd(40) File: C:/Users/olive/Nextcloud/Seagate Hub/Libraries/Skole/DSD/DSD/Ovelse4/hex_mux.vhd Line: 40
Error (12152): Can't elaborate user hierarchy "hex_mux:dut" File: C:/Users/olive/Nextcloud/Seagate Hub/Libraries/Skole/DSD/DSD/Ovelse4/hex_mux_tester.vhd Line: 20
Error: Quartus II 64-Bit Analysis & Synthesis was unsuccessful. 20 errors, 1 warning
    Error: Peak virtual memory: 4624 megabytes
    Error: Processing ended: Fri Mar 17 23:20:36 2023
    Error: Elapsed time: 00:00:02
    Error: Total CPU time (on all processors): 00:00:01


